Args in experiment:
Namespace(random_seed=2024, is_training=1, model_id='ETTh1_336_336', model='PerioDformer', data='ETTh1', root_path='./dataset/', data_path='ETTh1.csv', features='M', target='OT', freq='h', checkpoints='./checkpoints/', seq_len=336, label_len=48, pred_len=336, w=3, C=24, mlp_num=2, d_model2=32, d_ff2=256, experiment=1, dimension=16, percent=0, fc_dropout=0.3, head_dropout=0.0, patch_len=16, stride=8, padding_patch='end', revin=1, affine=0, subtract_last=0, decomposition=0, kernel_size=25, individual=0, embed_type=0, enc_in=7, dec_in=7, c_out=7, d_model=16, n_heads=4, e_layers=3, d_layers=1, d_ff=256, moving_avg=25, factor=1, distil=True, dropout=0.3, embed='timeF', activation='gelu', output_attention=False, do_predict=False, num_workers=0, itr=1, train_epochs=60, batch_size=128, patience=100, learning_rate=0.0001, des='Exp', loss='mse', lradj='type3', pct_start=0.3, use_amp=False, use_gpu=True, gpu=0, use_multi_gpu=False, devices='0,1,2,3', test_flop=False)
Use GPU: cuda:0
>>>>>>>start training : ETTh1_336_336_PerioDformer_ETTh1_ftM_sl336_ll48_pl336_dm16_nh4_el3_dl1_df256_fc1_ebtimeF_dtTrue_Exp_3_24_2_32_256__exp1_dim16_0_0>>>>>>>>>>>>>>>>>>>>>>>>>>
train 7969
val 2545
test 2545
0
Training with all the variates.
当前GPU已分配内存：0.025186538696289062 GB
GPU已分配内存的峰值：0.4521961212158203 GB
Epoch: 1 cost time: 4.336688756942749
Epoch: 1, Steps: 62 | Train Loss: 0.7063022 Vali Loss: 1.6798382 Test Loss: 0.7230685
Validation loss decreased (inf --> 1.679838).  Saving model ...
Updating learning rate to 0.0001
0
Training with all the variates.
当前GPU已分配内存：0.025888442993164062 GB
GPU已分配内存的峰值：0.45783472061157227 GB
Epoch: 2 cost time: 2.9644060134887695
Epoch: 2, Steps: 62 | Train Loss: 0.6275827 Vali Loss: 1.3337322 Test Loss: 0.4843318
Validation loss decreased (1.679838 --> 1.333732).  Saving model ...
Updating learning rate to 0.0001
0
Training with all the variates.
当前GPU已分配内存：0.025888442993164062 GB
GPU已分配内存的峰值：0.45783472061157227 GB
Epoch: 3 cost time: 2.9898011684417725
Epoch: 3, Steps: 62 | Train Loss: 0.5178297 Vali Loss: 1.2221369 Test Loss: 0.4190898
Validation loss decreased (1.333732 --> 1.222137).  Saving model ...
Updating learning rate to 0.0001
0
Training with all the variates.
当前GPU已分配内存：0.025888442993164062 GB
GPU已分配内存的峰值：0.45783472061157227 GB
Epoch: 4 cost time: 2.989882230758667
Epoch: 4, Steps: 62 | Train Loss: 0.4920661 Vali Loss: 1.1939349 Test Loss: 0.4117851
Validation loss decreased (1.222137 --> 1.193935).  Saving model ...
Updating learning rate to 9e-05
0
Training with all the variates.
当前GPU已分配内存：0.025888442993164062 GB
GPU已分配内存的峰值：0.45783472061157227 GB
Epoch: 5 cost time: 2.964949131011963
Epoch: 5, Steps: 62 | Train Loss: 0.4842495 Vali Loss: 1.1903726 Test Loss: 0.4078990
Validation loss decreased (1.193935 --> 1.190373).  Saving model ...
Updating learning rate to 8.1e-05
0
Training with all the variates.
当前GPU已分配内存：0.025888442993164062 GB
GPU已分配内存的峰值：0.45783472061157227 GB
Epoch: 6 cost time: 2.9884393215179443
Epoch: 6, Steps: 62 | Train Loss: 0.4796932 Vali Loss: 1.1748710 Test Loss: 0.4055973
Validation loss decreased (1.190373 --> 1.174871).  Saving model ...
Updating learning rate to 7.290000000000001e-05
0
Training with all the variates.
当前GPU已分配内存：0.025888442993164062 GB
GPU已分配内存的峰值：0.45783472061157227 GB
Epoch: 7 cost time: 2.9644393920898438
Epoch: 7, Steps: 62 | Train Loss: 0.4766850 Vali Loss: 1.1794348 Test Loss: 0.4040537
EarlyStopping counter: 1 out of 100
Updating learning rate to 6.561e-05
0
Training with all the variates.
当前GPU已分配内存：0.025888442993164062 GB
GPU已分配内存的峰值：0.45783472061157227 GB
Epoch: 8 cost time: 2.9703400135040283
Epoch: 8, Steps: 62 | Train Loss: 0.4747016 Vali Loss: 1.1736289 Test Loss: 0.4029178
Validation loss decreased (1.174871 --> 1.173629).  Saving model ...
Updating learning rate to 5.904900000000001e-05
0
Training with all the variates.
当前GPU已分配内存：0.025888442993164062 GB
GPU已分配内存的峰值：0.45783472061157227 GB
Epoch: 9 cost time: 2.9738752841949463
Epoch: 9, Steps: 62 | Train Loss: 0.4728622 Vali Loss: 1.1763572 Test Loss: 0.4021737
EarlyStopping counter: 1 out of 100
Updating learning rate to 5.3144100000000005e-05
0
Training with all the variates.
当前GPU已分配内存：0.025888442993164062 GB
GPU已分配内存的峰值：0.45783472061157227 GB
Epoch: 10 cost time: 2.970013380050659
Epoch: 10, Steps: 62 | Train Loss: 0.4714004 Vali Loss: 1.1734247 Test Loss: 0.4015221
Validation loss decreased (1.173629 --> 1.173425).  Saving model ...
Updating learning rate to 4.782969000000001e-05
0
Training with all the variates.
当前GPU已分配内存：0.025888442993164062 GB
GPU已分配内存的峰值：0.45783472061157227 GB
Epoch: 11 cost time: 2.9768335819244385
Epoch: 11, Steps: 62 | Train Loss: 0.4705941 Vali Loss: 1.1696990 Test Loss: 0.4003253
Validation loss decreased (1.173425 --> 1.169699).  Saving model ...
Updating learning rate to 4.304672100000001e-05
0
Training with all the variates.
当前GPU已分配内存：0.025888442993164062 GB
GPU已分配内存的峰值：0.45783472061157227 GB
Epoch: 12 cost time: 3.050321578979492
Epoch: 12, Steps: 62 | Train Loss: 0.4693792 Vali Loss: 1.1755292 Test Loss: 0.3998993
EarlyStopping counter: 1 out of 100
Updating learning rate to 3.874204890000001e-05
0
Training with all the variates.
当前GPU已分配内存：0.025888442993164062 GB
GPU已分配内存的峰值：0.45783472061157227 GB
Epoch: 13 cost time: 3.102982997894287
Epoch: 13, Steps: 62 | Train Loss: 0.4686236 Vali Loss: 1.1707633 Test Loss: 0.3994911
EarlyStopping counter: 2 out of 100
Updating learning rate to 3.486784401000001e-05
0
Training with all the variates.
当前GPU已分配内存：0.025888442993164062 GB
GPU已分配内存的峰值：0.45783472061157227 GB
Epoch: 14 cost time: 3.029195547103882
Epoch: 14, Steps: 62 | Train Loss: 0.4677190 Vali Loss: 1.1729735 Test Loss: 0.3992629
EarlyStopping counter: 3 out of 100
Updating learning rate to 3.138105960900001e-05
0
Training with all the variates.
当前GPU已分配内存：0.025888442993164062 GB
GPU已分配内存的峰值：0.45783472061157227 GB
Epoch: 15 cost time: 3.0641908645629883
Epoch: 15, Steps: 62 | Train Loss: 0.4671179 Vali Loss: 1.1782351 Test Loss: 0.3984192
EarlyStopping counter: 4 out of 100
Updating learning rate to 2.824295364810001e-05
0
Training with all the variates.
当前GPU已分配内存：0.025888442993164062 GB
GPU已分配内存的峰值：0.45783472061157227 GB
Epoch: 16 cost time: 2.957362413406372
Epoch: 16, Steps: 62 | Train Loss: 0.4668114 Vali Loss: 1.1672633 Test Loss: 0.3979646
Validation loss decreased (1.169699 --> 1.167263).  Saving model ...
Updating learning rate to 2.541865828329001e-05
0
Training with all the variates.
当前GPU已分配内存：0.025888442993164062 GB
GPU已分配内存的峰值：0.45783472061157227 GB
Epoch: 17 cost time: 2.9716367721557617
Epoch: 17, Steps: 62 | Train Loss: 0.4661609 Vali Loss: 1.1646439 Test Loss: 0.3984645
Validation loss decreased (1.167263 --> 1.164644).  Saving model ...
Updating learning rate to 2.287679245496101e-05
0
Training with all the variates.
当前GPU已分配内存：0.025888442993164062 GB
GPU已分配内存的峰值：0.45783472061157227 GB
Epoch: 18 cost time: 2.967310667037964
Epoch: 18, Steps: 62 | Train Loss: 0.4653950 Vali Loss: 1.1705108 Test Loss: 0.3977386
EarlyStopping counter: 1 out of 100
Updating learning rate to 2.0589113209464907e-05
0
Training with all the variates.
当前GPU已分配内存：0.025888442993164062 GB
GPU已分配内存的峰值：0.45783472061157227 GB
Epoch: 19 cost time: 2.965135097503662
Epoch: 19, Steps: 62 | Train Loss: 0.4657101 Vali Loss: 1.1736860 Test Loss: 0.3976194
EarlyStopping counter: 2 out of 100
Updating learning rate to 1.8530201888518416e-05
0
Training with all the variates.
当前GPU已分配内存：0.025888442993164062 GB
GPU已分配内存的峰值：0.45783472061157227 GB
Epoch: 20 cost time: 2.960186004638672
Epoch: 20, Steps: 62 | Train Loss: 0.4652505 Vali Loss: 1.1779481 Test Loss: 0.3972812
EarlyStopping counter: 3 out of 100
Updating learning rate to 1.6677181699666577e-05
0
Training with all the variates.
当前GPU已分配内存：0.025888442993164062 GB
GPU已分配内存的峰值：0.45783472061157227 GB
Epoch: 21 cost time: 3.0437276363372803
Epoch: 21, Steps: 62 | Train Loss: 0.4648510 Vali Loss: 1.1720266 Test Loss: 0.3975370
EarlyStopping counter: 4 out of 100
Updating learning rate to 1.5009463529699919e-05
0
Training with all the variates.
当前GPU已分配内存：0.025888442993164062 GB
GPU已分配内存的峰值：0.45783472061157227 GB
Epoch: 22 cost time: 3.0895063877105713
Epoch: 22, Steps: 62 | Train Loss: 0.4646419 Vali Loss: 1.1761944 Test Loss: 0.3970321
EarlyStopping counter: 5 out of 100
Updating learning rate to 1.3508517176729929e-05
0
Training with all the variates.
当前GPU已分配内存：0.025888442993164062 GB
GPU已分配内存的峰值：0.45783472061157227 GB
Epoch: 23 cost time: 3.072059154510498
Epoch: 23, Steps: 62 | Train Loss: 0.4640657 Vali Loss: 1.1724328 Test Loss: 0.3972444
EarlyStopping counter: 6 out of 100
Updating learning rate to 1.2157665459056936e-05
0
Training with all the variates.
当前GPU已分配内存：0.025888442993164062 GB
GPU已分配内存的峰值：0.45783472061157227 GB
Epoch: 24 cost time: 3.0733044147491455
Epoch: 24, Steps: 62 | Train Loss: 0.4639758 Vali Loss: 1.1735368 Test Loss: 0.3972143
EarlyStopping counter: 7 out of 100
Updating learning rate to 1.0941898913151242e-05
0
Training with all the variates.
当前GPU已分配内存：0.025888442993164062 GB
GPU已分配内存的峰值：0.45783472061157227 GB
Epoch: 25 cost time: 3.0625929832458496
Epoch: 25, Steps: 62 | Train Loss: 0.4638709 Vali Loss: 1.1796254 Test Loss: 0.3969662
EarlyStopping counter: 8 out of 100
Updating learning rate to 9.847709021836118e-06
0
Training with all the variates.
当前GPU已分配内存：0.025888442993164062 GB
GPU已分配内存的峰值：0.45783472061157227 GB
Epoch: 26 cost time: 2.9865963459014893
Epoch: 26, Steps: 62 | Train Loss: 0.4635078 Vali Loss: 1.1748654 Test Loss: 0.3970559
EarlyStopping counter: 9 out of 100
Updating learning rate to 8.862938119652508e-06
0
Training with all the variates.
当前GPU已分配内存：0.025888442993164062 GB
GPU已分配内存的峰值：0.45783472061157227 GB
Epoch: 27 cost time: 2.9845733642578125
Epoch: 27, Steps: 62 | Train Loss: 0.4633349 Vali Loss: 1.1765507 Test Loss: 0.3967206
EarlyStopping counter: 10 out of 100
Updating learning rate to 7.976644307687255e-06
0
Training with all the variates.
当前GPU已分配内存：0.025888442993164062 GB
GPU已分配内存的峰值：0.45783472061157227 GB
Epoch: 28 cost time: 2.973834991455078
Epoch: 28, Steps: 62 | Train Loss: 0.4630890 Vali Loss: 1.1755121 Test Loss: 0.3967038
EarlyStopping counter: 11 out of 100
Updating learning rate to 7.178979876918531e-06
0
Training with all the variates.
当前GPU已分配内存：0.025888442993164062 GB
GPU已分配内存的峰值：0.45783472061157227 GB
Epoch: 29 cost time: 3.0409128665924072
Epoch: 29, Steps: 62 | Train Loss: 0.4628825 Vali Loss: 1.1752346 Test Loss: 0.3965859
EarlyStopping counter: 12 out of 100
Updating learning rate to 6.4610818892266776e-06
0
Training with all the variates.
当前GPU已分配内存：0.025888442993164062 GB
GPU已分配内存的峰值：0.45783472061157227 GB
Epoch: 30 cost time: 3.071631908416748
Epoch: 30, Steps: 62 | Train Loss: 0.4624928 Vali Loss: 1.1776828 Test Loss: 0.3965336
EarlyStopping counter: 13 out of 100
Updating learning rate to 5.8149737003040096e-06
0
Training with all the variates.
当前GPU已分配内存：0.025888442993164062 GB
GPU已分配内存的峰值：0.45783472061157227 GB
Epoch: 31 cost time: 2.9650869369506836
Epoch: 31, Steps: 62 | Train Loss: 0.4624607 Vali Loss: 1.1795945 Test Loss: 0.3968523
EarlyStopping counter: 14 out of 100
Updating learning rate to 5.23347633027361e-06
0
Training with all the variates.
当前GPU已分配内存：0.025888442993164062 GB
GPU已分配内存的峰值：0.45783472061157227 GB
Epoch: 32 cost time: 2.9955861568450928
Epoch: 32, Steps: 62 | Train Loss: 0.4624889 Vali Loss: 1.1786277 Test Loss: 0.3966793
EarlyStopping counter: 15 out of 100
Updating learning rate to 4.710128697246249e-06
0
Training with all the variates.
当前GPU已分配内存：0.025888442993164062 GB
GPU已分配内存的峰值：0.45783472061157227 GB
Epoch: 33 cost time: 2.9734034538269043
Epoch: 33, Steps: 62 | Train Loss: 0.4622119 Vali Loss: 1.1797680 Test Loss: 0.3966444
EarlyStopping counter: 16 out of 100
Updating learning rate to 4.239115827521624e-06
0
Training with all the variates.
当前GPU已分配内存：0.025888442993164062 GB
GPU已分配内存的峰值：0.45783472061157227 GB
Epoch: 34 cost time: 2.9778242111206055
Epoch: 34, Steps: 62 | Train Loss: 0.4625228 Vali Loss: 1.1786975 Test Loss: 0.3968773
EarlyStopping counter: 17 out of 100
Updating learning rate to 3.815204244769462e-06
0
Training with all the variates.
当前GPU已分配内存：0.025888442993164062 GB
GPU已分配内存的峰值：0.45783472061157227 GB
Epoch: 35 cost time: 3.0062105655670166
Epoch: 35, Steps: 62 | Train Loss: 0.4625759 Vali Loss: 1.1834918 Test Loss: 0.3970301
EarlyStopping counter: 18 out of 100
Updating learning rate to 3.4336838202925152e-06
0
Training with all the variates.
当前GPU已分配内存：0.025888442993164062 GB
GPU已分配内存的峰值：0.45783472061157227 GB
Epoch: 36 cost time: 3.0411150455474854
Epoch: 36, Steps: 62 | Train Loss: 0.4621092 Vali Loss: 1.1796604 Test Loss: 0.3964798
EarlyStopping counter: 19 out of 100
Updating learning rate to 3.090315438263264e-06
0
Training with all the variates.
当前GPU已分配内存：0.025888442993164062 GB
GPU已分配内存的峰值：0.45783472061157227 GB
Epoch: 37 cost time: 3.1141374111175537
Epoch: 37, Steps: 62 | Train Loss: 0.4624757 Vali Loss: 1.1771722 Test Loss: 0.3965029
EarlyStopping counter: 20 out of 100
Updating learning rate to 2.7812838944369375e-06
0
Training with all the variates.
当前GPU已分配内存：0.025888442993164062 GB
GPU已分配内存的峰值：0.45783472061157227 GB
Epoch: 38 cost time: 3.0199010372161865
Epoch: 38, Steps: 62 | Train Loss: 0.4619454 Vali Loss: 1.1789149 Test Loss: 0.3965392
EarlyStopping counter: 21 out of 100
Updating learning rate to 2.503155504993244e-06
0
Training with all the variates.
当前GPU已分配内存：0.025888442993164062 GB
GPU已分配内存的峰值：0.45783472061157227 GB
Epoch: 39 cost time: 2.9932861328125
Epoch: 39, Steps: 62 | Train Loss: 0.4619795 Vali Loss: 1.1800147 Test Loss: 0.3966714
EarlyStopping counter: 22 out of 100
Updating learning rate to 2.2528399544939195e-06
0
Training with all the variates.
当前GPU已分配内存：0.025888442993164062 GB
GPU已分配内存的峰值：0.45783472061157227 GB
Epoch: 40 cost time: 2.9789912700653076
Epoch: 40, Steps: 62 | Train Loss: 0.4618391 Vali Loss: 1.1761242 Test Loss: 0.3966678
EarlyStopping counter: 23 out of 100
Updating learning rate to 2.0275559590445276e-06
0
Training with all the variates.
当前GPU已分配内存：0.025888442993164062 GB
GPU已分配内存的峰值：0.45783472061157227 GB
Epoch: 41 cost time: 3.024600028991699
Epoch: 41, Steps: 62 | Train Loss: 0.4614268 Vali Loss: 1.1747967 Test Loss: 0.3969954
EarlyStopping counter: 24 out of 100
Updating learning rate to 1.8248003631400751e-06
0
Training with all the variates.
当前GPU已分配内存：0.025888442993164062 GB
GPU已分配内存的峰值：0.45783472061157227 GB
Epoch: 42 cost time: 3.0396525859832764
Epoch: 42, Steps: 62 | Train Loss: 0.4618558 Vali Loss: 1.1774435 Test Loss: 0.3964616
EarlyStopping counter: 25 out of 100
Updating learning rate to 1.6423203268260676e-06
0
Training with all the variates.
当前GPU已分配内存：0.025888442993164062 GB
GPU已分配内存的峰值：0.45783472061157227 GB
Epoch: 43 cost time: 3.0156259536743164
Epoch: 43, Steps: 62 | Train Loss: 0.4617817 Vali Loss: 1.1776968 Test Loss: 0.3968232
EarlyStopping counter: 26 out of 100
Updating learning rate to 1.4780882941434609e-06
0
Training with all the variates.
当前GPU已分配内存：0.025888442993164062 GB
GPU已分配内存的峰值：0.45783472061157227 GB
Epoch: 44 cost time: 3.009310483932495
Epoch: 44, Steps: 62 | Train Loss: 0.4614980 Vali Loss: 1.1796454 Test Loss: 0.3964348
EarlyStopping counter: 27 out of 100
Updating learning rate to 1.3302794647291146e-06
0
Training with all the variates.
当前GPU已分配内存：0.025888442993164062 GB
GPU已分配内存的峰值：0.45783472061157227 GB
Epoch: 45 cost time: 3.0383646488189697
Epoch: 45, Steps: 62 | Train Loss: 0.4613308 Vali Loss: 1.1810098 Test Loss: 0.3965344
EarlyStopping counter: 28 out of 100
Updating learning rate to 1.1972515182562034e-06
0
Training with all the variates.
当前GPU已分配内存：0.025888442993164062 GB
GPU已分配内存的峰值：0.45783472061157227 GB
Epoch: 46 cost time: 3.002662420272827
Epoch: 46, Steps: 62 | Train Loss: 0.4613766 Vali Loss: 1.1754756 Test Loss: 0.3968184
EarlyStopping counter: 29 out of 100
Updating learning rate to 1.077526366430583e-06
0
Training with all the variates.
当前GPU已分配内存：0.025888442993164062 GB
GPU已分配内存的峰值：0.45783472061157227 GB
Epoch: 47 cost time: 3.065220832824707
Epoch: 47, Steps: 62 | Train Loss: 0.4612703 Vali Loss: 1.1784168 Test Loss: 0.3965511
EarlyStopping counter: 30 out of 100
Updating learning rate to 9.697737297875248e-07
0
Training with all the variates.
当前GPU已分配内存：0.025888442993164062 GB
GPU已分配内存的峰值：0.45783472061157227 GB
Epoch: 48 cost time: 3.040959596633911
Epoch: 48, Steps: 62 | Train Loss: 0.4613440 Vali Loss: 1.1765388 Test Loss: 0.3965724
EarlyStopping counter: 31 out of 100
Updating learning rate to 8.727963568087723e-07
0
Training with all the variates.
当前GPU已分配内存：0.025888442993164062 GB
GPU已分配内存的峰值：0.45783472061157227 GB
Epoch: 49 cost time: 2.989060640335083
Epoch: 49, Steps: 62 | Train Loss: 0.4614447 Vali Loss: 1.1815870 Test Loss: 0.3966082
EarlyStopping counter: 32 out of 100
Updating learning rate to 7.855167211278951e-07
0
Training with all the variates.
当前GPU已分配内存：0.025888442993164062 GB
GPU已分配内存的峰值：0.45783472061157227 GB
Epoch: 50 cost time: 3.032914876937866
Epoch: 50, Steps: 62 | Train Loss: 0.4613470 Vali Loss: 1.1777390 Test Loss: 0.3965793
EarlyStopping counter: 33 out of 100
Updating learning rate to 7.069650490151056e-07
0
Training with all the variates.
当前GPU已分配内存：0.025888442993164062 GB
GPU已分配内存的峰值：0.45783472061157227 GB
Epoch: 51 cost time: 3.036888837814331
Epoch: 51, Steps: 62 | Train Loss: 0.4613998 Vali Loss: 1.1850476 Test Loss: 0.3964629
EarlyStopping counter: 34 out of 100
Updating learning rate to 6.36268544113595e-07
0
Training with all the variates.
当前GPU已分配内存：0.025888442993164062 GB
GPU已分配内存的峰值：0.45783472061157227 GB
Epoch: 52 cost time: 3.0595881938934326
Epoch: 52, Steps: 62 | Train Loss: 0.4613148 Vali Loss: 1.1791595 Test Loss: 0.3968697
EarlyStopping counter: 35 out of 100
Updating learning rate to 5.726416897022355e-07
0
Training with all the variates.
当前GPU已分配内存：0.025888442993164062 GB
GPU已分配内存的峰值：0.45783472061157227 GB
Epoch: 53 cost time: 3.0402352809906006
Epoch: 53, Steps: 62 | Train Loss: 0.4612398 Vali Loss: 1.1827003 Test Loss: 0.3967415
EarlyStopping counter: 36 out of 100
Updating learning rate to 5.15377520732012e-07
0
Training with all the variates.
当前GPU已分配内存：0.025888442993164062 GB
GPU已分配内存的峰值：0.45783472061157227 GB
Epoch: 54 cost time: 2.984938383102417
Epoch: 54, Steps: 62 | Train Loss: 0.4609602 Vali Loss: 1.1836427 Test Loss: 0.3966885
EarlyStopping counter: 37 out of 100
Updating learning rate to 4.6383976865881085e-07
0
Training with all the variates.
当前GPU已分配内存：0.025888442993164062 GB
GPU已分配内存的峰值：0.45783472061157227 GB
Epoch: 55 cost time: 3.00608229637146
Epoch: 55, Steps: 62 | Train Loss: 0.4613087 Vali Loss: 1.1801893 Test Loss: 0.3969343
EarlyStopping counter: 38 out of 100
Updating learning rate to 4.174557917929298e-07
0
Training with all the variates.
当前GPU已分配内存：0.025888442993164062 GB
GPU已分配内存的峰值：0.45783472061157227 GB
Epoch: 56 cost time: 2.988485097885132
Epoch: 56, Steps: 62 | Train Loss: 0.4611061 Vali Loss: 1.1835556 Test Loss: 0.3965385
EarlyStopping counter: 39 out of 100
Updating learning rate to 3.7571021261363677e-07
0
Training with all the variates.
当前GPU已分配内存：0.025888442993164062 GB
GPU已分配内存的峰值：0.45783472061157227 GB
Epoch: 57 cost time: 3.0623342990875244
Epoch: 57, Steps: 62 | Train Loss: 0.4616635 Vali Loss: 1.1833218 Test Loss: 0.3966793
EarlyStopping counter: 40 out of 100
Updating learning rate to 3.381391913522731e-07
0
Training with all the variates.
当前GPU已分配内存：0.025888442993164062 GB
GPU已分配内存的峰值：0.45783472061157227 GB
Epoch: 58 cost time: 3.01773738861084
Epoch: 58, Steps: 62 | Train Loss: 0.4614732 Vali Loss: 1.1825706 Test Loss: 0.3967927
EarlyStopping counter: 41 out of 100
Updating learning rate to 3.043252722170458e-07
0
Training with all the variates.
当前GPU已分配内存：0.025888442993164062 GB
GPU已分配内存的峰值：0.45783472061157227 GB
Epoch: 59 cost time: 3.0871262550354004
Epoch: 59, Steps: 62 | Train Loss: 0.4614372 Vali Loss: 1.1807606 Test Loss: 0.3964827
EarlyStopping counter: 42 out of 100
Updating learning rate to 2.7389274499534124e-07
0
Training with all the variates.
当前GPU已分配内存：0.025888442993164062 GB
GPU已分配内存的峰值：0.45783472061157227 GB
Epoch: 60 cost time: 2.9976794719696045
Epoch: 60, Steps: 62 | Train Loss: 0.4611495 Vali Loss: 1.1773161 Test Loss: 0.3967427
EarlyStopping counter: 43 out of 100
Updating learning rate to 2.465034704958071e-07
>>>>>>>testing : ETTh1_336_336_PerioDformer_ETTh1_ftM_sl336_ll48_pl336_dm16_nh4_el3_dl1_df256_fc1_ebtimeF_dtTrue_Exp_3_24_2_32_256__exp1_dim16_0_0<<<<<<<<<<<<<<<<<<<<<<<<<<<<<<<<<
test 2545
test-mse:0.3984646499156952, mae:0.4128056466579437, rse:0.6034224033355713
