Args in experiment:
Namespace(random_seed=2024, is_training=1, model_id='ETTh2_336_720', model='PerioDformer', data='ETTh2', root_path='./dataset/10%/', data_path='ETTh2.csv', features='M', target='OT', freq='h', checkpoints='./checkpoints/', seq_len=336, label_len=48, pred_len=720, w=4, C=24, mlp_num=1, d_model2=32, d_ff2=32, experiment=2, dimension=24, percent=0, fc_dropout=0.3, head_dropout=0.0, patch_len=16, stride=8, padding_patch='end', revin=1, affine=0, subtract_last=0, decomposition=0, kernel_size=25, individual=0, embed_type=0, enc_in=7, dec_in=7, c_out=7, d_model=16, n_heads=4, e_layers=3, d_layers=1, d_ff=16, moving_avg=25, factor=1, distil=True, dropout=0.3, embed='timeF', activation='gelu', output_attention=False, do_predict=False, num_workers=0, itr=1, train_epochs=60, batch_size=128, patience=100, learning_rate=0.0001, des='Exp', loss='mse', lradj='type3', pct_start=0.3, use_amp=False, use_gpu=True, gpu=0, use_multi_gpu=False, devices='0,1,2,3', test_flop=False)
Use GPU: cuda:0
线性头的参数量为： 10590
>>>>>>>start training : ETTh2_336_720_PerioDformer_ETTh2_ftM_sl336_ll48_pl720_dm16_nh4_el3_dl1_df16_fc1_ebtimeF_dtTrue_Exp_4_24_1_32_32__exp2_dim24_0_0>>>>>>>>>>>>>>>>>>>>>>>>>>
train 7585
val 2161
test 2161
0
Training with all the variates.
当前GPU已分配内存：0.030012130737304688 GB
GPU已分配内存的峰值：0.2793569564819336 GB
Epoch: 1 cost time: 4.692583322525024
Epoch: 1, Steps: 59 | Train Loss: 0.9195822 Vali Loss: 0.7487603 Test Loss: 0.4121678
Validation loss decreased (inf --> 0.748760).  Saving model ...
Updating learning rate to 0.0001
0
Training with all the variates.
当前GPU已分配内存：0.030187606811523438 GB
GPU已分配内存的峰值：0.2811927795410156 GB
Epoch: 2 cost time: 3.3703060150146484
Epoch: 2, Steps: 59 | Train Loss: 0.8941111 Vali Loss: 0.6952477 Test Loss: 0.4059873
Validation loss decreased (0.748760 --> 0.695248).  Saving model ...
Updating learning rate to 0.0001
0
Training with all the variates.
当前GPU已分配内存：0.030187606811523438 GB
GPU已分配内存的峰值：0.2811927795410156 GB
Epoch: 3 cost time: 3.4087181091308594
Epoch: 3, Steps: 59 | Train Loss: 0.8641615 Vali Loss: 0.6604578 Test Loss: 0.4023910
Validation loss decreased (0.695248 --> 0.660458).  Saving model ...
Updating learning rate to 0.0001
0
Training with all the variates.
当前GPU已分配内存：0.030187606811523438 GB
GPU已分配内存的峰值：0.2811927795410156 GB
Epoch: 4 cost time: 3.391772985458374
Epoch: 4, Steps: 59 | Train Loss: 0.8428401 Vali Loss: 0.6430439 Test Loss: 0.3978382
Validation loss decreased (0.660458 --> 0.643044).  Saving model ...
Updating learning rate to 9e-05
0
Training with all the variates.
当前GPU已分配内存：0.030187606811523438 GB
GPU已分配内存的峰值：0.2811927795410156 GB
Epoch: 5 cost time: 3.381631851196289
Epoch: 5, Steps: 59 | Train Loss: 0.8312185 Vali Loss: 0.6324376 Test Loss: 0.3931035
Validation loss decreased (0.643044 --> 0.632438).  Saving model ...
Updating learning rate to 8.1e-05
0
Training with all the variates.
当前GPU已分配内存：0.030187606811523438 GB
GPU已分配内存的峰值：0.2811927795410156 GB
Epoch: 6 cost time: 3.475592851638794
Epoch: 6, Steps: 59 | Train Loss: 0.8224868 Vali Loss: 0.6212977 Test Loss: 0.3891185
Validation loss decreased (0.632438 --> 0.621298).  Saving model ...
Updating learning rate to 7.290000000000001e-05
0
Training with all the variates.
当前GPU已分配内存：0.030187606811523438 GB
GPU已分配内存的峰值：0.2811927795410156 GB
Epoch: 7 cost time: 3.2936794757843018
Epoch: 7, Steps: 59 | Train Loss: 0.8141872 Vali Loss: 0.6170687 Test Loss: 0.3851611
Validation loss decreased (0.621298 --> 0.617069).  Saving model ...
Updating learning rate to 6.561e-05
0
Training with all the variates.
当前GPU已分配内存：0.030187606811523438 GB
GPU已分配内存的峰值：0.2811927795410156 GB
Epoch: 8 cost time: 3.3988664150238037
Epoch: 8, Steps: 59 | Train Loss: 0.8088382 Vali Loss: 0.6158979 Test Loss: 0.3823270
Validation loss decreased (0.617069 --> 0.615898).  Saving model ...
Updating learning rate to 5.904900000000001e-05
0
Training with all the variates.
当前GPU已分配内存：0.030187606811523438 GB
GPU已分配内存的峰值：0.2811927795410156 GB
Epoch: 9 cost time: 3.402331829071045
Epoch: 9, Steps: 59 | Train Loss: 0.8053253 Vali Loss: 0.6119376 Test Loss: 0.3795821
Validation loss decreased (0.615898 --> 0.611938).  Saving model ...
Updating learning rate to 5.3144100000000005e-05
0
Training with all the variates.
当前GPU已分配内存：0.030187606811523438 GB
GPU已分配内存的峰值：0.2811927795410156 GB
Epoch: 10 cost time: 3.363983631134033
Epoch: 10, Steps: 59 | Train Loss: 0.8008767 Vali Loss: 0.6100907 Test Loss: 0.3773112
Validation loss decreased (0.611938 --> 0.610091).  Saving model ...
Updating learning rate to 4.782969000000001e-05
0
Training with all the variates.
当前GPU已分配内存：0.030187606811523438 GB
GPU已分配内存的峰值：0.2811927795410156 GB
Epoch: 11 cost time: 3.4607138633728027
Epoch: 11, Steps: 59 | Train Loss: 0.7971092 Vali Loss: 0.6078637 Test Loss: 0.3748815
Validation loss decreased (0.610091 --> 0.607864).  Saving model ...
Updating learning rate to 4.304672100000001e-05
0
Training with all the variates.
当前GPU已分配内存：0.030187606811523438 GB
GPU已分配内存的峰值：0.2811927795410156 GB
Epoch: 12 cost time: 3.2872238159179688
Epoch: 12, Steps: 59 | Train Loss: 0.7935792 Vali Loss: 0.6096746 Test Loss: 0.3734917
EarlyStopping counter: 1 out of 100
Updating learning rate to 3.874204890000001e-05
0
Training with all the variates.
当前GPU已分配内存：0.030187606811523438 GB
GPU已分配内存的峰值：0.2811927795410156 GB
Epoch: 13 cost time: 3.459353446960449
Epoch: 13, Steps: 59 | Train Loss: 0.7909952 Vali Loss: 0.6069680 Test Loss: 0.3722472
Validation loss decreased (0.607864 --> 0.606968).  Saving model ...
Updating learning rate to 3.486784401000001e-05
0
Training with all the variates.
当前GPU已分配内存：0.030187606811523438 GB
GPU已分配内存的峰值：0.2811927795410156 GB
Epoch: 14 cost time: 3.3173344135284424
Epoch: 14, Steps: 59 | Train Loss: 0.7886609 Vali Loss: 0.6086455 Test Loss: 0.3716642
EarlyStopping counter: 1 out of 100
Updating learning rate to 3.138105960900001e-05
0
Training with all the variates.
当前GPU已分配内存：0.030187606811523438 GB
GPU已分配内存的峰值：0.2811927795410156 GB
Epoch: 15 cost time: 3.435770034790039
Epoch: 15, Steps: 59 | Train Loss: 0.7893872 Vali Loss: 0.6084192 Test Loss: 0.3713712
EarlyStopping counter: 2 out of 100
Updating learning rate to 2.824295364810001e-05
0
Training with all the variates.
当前GPU已分配内存：0.030187606811523438 GB
GPU已分配内存的峰值：0.2811927795410156 GB
Epoch: 16 cost time: 3.429978370666504
Epoch: 16, Steps: 59 | Train Loss: 0.7890962 Vali Loss: 0.6102649 Test Loss: 0.3711891
EarlyStopping counter: 3 out of 100
Updating learning rate to 2.541865828329001e-05
0
Training with all the variates.
当前GPU已分配内存：0.030187606811523438 GB
GPU已分配内存的峰值：0.2811927795410156 GB
Epoch: 17 cost time: 3.2828595638275146
Epoch: 17, Steps: 59 | Train Loss: 0.7875877 Vali Loss: 0.6081201 Test Loss: 0.3708339
EarlyStopping counter: 4 out of 100
Updating learning rate to 2.287679245496101e-05
0
Training with all the variates.
当前GPU已分配内存：0.030187606811523438 GB
GPU已分配内存的峰值：0.2811927795410156 GB
Epoch: 18 cost time: 3.4912877082824707
Epoch: 18, Steps: 59 | Train Loss: 0.7853877 Vali Loss: 0.6087321 Test Loss: 0.3708242
EarlyStopping counter: 5 out of 100
Updating learning rate to 2.0589113209464907e-05
0
Training with all the variates.
当前GPU已分配内存：0.030187606811523438 GB
GPU已分配内存的峰值：0.2811927795410156 GB
Epoch: 19 cost time: 3.284052848815918
Epoch: 19, Steps: 59 | Train Loss: 0.7857506 Vali Loss: 0.6053334 Test Loss: 0.3706985
Validation loss decreased (0.606968 --> 0.605333).  Saving model ...
Updating learning rate to 1.8530201888518416e-05
0
Training with all the variates.
当前GPU已分配内存：0.030187606811523438 GB
GPU已分配内存的峰值：0.2811927795410156 GB
Epoch: 20 cost time: 3.4339773654937744
Epoch: 20, Steps: 59 | Train Loss: 0.7846482 Vali Loss: 0.6129788 Test Loss: 0.3705075
EarlyStopping counter: 1 out of 100
Updating learning rate to 1.6677181699666577e-05
0
Training with all the variates.
当前GPU已分配内存：0.030187606811523438 GB
GPU已分配内存的峰值：0.2811927795410156 GB
Epoch: 21 cost time: 3.2999634742736816
Epoch: 21, Steps: 59 | Train Loss: 0.7855996 Vali Loss: 0.6109940 Test Loss: 0.3705588
EarlyStopping counter: 2 out of 100
Updating learning rate to 1.5009463529699919e-05
0
Training with all the variates.
当前GPU已分配内存：0.030187606811523438 GB
GPU已分配内存的峰值：0.2811927795410156 GB
Epoch: 22 cost time: 3.2947843074798584
Epoch: 22, Steps: 59 | Train Loss: 0.7844911 Vali Loss: 0.6060930 Test Loss: 0.3704837
EarlyStopping counter: 3 out of 100
Updating learning rate to 1.3508517176729929e-05
0
Training with all the variates.
当前GPU已分配内存：0.030187606811523438 GB
GPU已分配内存的峰值：0.2811927795410156 GB
Epoch: 23 cost time: 3.4097440242767334
Epoch: 23, Steps: 59 | Train Loss: 0.7838469 Vali Loss: 0.6113905 Test Loss: 0.3704277
EarlyStopping counter: 4 out of 100
Updating learning rate to 1.2157665459056936e-05
0
Training with all the variates.
当前GPU已分配内存：0.030187606811523438 GB
GPU已分配内存的峰值：0.2811927795410156 GB
Epoch: 24 cost time: 3.304171085357666
Epoch: 24, Steps: 59 | Train Loss: 0.7830691 Vali Loss: 0.6100035 Test Loss: 0.3704621
EarlyStopping counter: 5 out of 100
Updating learning rate to 1.0941898913151242e-05
0
Training with all the variates.
当前GPU已分配内存：0.030187606811523438 GB
GPU已分配内存的峰值：0.2811927795410156 GB
Epoch: 25 cost time: 3.501678943634033
Epoch: 25, Steps: 59 | Train Loss: 0.7833142 Vali Loss: 0.6089156 Test Loss: 0.3704463
EarlyStopping counter: 6 out of 100
Updating learning rate to 9.847709021836118e-06
0
Training with all the variates.
当前GPU已分配内存：0.030187606811523438 GB
GPU已分配内存的峰值：0.2811927795410156 GB
Epoch: 26 cost time: 3.3207950592041016
Epoch: 26, Steps: 59 | Train Loss: 0.7832128 Vali Loss: 0.6086222 Test Loss: 0.3704818
EarlyStopping counter: 7 out of 100
Updating learning rate to 8.862938119652508e-06
0
Training with all the variates.
当前GPU已分配内存：0.030187606811523438 GB
GPU已分配内存的峰值：0.2811927795410156 GB
Epoch: 27 cost time: 3.385108470916748
Epoch: 27, Steps: 59 | Train Loss: 0.7810164 Vali Loss: 0.6071074 Test Loss: 0.3705514
EarlyStopping counter: 8 out of 100
Updating learning rate to 7.976644307687255e-06
0
Training with all the variates.
当前GPU已分配内存：0.030187606811523438 GB
GPU已分配内存的峰值：0.2811927795410156 GB
Epoch: 28 cost time: 3.386030673980713
Epoch: 28, Steps: 59 | Train Loss: 0.7830881 Vali Loss: 0.6080806 Test Loss: 0.3703021
EarlyStopping counter: 9 out of 100
Updating learning rate to 7.178979876918531e-06
0
Training with all the variates.
当前GPU已分配内存：0.030187606811523438 GB
GPU已分配内存的峰值：0.2811927795410156 GB
Epoch: 29 cost time: 3.3503873348236084
Epoch: 29, Steps: 59 | Train Loss: 0.7835479 Vali Loss: 0.6098278 Test Loss: 0.3704278
EarlyStopping counter: 10 out of 100
Updating learning rate to 6.4610818892266776e-06
0
Training with all the variates.
当前GPU已分配内存：0.030187606811523438 GB
GPU已分配内存的峰值：0.2811927795410156 GB
Epoch: 30 cost time: 3.4036238193511963
Epoch: 30, Steps: 59 | Train Loss: 0.7824551 Vali Loss: 0.6125718 Test Loss: 0.3703380
EarlyStopping counter: 11 out of 100
Updating learning rate to 5.8149737003040096e-06
0
Training with all the variates.
当前GPU已分配内存：0.030187606811523438 GB
GPU已分配内存的峰值：0.2811927795410156 GB
Epoch: 31 cost time: 3.3321332931518555
Epoch: 31, Steps: 59 | Train Loss: 0.7821800 Vali Loss: 0.6086204 Test Loss: 0.3703721
EarlyStopping counter: 12 out of 100
Updating learning rate to 5.23347633027361e-06
0
Training with all the variates.
当前GPU已分配内存：0.030187606811523438 GB
GPU已分配内存的峰值：0.2811927795410156 GB
Epoch: 32 cost time: 3.4939815998077393
Epoch: 32, Steps: 59 | Train Loss: 0.7820608 Vali Loss: 0.6093729 Test Loss: 0.3703802
EarlyStopping counter: 13 out of 100
Updating learning rate to 4.710128697246249e-06
0
Training with all the variates.
当前GPU已分配内存：0.030187606811523438 GB
GPU已分配内存的峰值：0.2811927795410156 GB
Epoch: 33 cost time: 3.3216867446899414
Epoch: 33, Steps: 59 | Train Loss: 0.7809640 Vali Loss: 0.6113710 Test Loss: 0.3704942
EarlyStopping counter: 14 out of 100
Updating learning rate to 4.239115827521624e-06
0
Training with all the variates.
当前GPU已分配内存：0.030187606811523438 GB
GPU已分配内存的峰值：0.2811927795410156 GB
Epoch: 34 cost time: 3.3928818702697754
Epoch: 34, Steps: 59 | Train Loss: 0.7810642 Vali Loss: 0.6131765 Test Loss: 0.3703633
EarlyStopping counter: 15 out of 100
Updating learning rate to 3.815204244769462e-06
0
Training with all the variates.
当前GPU已分配内存：0.030187606811523438 GB
GPU已分配内存的峰值：0.2811927795410156 GB
Epoch: 35 cost time: 3.363551139831543
Epoch: 35, Steps: 59 | Train Loss: 0.7816929 Vali Loss: 0.6086230 Test Loss: 0.3704511
EarlyStopping counter: 16 out of 100
Updating learning rate to 3.4336838202925152e-06
0
Training with all the variates.
当前GPU已分配内存：0.030187606811523438 GB
GPU已分配内存的峰值：0.2811927795410156 GB
Epoch: 36 cost time: 3.3983423709869385
Epoch: 36, Steps: 59 | Train Loss: 0.7832102 Vali Loss: 0.6091120 Test Loss: 0.3705863
EarlyStopping counter: 17 out of 100
Updating learning rate to 3.090315438263264e-06
0
Training with all the variates.
当前GPU已分配内存：0.030187606811523438 GB
GPU已分配内存的峰值：0.2811927795410156 GB
Epoch: 37 cost time: 3.5192337036132812
Epoch: 37, Steps: 59 | Train Loss: 0.7808438 Vali Loss: 0.6073481 Test Loss: 0.3706461
EarlyStopping counter: 18 out of 100
Updating learning rate to 2.7812838944369375e-06
0
Training with all the variates.
当前GPU已分配内存：0.030187606811523438 GB
GPU已分配内存的峰值：0.2811927795410156 GB
Epoch: 38 cost time: 3.2876079082489014
Epoch: 38, Steps: 59 | Train Loss: 0.7801373 Vali Loss: 0.6092035 Test Loss: 0.3704443
EarlyStopping counter: 19 out of 100
Updating learning rate to 2.503155504993244e-06
0
Training with all the variates.
当前GPU已分配内存：0.030187606811523438 GB
GPU已分配内存的峰值：0.2811927795410156 GB
Epoch: 39 cost time: 3.380091905593872
Epoch: 39, Steps: 59 | Train Loss: 0.7804519 Vali Loss: 0.6109433 Test Loss: 0.3705311
EarlyStopping counter: 20 out of 100
Updating learning rate to 2.2528399544939195e-06
0
Training with all the variates.
当前GPU已分配内存：0.030187606811523438 GB
GPU已分配内存的峰值：0.2811927795410156 GB
Epoch: 40 cost time: 3.3089077472686768
Epoch: 40, Steps: 59 | Train Loss: 0.7824956 Vali Loss: 0.6105299 Test Loss: 0.3704348
EarlyStopping counter: 21 out of 100
Updating learning rate to 2.0275559590445276e-06
0
Training with all the variates.
当前GPU已分配内存：0.030187606811523438 GB
GPU已分配内存的峰值：0.2811927795410156 GB
Epoch: 41 cost time: 3.387532949447632
Epoch: 41, Steps: 59 | Train Loss: 0.7795350 Vali Loss: 0.6097717 Test Loss: 0.3703673
EarlyStopping counter: 22 out of 100
Updating learning rate to 1.8248003631400751e-06
0
Training with all the variates.
当前GPU已分配内存：0.030187606811523438 GB
GPU已分配内存的峰值：0.2811927795410156 GB
Epoch: 42 cost time: 3.496466875076294
Epoch: 42, Steps: 59 | Train Loss: 0.7811859 Vali Loss: 0.6087806 Test Loss: 0.3704039
EarlyStopping counter: 23 out of 100
Updating learning rate to 1.6423203268260676e-06
0
Training with all the variates.
当前GPU已分配内存：0.030187606811523438 GB
GPU已分配内存的峰值：0.2811927795410156 GB
Epoch: 43 cost time: 3.3511526584625244
Epoch: 43, Steps: 59 | Train Loss: 0.7814212 Vali Loss: 0.6067439 Test Loss: 0.3704621
EarlyStopping counter: 24 out of 100
Updating learning rate to 1.4780882941434609e-06
0
Training with all the variates.
当前GPU已分配内存：0.030187606811523438 GB
GPU已分配内存的峰值：0.2811927795410156 GB
Epoch: 44 cost time: 3.4696812629699707
Epoch: 44, Steps: 59 | Train Loss: 0.7822493 Vali Loss: 0.6100997 Test Loss: 0.3703305
EarlyStopping counter: 25 out of 100
Updating learning rate to 1.3302794647291146e-06
0
Training with all the variates.
当前GPU已分配内存：0.030187606811523438 GB
GPU已分配内存的峰值：0.2811927795410156 GB
Epoch: 45 cost time: 3.294492483139038
Epoch: 45, Steps: 59 | Train Loss: 0.7813546 Vali Loss: 0.6107879 Test Loss: 0.3704170
EarlyStopping counter: 26 out of 100
Updating learning rate to 1.1972515182562034e-06
0
Training with all the variates.
当前GPU已分配内存：0.030187606811523438 GB
GPU已分配内存的峰值：0.2811927795410156 GB
Epoch: 46 cost time: 3.4153807163238525
Epoch: 46, Steps: 59 | Train Loss: 0.7807292 Vali Loss: 0.6088409 Test Loss: 0.3704898
EarlyStopping counter: 27 out of 100
Updating learning rate to 1.077526366430583e-06
0
Training with all the variates.
当前GPU已分配内存：0.030187606811523438 GB
GPU已分配内存的峰值：0.2811927795410156 GB
Epoch: 47 cost time: 3.3909432888031006
Epoch: 47, Steps: 59 | Train Loss: 0.7809888 Vali Loss: 0.6084076 Test Loss: 0.3704185
EarlyStopping counter: 28 out of 100
Updating learning rate to 9.697737297875248e-07
0
Training with all the variates.
当前GPU已分配内存：0.030187606811523438 GB
GPU已分配内存的峰值：0.2811927795410156 GB
Epoch: 48 cost time: 3.340181350708008
Epoch: 48, Steps: 59 | Train Loss: 0.7809743 Vali Loss: 0.6102560 Test Loss: 0.3704145
EarlyStopping counter: 29 out of 100
Updating learning rate to 8.727963568087723e-07
0
Training with all the variates.
当前GPU已分配内存：0.030187606811523438 GB
GPU已分配内存的峰值：0.2811927795410156 GB
Epoch: 49 cost time: 3.4437527656555176
Epoch: 49, Steps: 59 | Train Loss: 0.7799152 Vali Loss: 0.6088084 Test Loss: 0.3705630
EarlyStopping counter: 30 out of 100
Updating learning rate to 7.855167211278951e-07
0
Training with all the variates.
当前GPU已分配内存：0.030187606811523438 GB
GPU已分配内存的峰值：0.2811927795410156 GB
Epoch: 50 cost time: 3.296969175338745
Epoch: 50, Steps: 59 | Train Loss: 0.7815830 Vali Loss: 0.6093224 Test Loss: 0.3704467
EarlyStopping counter: 31 out of 100
Updating learning rate to 7.069650490151056e-07
0
Training with all the variates.
当前GPU已分配内存：0.030187606811523438 GB
GPU已分配内存的峰值：0.2811927795410156 GB
Epoch: 51 cost time: 3.452955722808838
Epoch: 51, Steps: 59 | Train Loss: 0.7813428 Vali Loss: 0.6074624 Test Loss: 0.3705044
EarlyStopping counter: 32 out of 100
Updating learning rate to 6.36268544113595e-07
0
Training with all the variates.
当前GPU已分配内存：0.030187606811523438 GB
GPU已分配内存的峰值：0.2811927795410156 GB
Epoch: 52 cost time: 3.406292676925659
Epoch: 52, Steps: 59 | Train Loss: 0.7804393 Vali Loss: 0.6093171 Test Loss: 0.3705834
EarlyStopping counter: 33 out of 100
Updating learning rate to 5.726416897022355e-07
0
Training with all the variates.
当前GPU已分配内存：0.030187606811523438 GB
GPU已分配内存的峰值：0.2811927795410156 GB
Epoch: 53 cost time: 3.4301633834838867
Epoch: 53, Steps: 59 | Train Loss: 0.7810950 Vali Loss: 0.6139231 Test Loss: 0.3704710
EarlyStopping counter: 34 out of 100
Updating learning rate to 5.15377520732012e-07
0
Training with all the variates.
当前GPU已分配内存：0.030187606811523438 GB
GPU已分配内存的峰值：0.2811927795410156 GB
Epoch: 54 cost time: 3.5155012607574463
Epoch: 54, Steps: 59 | Train Loss: 0.7817298 Vali Loss: 0.6128687 Test Loss: 0.3703614
EarlyStopping counter: 35 out of 100
Updating learning rate to 4.6383976865881085e-07
0
Training with all the variates.
当前GPU已分配内存：0.030187606811523438 GB
GPU已分配内存的峰值：0.2811927795410156 GB
Epoch: 55 cost time: 3.368114471435547
Epoch: 55, Steps: 59 | Train Loss: 0.7801708 Vali Loss: 0.6102496 Test Loss: 0.3704304
EarlyStopping counter: 36 out of 100
Updating learning rate to 4.174557917929298e-07
0
Training with all the variates.
当前GPU已分配内存：0.030187606811523438 GB
GPU已分配内存的峰值：0.2811927795410156 GB
Epoch: 56 cost time: 3.455637216567993
Epoch: 56, Steps: 59 | Train Loss: 0.7801580 Vali Loss: 0.6073993 Test Loss: 0.3703905
EarlyStopping counter: 37 out of 100
Updating learning rate to 3.7571021261363677e-07
0
Training with all the variates.
当前GPU已分配内存：0.030187606811523438 GB
GPU已分配内存的峰值：0.2811927795410156 GB
Epoch: 57 cost time: 3.326770782470703
Epoch: 57, Steps: 59 | Train Loss: 0.7810133 Vali Loss: 0.6114138 Test Loss: 0.3704560
EarlyStopping counter: 38 out of 100
Updating learning rate to 3.381391913522731e-07
0
Training with all the variates.
当前GPU已分配内存：0.030187606811523438 GB
GPU已分配内存的峰值：0.2811927795410156 GB
Epoch: 58 cost time: 3.377291679382324
Epoch: 58, Steps: 59 | Train Loss: 0.7804380 Vali Loss: 0.6072415 Test Loss: 0.3705257
EarlyStopping counter: 39 out of 100
Updating learning rate to 3.043252722170458e-07
0
Training with all the variates.
当前GPU已分配内存：0.030187606811523438 GB
GPU已分配内存的峰值：0.2811927795410156 GB
Epoch: 59 cost time: 3.455737352371216
Epoch: 59, Steps: 59 | Train Loss: 0.7815317 Vali Loss: 0.6057925 Test Loss: 0.3704479
EarlyStopping counter: 40 out of 100
Updating learning rate to 2.7389274499534124e-07
0
Training with all the variates.
当前GPU已分配内存：0.030187606811523438 GB
GPU已分配内存的峰值：0.2811927795410156 GB
Epoch: 60 cost time: 3.452451705932617
Epoch: 60, Steps: 59 | Train Loss: 0.7796115 Vali Loss: 0.6053328 Test Loss: 0.3705516
Validation loss decreased (0.605333 --> 0.605333).  Saving model ...
Updating learning rate to 2.465034704958071e-07
>>>>>>>testing : ETTh2_336_720_PerioDformer_ETTh2_ftM_sl336_ll48_pl720_dm16_nh4_el3_dl1_df16_fc1_ebtimeF_dtTrue_Exp_4_24_1_32_32__exp2_dim24_0_0<<<<<<<<<<<<<<<<<<<<<<<<<<<<<<<<<
test 2161
test-mse:0.37055161595344543, mae:0.41574567556381226, rse:0.490982323884964
