Args in experiment:
Namespace(random_seed=2024, is_training=1, model_id='ETTh2_336_960', model='PerioDformer', data='ETTh2', root_path='./dataset/10%/', data_path='ETTh2.csv', features='M', target='OT', freq='h', checkpoints='./checkpoints/', seq_len=336, label_len=48, pred_len=960, w=3, C=24, mlp_num=1, d_model2=32, d_ff2=32, experiment=2, dimension=24, percent=0, fc_dropout=0.3, head_dropout=0.0, patch_len=16, stride=8, padding_patch='end', revin=1, affine=0, subtract_last=0, decomposition=0, kernel_size=25, individual=0, embed_type=0, enc_in=7, dec_in=7, c_out=7, d_model=16, n_heads=4, e_layers=3, d_layers=1, d_ff=16, moving_avg=25, factor=1, distil=True, dropout=0.3, embed='timeF', activation='gelu', output_attention=False, do_predict=False, num_workers=0, itr=1, train_epochs=60, batch_size=128, patience=100, learning_rate=0.0001, des='Exp', loss='mse', lradj='type3', pct_start=0.3, use_amp=False, use_gpu=True, gpu=0, use_multi_gpu=False, devices='0,1,2,3', test_flop=False)
Use GPU: cuda:0
线性头的参数量为： 14120
>>>>>>>start training : ETTh2_336_960_PerioDformer_ETTh2_ftM_sl336_ll48_pl960_dm16_nh4_el3_dl1_df16_fc1_ebtimeF_dtTrue_Exp_3_24_1_32_32__exp2_dim24_0_0>>>>>>>>>>>>>>>>>>>>>>>>>>
train 7345
val 1921
test 1921
0
Training with all the variates.
当前GPU已分配内存：0.033535003662109375 GB
GPU已分配内存的峰值：0.2839531898498535 GB
Epoch: 1 cost time: 4.910233974456787
Epoch: 1, Steps: 57 | Train Loss: 0.9933551 Vali Loss: 0.8247803 Test Loss: 0.4513330
Validation loss decreased (inf --> 0.824780).  Saving model ...
Updating learning rate to 0.0001
0
Training with all the variates.
当前GPU已分配内存：0.034969329833984375 GB
GPU已分配内存的峰值：0.2839531898498535 GB
Epoch: 2 cost time: 3.6395576000213623
Epoch: 2, Steps: 57 | Train Loss: 0.9743402 Vali Loss: 0.7959072 Test Loss: 0.4442673
Validation loss decreased (0.824780 --> 0.795907).  Saving model ...
Updating learning rate to 0.0001
0
Training with all the variates.
当前GPU已分配内存：0.033695220947265625 GB
GPU已分配内存的峰值：0.2839531898498535 GB
Epoch: 3 cost time: 3.6320409774780273
Epoch: 3, Steps: 57 | Train Loss: 0.9472432 Vali Loss: 0.7748424 Test Loss: 0.4418739
Validation loss decreased (0.795907 --> 0.774842).  Saving model ...
Updating learning rate to 0.0001
0
Training with all the variates.
当前GPU已分配内存：0.034969329833984375 GB
GPU已分配内存的峰值：0.2839531898498535 GB
Epoch: 4 cost time: 3.7760000228881836
Epoch: 4, Steps: 57 | Train Loss: 0.9316899 Vali Loss: 0.7576429 Test Loss: 0.4387985
Validation loss decreased (0.774842 --> 0.757643).  Saving model ...
Updating learning rate to 9e-05
0
Training with all the variates.
当前GPU已分配内存：0.033695220947265625 GB
GPU已分配内存的峰值：0.2839531898498535 GB
Epoch: 5 cost time: 3.5769615173339844
Epoch: 5, Steps: 57 | Train Loss: 0.9176031 Vali Loss: 0.7472368 Test Loss: 0.4341342
Validation loss decreased (0.757643 --> 0.747237).  Saving model ...
Updating learning rate to 8.1e-05
0
Training with all the variates.
当前GPU已分配内存：0.034969329833984375 GB
GPU已分配内存的峰值：0.2839531898498535 GB
Epoch: 6 cost time: 3.6549036502838135
Epoch: 6, Steps: 57 | Train Loss: 0.9055352 Vali Loss: 0.7406244 Test Loss: 0.4301029
Validation loss decreased (0.747237 --> 0.740624).  Saving model ...
Updating learning rate to 7.290000000000001e-05
0
Training with all the variates.
当前GPU已分配内存：0.033695220947265625 GB
GPU已分配内存的峰值：0.2839531898498535 GB
Epoch: 7 cost time: 3.726105213165283
Epoch: 7, Steps: 57 | Train Loss: 0.9021065 Vali Loss: 0.7353672 Test Loss: 0.4275051
Validation loss decreased (0.740624 --> 0.735367).  Saving model ...
Updating learning rate to 6.561e-05
0
Training with all the variates.
当前GPU已分配内存：0.034969329833984375 GB
GPU已分配内存的峰值：0.2839531898498535 GB
Epoch: 8 cost time: 3.6571836471557617
Epoch: 8, Steps: 57 | Train Loss: 0.8971146 Vali Loss: 0.7339619 Test Loss: 0.4250478
Validation loss decreased (0.735367 --> 0.733962).  Saving model ...
Updating learning rate to 5.904900000000001e-05
0
Training with all the variates.
当前GPU已分配内存：0.033695220947265625 GB
GPU已分配内存的峰值：0.2839531898498535 GB
Epoch: 9 cost time: 3.663663148880005
Epoch: 9, Steps: 57 | Train Loss: 0.8940482 Vali Loss: 0.7313848 Test Loss: 0.4238750
Validation loss decreased (0.733962 --> 0.731385).  Saving model ...
Updating learning rate to 5.3144100000000005e-05
0
Training with all the variates.
当前GPU已分配内存：0.034969329833984375 GB
GPU已分配内存的峰值：0.2839531898498535 GB
Epoch: 10 cost time: 3.6310970783233643
Epoch: 10, Steps: 57 | Train Loss: 0.8918856 Vali Loss: 0.7301283 Test Loss: 0.4224437
Validation loss decreased (0.731385 --> 0.730128).  Saving model ...
Updating learning rate to 4.782969000000001e-05
0
Training with all the variates.
当前GPU已分配内存：0.033695220947265625 GB
GPU已分配内存的峰值：0.2839531898498535 GB
Epoch: 11 cost time: 3.5966882705688477
Epoch: 11, Steps: 57 | Train Loss: 0.8911107 Vali Loss: 0.7293050 Test Loss: 0.4217749
Validation loss decreased (0.730128 --> 0.729305).  Saving model ...
Updating learning rate to 4.304672100000001e-05
0
Training with all the variates.
当前GPU已分配内存：0.034969329833984375 GB
GPU已分配内存的峰值：0.2839531898498535 GB
Epoch: 12 cost time: 3.755175828933716
Epoch: 12, Steps: 57 | Train Loss: 0.8882005 Vali Loss: 0.7286052 Test Loss: 0.4213269
Validation loss decreased (0.729305 --> 0.728605).  Saving model ...
Updating learning rate to 3.874204890000001e-05
0
Training with all the variates.
当前GPU已分配内存：0.033695220947265625 GB
GPU已分配内存的峰值：0.2839531898498535 GB
Epoch: 13 cost time: 3.6014232635498047
Epoch: 13, Steps: 57 | Train Loss: 0.8881011 Vali Loss: 0.7277058 Test Loss: 0.4209144
Validation loss decreased (0.728605 --> 0.727706).  Saving model ...
Updating learning rate to 3.486784401000001e-05
0
Training with all the variates.
当前GPU已分配内存：0.034969329833984375 GB
GPU已分配内存的峰值：0.2839531898498535 GB
Epoch: 14 cost time: 3.62260365486145
Epoch: 14, Steps: 57 | Train Loss: 0.8865513 Vali Loss: 0.7268893 Test Loss: 0.4203298
Validation loss decreased (0.727706 --> 0.726889).  Saving model ...
Updating learning rate to 3.138105960900001e-05
0
Training with all the variates.
当前GPU已分配内存：0.033695220947265625 GB
GPU已分配内存的峰值：0.2839531898498535 GB
Epoch: 15 cost time: 3.6893997192382812
Epoch: 15, Steps: 57 | Train Loss: 0.8843654 Vali Loss: 0.7261873 Test Loss: 0.4200431
Validation loss decreased (0.726889 --> 0.726187).  Saving model ...
Updating learning rate to 2.824295364810001e-05
0
Training with all the variates.
当前GPU已分配内存：0.034969329833984375 GB
GPU已分配内存的峰值：0.2839531898498535 GB
Epoch: 16 cost time: 3.5733940601348877
Epoch: 16, Steps: 57 | Train Loss: 0.8870850 Vali Loss: 0.7261404 Test Loss: 0.4198063
Validation loss decreased (0.726187 --> 0.726140).  Saving model ...
Updating learning rate to 2.541865828329001e-05
0
Training with all the variates.
当前GPU已分配内存：0.033695220947265625 GB
GPU已分配内存的峰值：0.2839531898498535 GB
Epoch: 17 cost time: 3.641012191772461
Epoch: 17, Steps: 57 | Train Loss: 0.8851982 Vali Loss: 0.7255268 Test Loss: 0.4195735
Validation loss decreased (0.726140 --> 0.725527).  Saving model ...
Updating learning rate to 2.287679245496101e-05
0
Training with all the variates.
当前GPU已分配内存：0.034969329833984375 GB
GPU已分配内存的峰值：0.2839531898498535 GB
Epoch: 18 cost time: 3.7111520767211914
Epoch: 18, Steps: 57 | Train Loss: 0.8845296 Vali Loss: 0.7253222 Test Loss: 0.4189834
Validation loss decreased (0.725527 --> 0.725322).  Saving model ...
Updating learning rate to 2.0589113209464907e-05
0
Training with all the variates.
当前GPU已分配内存：0.033695220947265625 GB
GPU已分配内存的峰值：0.2839531898498535 GB
Epoch: 19 cost time: 3.5608136653900146
Epoch: 19, Steps: 57 | Train Loss: 0.8857173 Vali Loss: 0.7249447 Test Loss: 0.4185118
Validation loss decreased (0.725322 --> 0.724945).  Saving model ...
Updating learning rate to 1.8530201888518416e-05
0
Training with all the variates.
当前GPU已分配内存：0.034969329833984375 GB
GPU已分配内存的峰值：0.2839531898498535 GB
Epoch: 20 cost time: 3.804809093475342
Epoch: 20, Steps: 57 | Train Loss: 0.8829862 Vali Loss: 0.7239907 Test Loss: 0.4182698
Validation loss decreased (0.724945 --> 0.723991).  Saving model ...
Updating learning rate to 1.6677181699666577e-05
0
Training with all the variates.
当前GPU已分配内存：0.033695220947265625 GB
GPU已分配内存的峰值：0.2839531898498535 GB
Epoch: 21 cost time: 3.6716811656951904
Epoch: 21, Steps: 57 | Train Loss: 0.8825804 Vali Loss: 0.7238263 Test Loss: 0.4173204
Validation loss decreased (0.723991 --> 0.723826).  Saving model ...
Updating learning rate to 1.5009463529699919e-05
0
Training with all the variates.
当前GPU已分配内存：0.034969329833984375 GB
GPU已分配内存的峰值：0.2839531898498535 GB
Epoch: 22 cost time: 3.6330668926239014
Epoch: 22, Steps: 57 | Train Loss: 0.8799126 Vali Loss: 0.7233521 Test Loss: 0.4169047
Validation loss decreased (0.723826 --> 0.723352).  Saving model ...
Updating learning rate to 1.3508517176729929e-05
0
Training with all the variates.
当前GPU已分配内存：0.033695220947265625 GB
GPU已分配内存的峰值：0.2839531898498535 GB
Epoch: 23 cost time: 3.573946952819824
Epoch: 23, Steps: 57 | Train Loss: 0.8797928 Vali Loss: 0.7229223 Test Loss: 0.4163069
Validation loss decreased (0.723352 --> 0.722922).  Saving model ...
Updating learning rate to 1.2157665459056936e-05
0
Training with all the variates.
当前GPU已分配内存：0.034969329833984375 GB
GPU已分配内存的峰值：0.2839531898498535 GB
Epoch: 24 cost time: 3.5638961791992188
Epoch: 24, Steps: 57 | Train Loss: 0.8797649 Vali Loss: 0.7226837 Test Loss: 0.4154280
Validation loss decreased (0.722922 --> 0.722684).  Saving model ...
Updating learning rate to 1.0941898913151242e-05
0
Training with all the variates.
当前GPU已分配内存：0.033695220947265625 GB
GPU已分配内存的峰值：0.2839531898498535 GB
Epoch: 25 cost time: 3.6937429904937744
Epoch: 25, Steps: 57 | Train Loss: 0.8758548 Vali Loss: 0.7226974 Test Loss: 0.4151651
EarlyStopping counter: 1 out of 100
Updating learning rate to 9.847709021836118e-06
0
Training with all the variates.
当前GPU已分配内存：0.034969329833984375 GB
GPU已分配内存的峰值：0.2839531898498535 GB
Epoch: 26 cost time: 3.629102945327759
Epoch: 26, Steps: 57 | Train Loss: 0.8793346 Vali Loss: 0.7222937 Test Loss: 0.4142968
Validation loss decreased (0.722684 --> 0.722294).  Saving model ...
Updating learning rate to 8.862938119652508e-06
0
Training with all the variates.
当前GPU已分配内存：0.033695220947265625 GB
GPU已分配内存的峰值：0.2839531898498535 GB
Epoch: 27 cost time: 3.6214513778686523
Epoch: 27, Steps: 57 | Train Loss: 0.8779355 Vali Loss: 0.7227542 Test Loss: 0.4136234
EarlyStopping counter: 1 out of 100
Updating learning rate to 7.976644307687255e-06
0
Training with all the variates.
当前GPU已分配内存：0.034969329833984375 GB
GPU已分配内存的峰值：0.2839531898498535 GB
Epoch: 28 cost time: 3.738525629043579
Epoch: 28, Steps: 57 | Train Loss: 0.8767829 Vali Loss: 0.7225541 Test Loss: 0.4132653
EarlyStopping counter: 2 out of 100
Updating learning rate to 7.178979876918531e-06
0
Training with all the variates.
当前GPU已分配内存：0.033695220947265625 GB
GPU已分配内存的峰值：0.2839531898498535 GB
Epoch: 29 cost time: 3.580348014831543
Epoch: 29, Steps: 57 | Train Loss: 0.8756301 Vali Loss: 0.7221692 Test Loss: 0.4127288
Validation loss decreased (0.722294 --> 0.722169).  Saving model ...
Updating learning rate to 6.4610818892266776e-06
0
Training with all the variates.
当前GPU已分配内存：0.034969329833984375 GB
GPU已分配内存的峰值：0.2839531898498535 GB
Epoch: 30 cost time: 3.6633849143981934
Epoch: 30, Steps: 57 | Train Loss: 0.8741666 Vali Loss: 0.7219415 Test Loss: 0.4127532
Validation loss decreased (0.722169 --> 0.721942).  Saving model ...
Updating learning rate to 5.8149737003040096e-06
0
Training with all the variates.
当前GPU已分配内存：0.033695220947265625 GB
GPU已分配内存的峰值：0.2839531898498535 GB
Epoch: 31 cost time: 3.611788749694824
Epoch: 31, Steps: 57 | Train Loss: 0.8768950 Vali Loss: 0.7218066 Test Loss: 0.4123915
Validation loss decreased (0.721942 --> 0.721807).  Saving model ...
Updating learning rate to 5.23347633027361e-06
0
Training with all the variates.
当前GPU已分配内存：0.034969329833984375 GB
GPU已分配内存的峰值：0.2839531898498535 GB
Epoch: 32 cost time: 3.6260790824890137
Epoch: 32, Steps: 57 | Train Loss: 0.8762667 Vali Loss: 0.7220705 Test Loss: 0.4122352
EarlyStopping counter: 1 out of 100
Updating learning rate to 4.710128697246249e-06
0
Training with all the variates.
当前GPU已分配内存：0.033695220947265625 GB
GPU已分配内存的峰值：0.2839531898498535 GB
Epoch: 33 cost time: 3.704192638397217
Epoch: 33, Steps: 57 | Train Loss: 0.8741271 Vali Loss: 0.7223275 Test Loss: 0.4119536
EarlyStopping counter: 2 out of 100
Updating learning rate to 4.239115827521624e-06
0
Training with all the variates.
当前GPU已分配内存：0.034969329833984375 GB
GPU已分配内存的峰值：0.2839531898498535 GB
Epoch: 34 cost time: 3.623898983001709
Epoch: 34, Steps: 57 | Train Loss: 0.8757278 Vali Loss: 0.7222506 Test Loss: 0.4120218
EarlyStopping counter: 3 out of 100
Updating learning rate to 3.815204244769462e-06
0
Training with all the variates.
当前GPU已分配内存：0.033695220947265625 GB
GPU已分配内存的峰值：0.2839531898498535 GB
Epoch: 35 cost time: 3.6627488136291504
Epoch: 35, Steps: 57 | Train Loss: 0.8750241 Vali Loss: 0.7223828 Test Loss: 0.4117037
EarlyStopping counter: 4 out of 100
Updating learning rate to 3.4336838202925152e-06
0
Training with all the variates.
当前GPU已分配内存：0.034969329833984375 GB
GPU已分配内存的峰值：0.2839531898498535 GB
Epoch: 36 cost time: 3.6755800247192383
Epoch: 36, Steps: 57 | Train Loss: 0.8732461 Vali Loss: 0.7221315 Test Loss: 0.4115911
EarlyStopping counter: 5 out of 100
Updating learning rate to 3.090315438263264e-06
0
Training with all the variates.
当前GPU已分配内存：0.033695220947265625 GB
GPU已分配内存的峰值：0.2839531898498535 GB
Epoch: 37 cost time: 3.607708692550659
Epoch: 37, Steps: 57 | Train Loss: 0.8753203 Vali Loss: 0.7226509 Test Loss: 0.4114638
EarlyStopping counter: 6 out of 100
Updating learning rate to 2.7812838944369375e-06
0
Training with all the variates.
当前GPU已分配内存：0.034969329833984375 GB
GPU已分配内存的峰值：0.2839531898498535 GB
Epoch: 38 cost time: 3.610473871231079
Epoch: 38, Steps: 57 | Train Loss: 0.8753077 Vali Loss: 0.7227224 Test Loss: 0.4112467
EarlyStopping counter: 7 out of 100
Updating learning rate to 2.503155504993244e-06
0
Training with all the variates.
当前GPU已分配内存：0.033695220947265625 GB
GPU已分配内存的峰值：0.2839531898498535 GB
Epoch: 39 cost time: 3.6792190074920654
Epoch: 39, Steps: 57 | Train Loss: 0.8741996 Vali Loss: 0.7223967 Test Loss: 0.4112595
EarlyStopping counter: 8 out of 100
Updating learning rate to 2.2528399544939195e-06
0
Training with all the variates.
当前GPU已分配内存：0.034969329833984375 GB
GPU已分配内存的峰值：0.2839531898498535 GB
Epoch: 40 cost time: 3.5737144947052
Epoch: 40, Steps: 57 | Train Loss: 0.8745571 Vali Loss: 0.7217875 Test Loss: 0.4114017
Validation loss decreased (0.721807 --> 0.721788).  Saving model ...
Updating learning rate to 2.0275559590445276e-06
0
Training with all the variates.
当前GPU已分配内存：0.033695220947265625 GB
GPU已分配内存的峰值：0.2839531898498535 GB
Epoch: 41 cost time: 3.729213237762451
Epoch: 41, Steps: 57 | Train Loss: 0.8736962 Vali Loss: 0.7221168 Test Loss: 0.4114158
EarlyStopping counter: 1 out of 100
Updating learning rate to 1.8248003631400751e-06
0
Training with all the variates.
当前GPU已分配内存：0.034969329833984375 GB
GPU已分配内存的峰值：0.2839531898498535 GB
Epoch: 42 cost time: 3.6296041011810303
Epoch: 42, Steps: 57 | Train Loss: 0.8725174 Vali Loss: 0.7226149 Test Loss: 0.4110860
EarlyStopping counter: 2 out of 100
Updating learning rate to 1.6423203268260676e-06
0
Training with all the variates.
当前GPU已分配内存：0.033695220947265625 GB
GPU已分配内存的峰值：0.2839531898498535 GB
Epoch: 43 cost time: 3.7419421672821045
Epoch: 43, Steps: 57 | Train Loss: 0.8736856 Vali Loss: 0.7224827 Test Loss: 0.4111193
EarlyStopping counter: 3 out of 100
Updating learning rate to 1.4780882941434609e-06
0
Training with all the variates.
当前GPU已分配内存：0.034969329833984375 GB
GPU已分配内存的峰值：0.2839531898498535 GB
Epoch: 44 cost time: 3.810192823410034
Epoch: 44, Steps: 57 | Train Loss: 0.8734342 Vali Loss: 0.7217990 Test Loss: 0.4113456
EarlyStopping counter: 4 out of 100
Updating learning rate to 1.3302794647291146e-06
0
Training with all the variates.
当前GPU已分配内存：0.033695220947265625 GB
GPU已分配内存的峰值：0.2839531898498535 GB
Epoch: 45 cost time: 3.697416305541992
Epoch: 45, Steps: 57 | Train Loss: 0.8740289 Vali Loss: 0.7224302 Test Loss: 0.4110585
EarlyStopping counter: 5 out of 100
Updating learning rate to 1.1972515182562034e-06
0
Training with all the variates.
当前GPU已分配内存：0.034969329833984375 GB
GPU已分配内存的峰值：0.2839531898498535 GB
Epoch: 46 cost time: 3.7420785427093506
Epoch: 46, Steps: 57 | Train Loss: 0.8730252 Vali Loss: 0.7224187 Test Loss: 0.4111175
EarlyStopping counter: 6 out of 100
Updating learning rate to 1.077526366430583e-06
0
Training with all the variates.
当前GPU已分配内存：0.033695220947265625 GB
GPU已分配内存的峰值：0.2839531898498535 GB
Epoch: 47 cost time: 3.8254547119140625
Epoch: 47, Steps: 57 | Train Loss: 0.8736269 Vali Loss: 0.7222534 Test Loss: 0.4110449
EarlyStopping counter: 7 out of 100
Updating learning rate to 9.697737297875248e-07
0
Training with all the variates.
当前GPU已分配内存：0.034969329833984375 GB
GPU已分配内存的峰值：0.2839531898498535 GB
Epoch: 48 cost time: 3.5687689781188965
Epoch: 48, Steps: 57 | Train Loss: 0.8744605 Vali Loss: 0.7225221 Test Loss: 0.4109627
EarlyStopping counter: 8 out of 100
Updating learning rate to 8.727963568087723e-07
0
Training with all the variates.
当前GPU已分配内存：0.033695220947265625 GB
GPU已分配内存的峰值：0.2839531898498535 GB
Epoch: 49 cost time: 3.686422348022461
Epoch: 49, Steps: 57 | Train Loss: 0.8744502 Vali Loss: 0.7220993 Test Loss: 0.4111717
EarlyStopping counter: 9 out of 100
Updating learning rate to 7.855167211278951e-07
0
Training with all the variates.
当前GPU已分配内存：0.034969329833984375 GB
GPU已分配内存的峰值：0.2839531898498535 GB
Epoch: 50 cost time: 3.5999934673309326
Epoch: 50, Steps: 57 | Train Loss: 0.8742974 Vali Loss: 0.7220955 Test Loss: 0.4109761
EarlyStopping counter: 10 out of 100
Updating learning rate to 7.069650490151056e-07
0
Training with all the variates.
当前GPU已分配内存：0.033695220947265625 GB
GPU已分配内存的峰值：0.2839531898498535 GB
Epoch: 51 cost time: 3.6452043056488037
Epoch: 51, Steps: 57 | Train Loss: 0.8756823 Vali Loss: 0.7218893 Test Loss: 0.4112004
EarlyStopping counter: 11 out of 100
Updating learning rate to 6.36268544113595e-07
0
Training with all the variates.
当前GPU已分配内存：0.034969329833984375 GB
GPU已分配内存的峰值：0.2839531898498535 GB
Epoch: 52 cost time: 3.7023215293884277
Epoch: 52, Steps: 57 | Train Loss: 0.8731880 Vali Loss: 0.7222663 Test Loss: 0.4110585
EarlyStopping counter: 12 out of 100
Updating learning rate to 5.726416897022355e-07
0
Training with all the variates.
当前GPU已分配内存：0.033695220947265625 GB
GPU已分配内存的峰值：0.2839531898498535 GB
Epoch: 53 cost time: 3.5849902629852295
Epoch: 53, Steps: 57 | Train Loss: 0.8737102 Vali Loss: 0.7223738 Test Loss: 0.4110058
EarlyStopping counter: 13 out of 100
Updating learning rate to 5.15377520732012e-07
0
Training with all the variates.
当前GPU已分配内存：0.034969329833984375 GB
GPU已分配内存的峰值：0.2839531898498535 GB
Epoch: 54 cost time: 3.642690420150757
Epoch: 54, Steps: 57 | Train Loss: 0.8745902 Vali Loss: 0.7216944 Test Loss: 0.4111686
Validation loss decreased (0.721788 --> 0.721694).  Saving model ...
Updating learning rate to 4.6383976865881085e-07
0
Training with all the variates.
当前GPU已分配内存：0.033695220947265625 GB
GPU已分配内存的峰值：0.2839531898498535 GB
Epoch: 55 cost time: 3.6419732570648193
Epoch: 55, Steps: 57 | Train Loss: 0.8749861 Vali Loss: 0.7213686 Test Loss: 0.4110884
Validation loss decreased (0.721694 --> 0.721369).  Saving model ...
Updating learning rate to 4.174557917929298e-07
0
Training with all the variates.
当前GPU已分配内存：0.034969329833984375 GB
GPU已分配内存的峰值：0.2839531898498535 GB
Epoch: 56 cost time: 3.588244676589966
Epoch: 56, Steps: 57 | Train Loss: 0.8735352 Vali Loss: 0.7219226 Test Loss: 0.4109203
EarlyStopping counter: 1 out of 100
Updating learning rate to 3.7571021261363677e-07
0
Training with all the variates.
当前GPU已分配内存：0.033695220947265625 GB
GPU已分配内存的峰值：0.2839531898498535 GB
Epoch: 57 cost time: 3.5608770847320557
Epoch: 57, Steps: 57 | Train Loss: 0.8746988 Vali Loss: 0.7218951 Test Loss: 0.4111913
EarlyStopping counter: 2 out of 100
Updating learning rate to 3.381391913522731e-07
0
Training with all the variates.
当前GPU已分配内存：0.034969329833984375 GB
GPU已分配内存的峰值：0.2839531898498535 GB
Epoch: 58 cost time: 3.698617696762085
Epoch: 58, Steps: 57 | Train Loss: 0.8720912 Vali Loss: 0.7221183 Test Loss: 0.4109489
EarlyStopping counter: 3 out of 100
Updating learning rate to 3.043252722170458e-07
0
Training with all the variates.
当前GPU已分配内存：0.033695220947265625 GB
GPU已分配内存的峰值：0.2839531898498535 GB
Epoch: 59 cost time: 3.755272388458252
Epoch: 59, Steps: 57 | Train Loss: 0.8726172 Vali Loss: 0.7223956 Test Loss: 0.4109004
EarlyStopping counter: 4 out of 100
Updating learning rate to 2.7389274499534124e-07
0
Training with all the variates.
当前GPU已分配内存：0.034969329833984375 GB
GPU已分配内存的峰值：0.2839531898498535 GB
Epoch: 60 cost time: 3.580075263977051
Epoch: 60, Steps: 57 | Train Loss: 0.8731486 Vali Loss: 0.7222147 Test Loss: 0.4109395
EarlyStopping counter: 5 out of 100
Updating learning rate to 2.465034704958071e-07
>>>>>>>testing : ETTh2_336_960_PerioDformer_ETTh2_ftM_sl336_ll48_pl960_dm16_nh4_el3_dl1_df16_fc1_ebtimeF_dtTrue_Exp_3_24_1_32_32__exp2_dim24_0_0<<<<<<<<<<<<<<<<<<<<<<<<<<<<<<<<<
test 1921
test-mse:0.4110884666442871, mae:0.44768962264060974, rse:0.516385555267334
