Args in experiment:
Namespace(random_seed=2024, is_training=1, model_id='ETTh1_336_192', model='PerioDformer', data='ETTh1', root_path='./dataset/', data_path='ETTh1.csv', features='M', target='OT', freq='h', checkpoints='./checkpoints/', seq_len=336, label_len=48, pred_len=192, w=3, C=24, mlp_num=2, d_model2=32, d_ff2=128, experiment=1, dimension=16, percent=0, fc_dropout=0.3, head_dropout=0.0, patch_len=16, stride=8, padding_patch='end', revin=1, affine=0, subtract_last=0, decomposition=0, kernel_size=25, individual=0, embed_type=0, enc_in=7, dec_in=7, c_out=7, d_model=32, n_heads=4, e_layers=2, d_layers=1, d_ff=128, moving_avg=25, factor=1, distil=True, dropout=0.3, embed='timeF', activation='gelu', output_attention=False, do_predict=False, num_workers=0, itr=1, train_epochs=60, batch_size=128, patience=100, learning_rate=0.0001, des='Exp', loss='mse', lradj='type3', pct_start=0.3, use_amp=False, use_gpu=True, gpu=0, use_multi_gpu=False, devices='0,1,2,3', test_flop=False)
Use GPU: cuda:0
>>>>>>>start training : ETTh1_336_192_PerioDformer_ETTh1_ftM_sl336_ll48_pl192_dm32_nh4_el2_dl1_df128_fc1_ebtimeF_dtTrue_Exp_3_24_2_32_128__exp1_dim16_0_0>>>>>>>>>>>>>>>>>>>>>>>>>>
train 8113
val 2689
test 2689
0
Training with all the variates.
当前GPU已分配内存：0.022147178649902344 GB
GPU已分配内存的峰值：0.2620368003845215 GB
Epoch: 1 cost time: 3.3760128021240234
Epoch: 1, Steps: 63 | Train Loss: 0.6703470 Vali Loss: 1.5773984 Test Loss: 0.7415473
Validation loss decreased (inf --> 1.577398).  Saving model ...
Updating learning rate to 0.0001
0
Training with all the variates.
当前GPU已分配内存：0.022368431091308594 GB
GPU已分配内存的峰值：0.26674699783325195 GB
Epoch: 2 cost time: 1.8332531452178955
Epoch: 2, Steps: 63 | Train Loss: 0.5694726 Vali Loss: 1.1169519 Test Loss: 0.4723846
Validation loss decreased (1.577398 --> 1.116952).  Saving model ...
Updating learning rate to 0.0001
0
Training with all the variates.
当前GPU已分配内存：0.022368431091308594 GB
GPU已分配内存的峰值：0.26674699783325195 GB
Epoch: 3 cost time: 1.8290550708770752
Epoch: 3, Steps: 63 | Train Loss: 0.4501255 Vali Loss: 0.9789292 Test Loss: 0.4129459
Validation loss decreased (1.116952 --> 0.978929).  Saving model ...
Updating learning rate to 0.0001
0
Training with all the variates.
当前GPU已分配内存：0.022368431091308594 GB
GPU已分配内存的峰值：0.26674699783325195 GB
Epoch: 4 cost time: 1.833350419998169
Epoch: 4, Steps: 63 | Train Loss: 0.4279916 Vali Loss: 0.9550456 Test Loss: 0.4041111
Validation loss decreased (0.978929 --> 0.955046).  Saving model ...
Updating learning rate to 9e-05
0
Training with all the variates.
当前GPU已分配内存：0.022368431091308594 GB
GPU已分配内存的峰值：0.26674699783325195 GB
Epoch: 5 cost time: 1.8296163082122803
Epoch: 5, Steps: 63 | Train Loss: 0.4206748 Vali Loss: 0.9456727 Test Loss: 0.4015478
Validation loss decreased (0.955046 --> 0.945673).  Saving model ...
Updating learning rate to 8.1e-05
0
Training with all the variates.
当前GPU已分配内存：0.022368431091308594 GB
GPU已分配内存的峰值：0.26674699783325195 GB
Epoch: 6 cost time: 1.8298194408416748
Epoch: 6, Steps: 63 | Train Loss: 0.4169169 Vali Loss: 0.9412324 Test Loss: 0.3992488
Validation loss decreased (0.945673 --> 0.941232).  Saving model ...
Updating learning rate to 7.290000000000001e-05
0
Training with all the variates.
当前GPU已分配内存：0.022368431091308594 GB
GPU已分配内存的峰值：0.26674699783325195 GB
Epoch: 7 cost time: 1.838047981262207
Epoch: 7, Steps: 63 | Train Loss: 0.4138556 Vali Loss: 0.9369049 Test Loss: 0.3972757
Validation loss decreased (0.941232 --> 0.936905).  Saving model ...
Updating learning rate to 6.561e-05
0
Training with all the variates.
当前GPU已分配内存：0.022368431091308594 GB
GPU已分配内存的峰值：0.26674699783325195 GB
Epoch: 8 cost time: 1.8395226001739502
Epoch: 8, Steps: 63 | Train Loss: 0.4118829 Vali Loss: 0.9347380 Test Loss: 0.3965993
Validation loss decreased (0.936905 --> 0.934738).  Saving model ...
Updating learning rate to 5.904900000000001e-05
0
Training with all the variates.
当前GPU已分配内存：0.022368431091308594 GB
GPU已分配内存的峰值：0.26674699783325195 GB
Epoch: 9 cost time: 1.8319060802459717
Epoch: 9, Steps: 63 | Train Loss: 0.4102537 Vali Loss: 0.9337993 Test Loss: 0.3952907
Validation loss decreased (0.934738 --> 0.933799).  Saving model ...
Updating learning rate to 5.3144100000000005e-05
0
Training with all the variates.
当前GPU已分配内存：0.022368431091308594 GB
GPU已分配内存的峰值：0.26674699783325195 GB
Epoch: 10 cost time: 1.8376624584197998
Epoch: 10, Steps: 63 | Train Loss: 0.4089583 Vali Loss: 0.9325811 Test Loss: 0.3947102
Validation loss decreased (0.933799 --> 0.932581).  Saving model ...
Updating learning rate to 4.782969000000001e-05
0
Training with all the variates.
当前GPU已分配内存：0.022368431091308594 GB
GPU已分配内存的峰值：0.26674699783325195 GB
Epoch: 11 cost time: 1.8319091796875
Epoch: 11, Steps: 63 | Train Loss: 0.4082406 Vali Loss: 0.9301114 Test Loss: 0.3938183
Validation loss decreased (0.932581 --> 0.930111).  Saving model ...
Updating learning rate to 4.304672100000001e-05
0
Training with all the variates.
当前GPU已分配内存：0.022368431091308594 GB
GPU已分配内存的峰值：0.26674699783325195 GB
Epoch: 12 cost time: 1.8350706100463867
Epoch: 12, Steps: 63 | Train Loss: 0.4069872 Vali Loss: 0.9283864 Test Loss: 0.3931752
Validation loss decreased (0.930111 --> 0.928386).  Saving model ...
Updating learning rate to 3.874204890000001e-05
0
Training with all the variates.
当前GPU已分配内存：0.022368431091308594 GB
GPU已分配内存的峰值：0.26674699783325195 GB
Epoch: 13 cost time: 1.8365600109100342
Epoch: 13, Steps: 63 | Train Loss: 0.4055122 Vali Loss: 0.9294446 Test Loss: 0.3926648
EarlyStopping counter: 1 out of 100
Updating learning rate to 3.486784401000001e-05
0
Training with all the variates.
当前GPU已分配内存：0.022368431091308594 GB
GPU已分配内存的峰值：0.26674699783325195 GB
Epoch: 14 cost time: 1.839393138885498
Epoch: 14, Steps: 63 | Train Loss: 0.4058137 Vali Loss: 0.9294059 Test Loss: 0.3924047
EarlyStopping counter: 2 out of 100
Updating learning rate to 3.138105960900001e-05
0
Training with all the variates.
当前GPU已分配内存：0.022368431091308594 GB
GPU已分配内存的峰值：0.26674699783325195 GB
Epoch: 15 cost time: 1.837780237197876
Epoch: 15, Steps: 63 | Train Loss: 0.4049607 Vali Loss: 0.9280349 Test Loss: 0.3918990
Validation loss decreased (0.928386 --> 0.928035).  Saving model ...
Updating learning rate to 2.824295364810001e-05
0
Training with all the variates.
当前GPU已分配内存：0.022368431091308594 GB
GPU已分配内存的峰值：0.26674699783325195 GB
Epoch: 16 cost time: 1.8374204635620117
Epoch: 16, Steps: 63 | Train Loss: 0.4048983 Vali Loss: 0.9292008 Test Loss: 0.3918496
EarlyStopping counter: 1 out of 100
Updating learning rate to 2.541865828329001e-05
0
Training with all the variates.
当前GPU已分配内存：0.022368431091308594 GB
GPU已分配内存的峰值：0.26674699783325195 GB
Epoch: 17 cost time: 1.8678207397460938
Epoch: 17, Steps: 63 | Train Loss: 0.4041024 Vali Loss: 0.9278514 Test Loss: 0.3914045
Validation loss decreased (0.928035 --> 0.927851).  Saving model ...
Updating learning rate to 2.287679245496101e-05
0
Training with all the variates.
当前GPU已分配内存：0.022368431091308594 GB
GPU已分配内存的峰值：0.26674699783325195 GB
Epoch: 18 cost time: 1.8193302154541016
Epoch: 18, Steps: 63 | Train Loss: 0.4030104 Vali Loss: 0.9285582 Test Loss: 0.3915350
EarlyStopping counter: 1 out of 100
Updating learning rate to 2.0589113209464907e-05
0
Training with all the variates.
当前GPU已分配内存：0.022368431091308594 GB
GPU已分配内存的峰值：0.26674699783325195 GB
Epoch: 19 cost time: 1.8464381694793701
Epoch: 19, Steps: 63 | Train Loss: 0.4031770 Vali Loss: 0.9279199 Test Loss: 0.3915259
EarlyStopping counter: 2 out of 100
Updating learning rate to 1.8530201888518416e-05
0
Training with all the variates.
当前GPU已分配内存：0.022368431091308594 GB
GPU已分配内存的峰值：0.26674699783325195 GB
Epoch: 20 cost time: 1.8426854610443115
Epoch: 20, Steps: 63 | Train Loss: 0.4029630 Vali Loss: 0.9289212 Test Loss: 0.3913350
EarlyStopping counter: 3 out of 100
Updating learning rate to 1.6677181699666577e-05
0
Training with all the variates.
当前GPU已分配内存：0.022368431091308594 GB
GPU已分配内存的峰值：0.26674699783325195 GB
Epoch: 21 cost time: 1.8475146293640137
Epoch: 21, Steps: 63 | Train Loss: 0.4023357 Vali Loss: 0.9284869 Test Loss: 0.3911169
EarlyStopping counter: 4 out of 100
Updating learning rate to 1.5009463529699919e-05
0
Training with all the variates.
当前GPU已分配内存：0.022368431091308594 GB
GPU已分配内存的峰值：0.26674699783325195 GB
Epoch: 22 cost time: 1.8364405632019043
Epoch: 22, Steps: 63 | Train Loss: 0.4023406 Vali Loss: 0.9278419 Test Loss: 0.3910671
Validation loss decreased (0.927851 --> 0.927842).  Saving model ...
Updating learning rate to 1.3508517176729929e-05
0
Training with all the variates.
当前GPU已分配内存：0.022368431091308594 GB
GPU已分配内存的峰值：0.26674699783325195 GB
Epoch: 23 cost time: 1.8396484851837158
Epoch: 23, Steps: 63 | Train Loss: 0.4019205 Vali Loss: 0.9278455 Test Loss: 0.3912064
EarlyStopping counter: 1 out of 100
Updating learning rate to 1.2157665459056936e-05
0
Training with all the variates.
当前GPU已分配内存：0.022368431091308594 GB
GPU已分配内存的峰值：0.26674699783325195 GB
Epoch: 24 cost time: 1.8395929336547852
Epoch: 24, Steps: 63 | Train Loss: 0.4020885 Vali Loss: 0.9283211 Test Loss: 0.3911355
EarlyStopping counter: 2 out of 100
Updating learning rate to 1.0941898913151242e-05
0
Training with all the variates.
当前GPU已分配内存：0.022368431091308594 GB
GPU已分配内存的峰值：0.26674699783325195 GB
Epoch: 25 cost time: 1.8374710083007812
Epoch: 25, Steps: 63 | Train Loss: 0.4015710 Vali Loss: 0.9283662 Test Loss: 0.3908966
EarlyStopping counter: 3 out of 100
Updating learning rate to 9.847709021836118e-06
0
Training with all the variates.
当前GPU已分配内存：0.022368431091308594 GB
GPU已分配内存的峰值：0.26674699783325195 GB
Epoch: 26 cost time: 1.8403902053833008
Epoch: 26, Steps: 63 | Train Loss: 0.4016310 Vali Loss: 0.9290350 Test Loss: 0.3911437
EarlyStopping counter: 4 out of 100
Updating learning rate to 8.862938119652508e-06
0
Training with all the variates.
当前GPU已分配内存：0.022368431091308594 GB
GPU已分配内存的峰值：0.26674699783325195 GB
Epoch: 27 cost time: 1.8325440883636475
Epoch: 27, Steps: 63 | Train Loss: 0.4015150 Vali Loss: 0.9288484 Test Loss: 0.3910662
EarlyStopping counter: 5 out of 100
Updating learning rate to 7.976644307687255e-06
0
Training with all the variates.
当前GPU已分配内存：0.022368431091308594 GB
GPU已分配内存的峰值：0.26674699783325195 GB
Epoch: 28 cost time: 1.834507942199707
Epoch: 28, Steps: 63 | Train Loss: 0.4013273 Vali Loss: 0.9282677 Test Loss: 0.3910383
EarlyStopping counter: 6 out of 100
Updating learning rate to 7.178979876918531e-06
0
Training with all the variates.
当前GPU已分配内存：0.022368431091308594 GB
GPU已分配内存的峰值：0.26674699783325195 GB
Epoch: 29 cost time: 1.8359036445617676
Epoch: 29, Steps: 63 | Train Loss: 0.4011759 Vali Loss: 0.9288951 Test Loss: 0.3910946
EarlyStopping counter: 7 out of 100
Updating learning rate to 6.4610818892266776e-06
0
Training with all the variates.
当前GPU已分配内存：0.022368431091308594 GB
GPU已分配内存的峰值：0.26674699783325195 GB
Epoch: 30 cost time: 1.832824468612671
Epoch: 30, Steps: 63 | Train Loss: 0.4010733 Vali Loss: 0.9279086 Test Loss: 0.3912259
EarlyStopping counter: 8 out of 100
Updating learning rate to 5.8149737003040096e-06
0
Training with all the variates.
当前GPU已分配内存：0.022368431091308594 GB
GPU已分配内存的峰值：0.26674699783325195 GB
Epoch: 31 cost time: 1.8376247882843018
Epoch: 31, Steps: 63 | Train Loss: 0.4010300 Vali Loss: 0.9283915 Test Loss: 0.3910321
EarlyStopping counter: 9 out of 100
Updating learning rate to 5.23347633027361e-06
0
Training with all the variates.
当前GPU已分配内存：0.022368431091308594 GB
GPU已分配内存的峰值：0.26674699783325195 GB
Epoch: 32 cost time: 1.8396718502044678
Epoch: 32, Steps: 63 | Train Loss: 0.4011551 Vali Loss: 0.9292704 Test Loss: 0.3910385
EarlyStopping counter: 10 out of 100
Updating learning rate to 4.710128697246249e-06
0
Training with all the variates.
当前GPU已分配内存：0.022368431091308594 GB
GPU已分配内存的峰值：0.26674699783325195 GB
Epoch: 33 cost time: 1.8500330448150635
Epoch: 33, Steps: 63 | Train Loss: 0.4009202 Vali Loss: 0.9295598 Test Loss: 0.3911879
EarlyStopping counter: 11 out of 100
Updating learning rate to 4.239115827521624e-06
0
Training with all the variates.
当前GPU已分配内存：0.022368431091308594 GB
GPU已分配内存的峰值：0.26674699783325195 GB
Epoch: 34 cost time: 1.835158109664917
Epoch: 34, Steps: 63 | Train Loss: 0.4004219 Vali Loss: 0.9295190 Test Loss: 0.3910051
EarlyStopping counter: 12 out of 100
Updating learning rate to 3.815204244769462e-06
0
Training with all the variates.
当前GPU已分配内存：0.022368431091308594 GB
GPU已分配内存的峰值：0.26674699783325195 GB
Epoch: 35 cost time: 1.8386363983154297
Epoch: 35, Steps: 63 | Train Loss: 0.4003090 Vali Loss: 0.9291378 Test Loss: 0.3910831
EarlyStopping counter: 13 out of 100
Updating learning rate to 3.4336838202925152e-06
0
Training with all the variates.
当前GPU已分配内存：0.022368431091308594 GB
GPU已分配内存的峰值：0.26674699783325195 GB
Epoch: 36 cost time: 1.831263780593872
Epoch: 36, Steps: 63 | Train Loss: 0.4005931 Vali Loss: 0.9293815 Test Loss: 0.3910620
EarlyStopping counter: 14 out of 100
Updating learning rate to 3.090315438263264e-06
0
Training with all the variates.
当前GPU已分配内存：0.022368431091308594 GB
GPU已分配内存的峰值：0.26674699783325195 GB
Epoch: 37 cost time: 1.8428738117218018
Epoch: 37, Steps: 63 | Train Loss: 0.4010793 Vali Loss: 0.9290206 Test Loss: 0.3910513
EarlyStopping counter: 15 out of 100
Updating learning rate to 2.7812838944369375e-06
0
Training with all the variates.
当前GPU已分配内存：0.022368431091308594 GB
GPU已分配内存的峰值：0.26674699783325195 GB
Epoch: 38 cost time: 1.838895320892334
Epoch: 38, Steps: 63 | Train Loss: 0.4006765 Vali Loss: 0.9293844 Test Loss: 0.3911595
EarlyStopping counter: 16 out of 100
Updating learning rate to 2.503155504993244e-06
0
Training with all the variates.
当前GPU已分配内存：0.022368431091308594 GB
GPU已分配内存的峰值：0.26674699783325195 GB
Epoch: 39 cost time: 1.8447246551513672
Epoch: 39, Steps: 63 | Train Loss: 0.4000944 Vali Loss: 0.9295531 Test Loss: 0.3909774
EarlyStopping counter: 17 out of 100
Updating learning rate to 2.2528399544939195e-06
0
Training with all the variates.
当前GPU已分配内存：0.022368431091308594 GB
GPU已分配内存的峰值：0.26674699783325195 GB
Epoch: 40 cost time: 1.8419318199157715
Epoch: 40, Steps: 63 | Train Loss: 0.4010736 Vali Loss: 0.9298234 Test Loss: 0.3909222
EarlyStopping counter: 18 out of 100
Updating learning rate to 2.0275559590445276e-06
0
Training with all the variates.
当前GPU已分配内存：0.022368431091308594 GB
GPU已分配内存的峰值：0.26674699783325195 GB
Epoch: 41 cost time: 1.831956148147583
Epoch: 41, Steps: 63 | Train Loss: 0.4003631 Vali Loss: 0.9300258 Test Loss: 0.3909202
EarlyStopping counter: 19 out of 100
Updating learning rate to 1.8248003631400751e-06
0
Training with all the variates.
当前GPU已分配内存：0.022368431091308594 GB
GPU已分配内存的峰值：0.26674699783325195 GB
Epoch: 42 cost time: 1.8920199871063232
Epoch: 42, Steps: 63 | Train Loss: 0.4011058 Vali Loss: 0.9297940 Test Loss: 0.3910736
EarlyStopping counter: 20 out of 100
Updating learning rate to 1.6423203268260676e-06
0
Training with all the variates.
当前GPU已分配内存：0.022368431091308594 GB
GPU已分配内存的峰值：0.26674699783325195 GB
Epoch: 43 cost time: 1.8196990489959717
Epoch: 43, Steps: 63 | Train Loss: 0.4009644 Vali Loss: 0.9301485 Test Loss: 0.3909244
EarlyStopping counter: 21 out of 100
Updating learning rate to 1.4780882941434609e-06
0
Training with all the variates.
当前GPU已分配内存：0.022368431091308594 GB
GPU已分配内存的峰值：0.26674699783325195 GB
Epoch: 44 cost time: 1.8975520133972168
Epoch: 44, Steps: 63 | Train Loss: 0.4009355 Vali Loss: 0.9288682 Test Loss: 0.3911089
EarlyStopping counter: 22 out of 100
Updating learning rate to 1.3302794647291146e-06
0
Training with all the variates.
当前GPU已分配内存：0.022368431091308594 GB
GPU已分配内存的峰值：0.26674699783325195 GB
Epoch: 45 cost time: 1.8393702507019043
Epoch: 45, Steps: 63 | Train Loss: 0.4007031 Vali Loss: 0.9293771 Test Loss: 0.3910161
EarlyStopping counter: 23 out of 100
Updating learning rate to 1.1972515182562034e-06
0
Training with all the variates.
当前GPU已分配内存：0.022368431091308594 GB
GPU已分配内存的峰值：0.26674699783325195 GB
Epoch: 46 cost time: 1.8309473991394043
Epoch: 46, Steps: 63 | Train Loss: 0.4009761 Vali Loss: 0.9296142 Test Loss: 0.3909623
EarlyStopping counter: 24 out of 100
Updating learning rate to 1.077526366430583e-06
0
Training with all the variates.
当前GPU已分配内存：0.022368431091308594 GB
GPU已分配内存的峰值：0.26674699783325195 GB
Epoch: 47 cost time: 1.839421033859253
Epoch: 47, Steps: 63 | Train Loss: 0.4006839 Vali Loss: 0.9294189 Test Loss: 0.3911009
EarlyStopping counter: 25 out of 100
Updating learning rate to 9.697737297875248e-07
0
Training with all the variates.
当前GPU已分配内存：0.022368431091308594 GB
GPU已分配内存的峰值：0.26674699783325195 GB
Epoch: 48 cost time: 1.8423125743865967
Epoch: 48, Steps: 63 | Train Loss: 0.4006508 Vali Loss: 0.9291738 Test Loss: 0.3911690
EarlyStopping counter: 26 out of 100
Updating learning rate to 8.727963568087723e-07
0
Training with all the variates.
当前GPU已分配内存：0.022368431091308594 GB
GPU已分配内存的峰值：0.26674699783325195 GB
Epoch: 49 cost time: 1.8375310897827148
Epoch: 49, Steps: 63 | Train Loss: 0.4008043 Vali Loss: 0.9298325 Test Loss: 0.3909711
EarlyStopping counter: 27 out of 100
Updating learning rate to 7.855167211278951e-07
0
Training with all the variates.
当前GPU已分配内存：0.022368431091308594 GB
GPU已分配内存的峰值：0.26674699783325195 GB
Epoch: 50 cost time: 1.8365819454193115
Epoch: 50, Steps: 63 | Train Loss: 0.3999227 Vali Loss: 0.9305958 Test Loss: 0.3909984
EarlyStopping counter: 28 out of 100
Updating learning rate to 7.069650490151056e-07
0
Training with all the variates.
当前GPU已分配内存：0.022368431091308594 GB
GPU已分配内存的峰值：0.26674699783325195 GB
Epoch: 51 cost time: 1.8394651412963867
Epoch: 51, Steps: 63 | Train Loss: 0.4000018 Vali Loss: 0.9301716 Test Loss: 0.3909693
EarlyStopping counter: 29 out of 100
Updating learning rate to 6.36268544113595e-07
0
Training with all the variates.
当前GPU已分配内存：0.022368431091308594 GB
GPU已分配内存的峰值：0.26674699783325195 GB
Epoch: 52 cost time: 1.846813440322876
Epoch: 52, Steps: 63 | Train Loss: 0.4004163 Vali Loss: 0.9299638 Test Loss: 0.3909656
EarlyStopping counter: 30 out of 100
Updating learning rate to 5.726416897022355e-07
0
Training with all the variates.
当前GPU已分配内存：0.022368431091308594 GB
GPU已分配内存的峰值：0.26674699783325195 GB
Epoch: 53 cost time: 1.835000991821289
Epoch: 53, Steps: 63 | Train Loss: 0.4000301 Vali Loss: 0.9295471 Test Loss: 0.3911110
EarlyStopping counter: 31 out of 100
Updating learning rate to 5.15377520732012e-07
0
Training with all the variates.
当前GPU已分配内存：0.022368431091308594 GB
GPU已分配内存的峰值：0.26674699783325195 GB
Epoch: 54 cost time: 1.8345999717712402
Epoch: 54, Steps: 63 | Train Loss: 0.4003397 Vali Loss: 0.9294481 Test Loss: 0.3910978
EarlyStopping counter: 32 out of 100
Updating learning rate to 4.6383976865881085e-07
0
Training with all the variates.
当前GPU已分配内存：0.022368431091308594 GB
GPU已分配内存的峰值：0.26674699783325195 GB
Epoch: 55 cost time: 1.8431816101074219
Epoch: 55, Steps: 63 | Train Loss: 0.3999928 Vali Loss: 0.9293282 Test Loss: 0.3910138
EarlyStopping counter: 33 out of 100
Updating learning rate to 4.174557917929298e-07
0
Training with all the variates.
当前GPU已分配内存：0.022368431091308594 GB
GPU已分配内存的峰值：0.26674699783325195 GB
Epoch: 56 cost time: 1.833453893661499
Epoch: 56, Steps: 63 | Train Loss: 0.4001915 Vali Loss: 0.9300036 Test Loss: 0.3910082
EarlyStopping counter: 34 out of 100
Updating learning rate to 3.7571021261363677e-07
0
Training with all the variates.
当前GPU已分配内存：0.022368431091308594 GB
GPU已分配内存的峰值：0.26674699783325195 GB
Epoch: 57 cost time: 1.8412830829620361
Epoch: 57, Steps: 63 | Train Loss: 0.4002285 Vali Loss: 0.9287864 Test Loss: 0.3910362
EarlyStopping counter: 35 out of 100
Updating learning rate to 3.381391913522731e-07
0
Training with all the variates.
当前GPU已分配内存：0.022368431091308594 GB
GPU已分配内存的峰值：0.26674699783325195 GB
Epoch: 58 cost time: 1.8412983417510986
Epoch: 58, Steps: 63 | Train Loss: 0.4002635 Vali Loss: 0.9289269 Test Loss: 0.3911372
EarlyStopping counter: 36 out of 100
Updating learning rate to 3.043252722170458e-07
0
Training with all the variates.
当前GPU已分配内存：0.022368431091308594 GB
GPU已分配内存的峰值：0.26674699783325195 GB
Epoch: 59 cost time: 1.8366708755493164
Epoch: 59, Steps: 63 | Train Loss: 0.4006387 Vali Loss: 0.9301403 Test Loss: 0.3910126
EarlyStopping counter: 37 out of 100
Updating learning rate to 2.7389274499534124e-07
0
Training with all the variates.
当前GPU已分配内存：0.022368431091308594 GB
GPU已分配内存的峰值：0.26674699783325195 GB
Epoch: 60 cost time: 1.8284122943878174
Epoch: 60, Steps: 63 | Train Loss: 0.4001429 Vali Loss: 0.9297378 Test Loss: 0.3909945
EarlyStopping counter: 38 out of 100
Updating learning rate to 2.465034704958071e-07
>>>>>>>testing : ETTh1_336_192_PerioDformer_ETTh1_ftM_sl336_ll48_pl192_dm32_nh4_el2_dl1_df128_fc1_ebtimeF_dtTrue_Exp_3_24_2_32_128__exp1_dim16_0_0<<<<<<<<<<<<<<<<<<<<<<<<<<<<<<<<<
test 2689
test-mse:0.3910672962665558, mae:0.405590683221817, rse:0.5938509106636047
