Args in experiment:
Namespace(random_seed=2024, is_training=1, model_id='ETTh1_336_96', model='PerioDformer', data='ETTh1', root_path='./dataset/', data_path='ETTh1.csv', features='M', target='OT', freq='h', checkpoints='./checkpoints/', seq_len=336, label_len=48, pred_len=96, w=2, C=24, mlp_num=2, d_model2=32, d_ff2=128, experiment=1, dimension=16, percent=0, fc_dropout=0.3, head_dropout=0.0, patch_len=16, stride=8, padding_patch='end', revin=1, affine=0, subtract_last=0, decomposition=0, kernel_size=25, individual=0, embed_type=0, enc_in=7, dec_in=7, c_out=7, d_model=32, n_heads=4, e_layers=3, d_layers=1, d_ff=128, moving_avg=25, factor=1, distil=True, dropout=0.3, embed='timeF', activation='gelu', output_attention=False, do_predict=False, num_workers=0, itr=1, train_epochs=60, batch_size=128, patience=100, learning_rate=0.0001, des='Exp', loss='mse', lradj='type3', pct_start=0.3, use_amp=False, use_gpu=True, gpu=0, use_multi_gpu=False, devices='0,1,2,3', test_flop=False)
Use GPU: cuda:0
>>>>>>>start training : ETTh1_336_96_PerioDformer_ETTh1_ftM_sl336_ll48_pl96_dm32_nh4_el3_dl1_df128_fc1_ebtimeF_dtTrue_Exp_2_24_2_32_128__exp1_dim16_0_0>>>>>>>>>>>>>>>>>>>>>>>>>>
train 8209
val 2785
test 2785
0
Training with all the variates.
当前GPU已分配内存：0.020940780639648438 GB
GPU已分配内存的峰值：0.31153345108032227 GB
Epoch: 1 cost time: 5.268256187438965
Epoch: 1, Steps: 64 | Train Loss: 0.6816703 Vali Loss: 1.4890432 Test Loss: 0.8095578
Validation loss decreased (inf --> 1.489043).  Saving model ...
Updating learning rate to 0.0001
0
Training with all the variates.
当前GPU已分配内存：0.021001815795898438 GB
GPU已分配内存的峰值：0.31577444076538086 GB
Epoch: 2 cost time: 2.229983329772949
Epoch: 2, Steps: 64 | Train Loss: 0.5312041 Vali Loss: 0.9091455 Test Loss: 0.4264089
Validation loss decreased (1.489043 --> 0.909145).  Saving model ...
Updating learning rate to 0.0001
0
Training with all the variates.
当前GPU已分配内存：0.021001815795898438 GB
GPU已分配内存的峰值：0.31577444076538086 GB
Epoch: 3 cost time: 2.2325940132141113
Epoch: 3, Steps: 64 | Train Loss: 0.4008709 Vali Loss: 0.7413812 Test Loss: 0.3685149
Validation loss decreased (0.909145 --> 0.741381).  Saving model ...
Updating learning rate to 0.0001
0
Training with all the variates.
当前GPU已分配内存：0.021001815795898438 GB
GPU已分配内存的峰值：0.31577444076538086 GB
Epoch: 4 cost time: 2.2373952865600586
Epoch: 4, Steps: 64 | Train Loss: 0.3770374 Vali Loss: 0.7080539 Test Loss: 0.3645305
Validation loss decreased (0.741381 --> 0.708054).  Saving model ...
Updating learning rate to 9e-05
0
Training with all the variates.
当前GPU已分配内存：0.021001815795898438 GB
GPU已分配内存的峰值：0.31577444076538086 GB
Epoch: 5 cost time: 2.238701820373535
Epoch: 5, Steps: 64 | Train Loss: 0.3694972 Vali Loss: 0.6989055 Test Loss: 0.3643150
Validation loss decreased (0.708054 --> 0.698905).  Saving model ...
Updating learning rate to 8.1e-05
0
Training with all the variates.
当前GPU已分配内存：0.021001815795898438 GB
GPU已分配内存的峰值：0.31577444076538086 GB
Epoch: 6 cost time: 2.24299955368042
Epoch: 6, Steps: 64 | Train Loss: 0.3657497 Vali Loss: 0.7013595 Test Loss: 0.3631943
EarlyStopping counter: 1 out of 100
Updating learning rate to 7.290000000000001e-05
0
Training with all the variates.
当前GPU已分配内存：0.021001815795898438 GB
GPU已分配内存的峰值：0.31577444076538086 GB
Epoch: 7 cost time: 2.24332332611084
Epoch: 7, Steps: 64 | Train Loss: 0.3625950 Vali Loss: 0.6962925 Test Loss: 0.3614487
Validation loss decreased (0.698905 --> 0.696293).  Saving model ...
Updating learning rate to 6.561e-05
0
Training with all the variates.
当前GPU已分配内存：0.021001815795898438 GB
GPU已分配内存的峰值：0.31577444076538086 GB
Epoch: 8 cost time: 2.233689785003662
Epoch: 8, Steps: 64 | Train Loss: 0.3598855 Vali Loss: 0.6948574 Test Loss: 0.3603799
Validation loss decreased (0.696293 --> 0.694857).  Saving model ...
Updating learning rate to 5.904900000000001e-05
0
Training with all the variates.
当前GPU已分配内存：0.021001815795898438 GB
GPU已分配内存的峰值：0.31577444076538086 GB
Epoch: 9 cost time: 2.236999750137329
Epoch: 9, Steps: 64 | Train Loss: 0.3584658 Vali Loss: 0.6999015 Test Loss: 0.3592325
EarlyStopping counter: 1 out of 100
Updating learning rate to 5.3144100000000005e-05
0
Training with all the variates.
当前GPU已分配内存：0.021001815795898438 GB
GPU已分配内存的峰值：0.31577444076538086 GB
Epoch: 10 cost time: 2.2429990768432617
Epoch: 10, Steps: 64 | Train Loss: 0.3567786 Vali Loss: 0.6945347 Test Loss: 0.3576440
Validation loss decreased (0.694857 --> 0.694535).  Saving model ...
Updating learning rate to 4.782969000000001e-05
0
Training with all the variates.
当前GPU已分配内存：0.021001815795898438 GB
GPU已分配内存的峰值：0.31577444076538086 GB
Epoch: 11 cost time: 2.2453501224517822
Epoch: 11, Steps: 64 | Train Loss: 0.3555834 Vali Loss: 0.6908956 Test Loss: 0.3568306
Validation loss decreased (0.694535 --> 0.690896).  Saving model ...
Updating learning rate to 4.304672100000001e-05
0
Training with all the variates.
当前GPU已分配内存：0.021001815795898438 GB
GPU已分配内存的峰值：0.31577444076538086 GB
Epoch: 12 cost time: 2.245471954345703
Epoch: 12, Steps: 64 | Train Loss: 0.3548024 Vali Loss: 0.6940950 Test Loss: 0.3562240
EarlyStopping counter: 1 out of 100
Updating learning rate to 3.874204890000001e-05
0
Training with all the variates.
当前GPU已分配内存：0.021001815795898438 GB
GPU已分配内存的峰值：0.31577444076538086 GB
Epoch: 13 cost time: 2.2392797470092773
Epoch: 13, Steps: 64 | Train Loss: 0.3534130 Vali Loss: 0.6951692 Test Loss: 0.3555312
EarlyStopping counter: 2 out of 100
Updating learning rate to 3.486784401000001e-05
0
Training with all the variates.
当前GPU已分配内存：0.021001815795898438 GB
GPU已分配内存的峰值：0.31577444076538086 GB
Epoch: 14 cost time: 2.2379517555236816
Epoch: 14, Steps: 64 | Train Loss: 0.3530708 Vali Loss: 0.6923884 Test Loss: 0.3544954
EarlyStopping counter: 3 out of 100
Updating learning rate to 3.138105960900001e-05
0
Training with all the variates.
当前GPU已分配内存：0.021001815795898438 GB
GPU已分配内存的峰值：0.31577444076538086 GB
Epoch: 15 cost time: 2.2446584701538086
Epoch: 15, Steps: 64 | Train Loss: 0.3522590 Vali Loss: 0.6932346 Test Loss: 0.3541923
EarlyStopping counter: 4 out of 100
Updating learning rate to 2.824295364810001e-05
0
Training with all the variates.
当前GPU已分配内存：0.021001815795898438 GB
GPU已分配内存的峰值：0.31577444076538086 GB
Epoch: 16 cost time: 2.243333101272583
Epoch: 16, Steps: 64 | Train Loss: 0.3511653 Vali Loss: 0.6907221 Test Loss: 0.3539533
Validation loss decreased (0.690896 --> 0.690722).  Saving model ...
Updating learning rate to 2.541865828329001e-05
0
Training with all the variates.
当前GPU已分配内存：0.021001815795898438 GB
GPU已分配内存的峰值：0.31577444076538086 GB
Epoch: 17 cost time: 2.244123697280884
Epoch: 17, Steps: 64 | Train Loss: 0.3505735 Vali Loss: 0.6920542 Test Loss: 0.3535185
EarlyStopping counter: 1 out of 100
Updating learning rate to 2.287679245496101e-05
0
Training with all the variates.
当前GPU已分配内存：0.021001815795898438 GB
GPU已分配内存的峰值：0.31577444076538086 GB
Epoch: 18 cost time: 2.2360000610351562
Epoch: 18, Steps: 64 | Train Loss: 0.3500835 Vali Loss: 0.6945184 Test Loss: 0.3530963
EarlyStopping counter: 2 out of 100
Updating learning rate to 2.0589113209464907e-05
0
Training with all the variates.
当前GPU已分配内存：0.021001815795898438 GB
GPU已分配内存的峰值：0.31577444076538086 GB
Epoch: 19 cost time: 2.249675750732422
Epoch: 19, Steps: 64 | Train Loss: 0.3501749 Vali Loss: 0.6909069 Test Loss: 0.3524494
EarlyStopping counter: 3 out of 100
Updating learning rate to 1.8530201888518416e-05
0
Training with all the variates.
当前GPU已分配内存：0.021001815795898438 GB
GPU已分配内存的峰值：0.31577444076538086 GB
Epoch: 20 cost time: 2.2576379776000977
Epoch: 20, Steps: 64 | Train Loss: 0.3496842 Vali Loss: 0.6974598 Test Loss: 0.3526927
EarlyStopping counter: 4 out of 100
Updating learning rate to 1.6677181699666577e-05
0
Training with all the variates.
当前GPU已分配内存：0.021001815795898438 GB
GPU已分配内存的峰值：0.31577444076538086 GB
Epoch: 21 cost time: 2.2498488426208496
Epoch: 21, Steps: 64 | Train Loss: 0.3490191 Vali Loss: 0.6961641 Test Loss: 0.3524093
EarlyStopping counter: 5 out of 100
Updating learning rate to 1.5009463529699919e-05
0
Training with all the variates.
当前GPU已分配内存：0.021001815795898438 GB
GPU已分配内存的峰值：0.31577444076538086 GB
Epoch: 22 cost time: 2.254290819168091
Epoch: 22, Steps: 64 | Train Loss: 0.3492270 Vali Loss: 0.6935610 Test Loss: 0.3521697
EarlyStopping counter: 6 out of 100
Updating learning rate to 1.3508517176729929e-05
0
Training with all the variates.
当前GPU已分配内存：0.021001815795898438 GB
GPU已分配内存的峰值：0.31577444076538086 GB
Epoch: 23 cost time: 2.2529611587524414
Epoch: 23, Steps: 64 | Train Loss: 0.3483282 Vali Loss: 0.6933329 Test Loss: 0.3523700
EarlyStopping counter: 7 out of 100
Updating learning rate to 1.2157665459056936e-05
0
Training with all the variates.
当前GPU已分配内存：0.021001815795898438 GB
GPU已分配内存的峰值：0.31577444076538086 GB
Epoch: 24 cost time: 2.2480785846710205
Epoch: 24, Steps: 64 | Train Loss: 0.3481208 Vali Loss: 0.6959136 Test Loss: 0.3518302
EarlyStopping counter: 8 out of 100
Updating learning rate to 1.0941898913151242e-05
0
Training with all the variates.
当前GPU已分配内存：0.021001815795898438 GB
GPU已分配内存的峰值：0.31577444076538086 GB
Epoch: 25 cost time: 2.2484569549560547
Epoch: 25, Steps: 64 | Train Loss: 0.3482271 Vali Loss: 0.6932243 Test Loss: 0.3515665
EarlyStopping counter: 9 out of 100
Updating learning rate to 9.847709021836118e-06
0
Training with all the variates.
当前GPU已分配内存：0.021001815795898438 GB
GPU已分配内存的峰值：0.31577444076538086 GB
Epoch: 26 cost time: 2.245570182800293
Epoch: 26, Steps: 64 | Train Loss: 0.3473054 Vali Loss: 0.6959416 Test Loss: 0.3517740
EarlyStopping counter: 10 out of 100
Updating learning rate to 8.862938119652508e-06
0
Training with all the variates.
当前GPU已分配内存：0.021001815795898438 GB
GPU已分配内存的峰值：0.31577444076538086 GB
Epoch: 27 cost time: 2.2538859844207764
Epoch: 27, Steps: 64 | Train Loss: 0.3472693 Vali Loss: 0.6930625 Test Loss: 0.3515267
EarlyStopping counter: 11 out of 100
Updating learning rate to 7.976644307687255e-06
0
Training with all the variates.
当前GPU已分配内存：0.021001815795898438 GB
GPU已分配内存的峰值：0.31577444076538086 GB
Epoch: 28 cost time: 2.258613348007202
Epoch: 28, Steps: 64 | Train Loss: 0.3476571 Vali Loss: 0.6895589 Test Loss: 0.3516169
Validation loss decreased (0.690722 --> 0.689559).  Saving model ...
Updating learning rate to 7.178979876918531e-06
0
Training with all the variates.
当前GPU已分配内存：0.021001815795898438 GB
GPU已分配内存的峰值：0.31577444076538086 GB
Epoch: 29 cost time: 2.2500922679901123
Epoch: 29, Steps: 64 | Train Loss: 0.3473547 Vali Loss: 0.6886495 Test Loss: 0.3514224
Validation loss decreased (0.689559 --> 0.688649).  Saving model ...
Updating learning rate to 6.4610818892266776e-06
0
Training with all the variates.
当前GPU已分配内存：0.021001815795898438 GB
GPU已分配内存的峰值：0.31577444076538086 GB
Epoch: 30 cost time: 2.249175786972046
Epoch: 30, Steps: 64 | Train Loss: 0.3473985 Vali Loss: 0.6945367 Test Loss: 0.3513149
EarlyStopping counter: 1 out of 100
Updating learning rate to 5.8149737003040096e-06
0
Training with all the variates.
当前GPU已分配内存：0.021001815795898438 GB
GPU已分配内存的峰值：0.31577444076538086 GB
Epoch: 31 cost time: 2.2542731761932373
Epoch: 31, Steps: 64 | Train Loss: 0.3471765 Vali Loss: 0.6985013 Test Loss: 0.3517158
EarlyStopping counter: 2 out of 100
Updating learning rate to 5.23347633027361e-06
0
Training with all the variates.
当前GPU已分配内存：0.021001815795898438 GB
GPU已分配内存的峰值：0.31577444076538086 GB
Epoch: 32 cost time: 2.266289472579956
Epoch: 32, Steps: 64 | Train Loss: 0.3469286 Vali Loss: 0.6949175 Test Loss: 0.3513940
EarlyStopping counter: 3 out of 100
Updating learning rate to 4.710128697246249e-06
0
Training with all the variates.
当前GPU已分配内存：0.021001815795898438 GB
GPU已分配内存的峰值：0.31577444076538086 GB
Epoch: 33 cost time: 2.2677500247955322
Epoch: 33, Steps: 64 | Train Loss: 0.3470221 Vali Loss: 0.6949964 Test Loss: 0.3515244
EarlyStopping counter: 4 out of 100
Updating learning rate to 4.239115827521624e-06
0
Training with all the variates.
当前GPU已分配内存：0.021001815795898438 GB
GPU已分配内存的峰值：0.31577444076538086 GB
Epoch: 34 cost time: 2.2614288330078125
Epoch: 34, Steps: 64 | Train Loss: 0.3469918 Vali Loss: 0.6945695 Test Loss: 0.3514263
EarlyStopping counter: 5 out of 100
Updating learning rate to 3.815204244769462e-06
0
Training with all the variates.
当前GPU已分配内存：0.021001815795898438 GB
GPU已分配内存的峰值：0.31577444076538086 GB
Epoch: 35 cost time: 2.2862133979797363
Epoch: 35, Steps: 64 | Train Loss: 0.3467445 Vali Loss: 0.6947865 Test Loss: 0.3514220
EarlyStopping counter: 6 out of 100
Updating learning rate to 3.4336838202925152e-06
0
Training with all the variates.
当前GPU已分配内存：0.021001815795898438 GB
GPU已分配内存的峰值：0.31577444076538086 GB
Epoch: 36 cost time: 2.259608030319214
Epoch: 36, Steps: 64 | Train Loss: 0.3467988 Vali Loss: 0.6929515 Test Loss: 0.3513223
EarlyStopping counter: 7 out of 100
Updating learning rate to 3.090315438263264e-06
0
Training with all the variates.
当前GPU已分配内存：0.021001815795898438 GB
GPU已分配内存的峰值：0.31577444076538086 GB
Epoch: 37 cost time: 2.2641141414642334
Epoch: 37, Steps: 64 | Train Loss: 0.3465716 Vali Loss: 0.6987797 Test Loss: 0.3513460
EarlyStopping counter: 8 out of 100
Updating learning rate to 2.7812838944369375e-06
0
Training with all the variates.
当前GPU已分配内存：0.021001815795898438 GB
GPU已分配内存的峰值：0.31577444076538086 GB
Epoch: 38 cost time: 2.265913248062134
Epoch: 38, Steps: 64 | Train Loss: 0.3468830 Vali Loss: 0.6921812 Test Loss: 0.3512860
EarlyStopping counter: 9 out of 100
Updating learning rate to 2.503155504993244e-06
0
Training with all the variates.
当前GPU已分配内存：0.021001815795898438 GB
GPU已分配内存的峰值：0.31577444076538086 GB
Epoch: 39 cost time: 2.2667746543884277
Epoch: 39, Steps: 64 | Train Loss: 0.3463831 Vali Loss: 0.6981624 Test Loss: 0.3512281
EarlyStopping counter: 10 out of 100
Updating learning rate to 2.2528399544939195e-06
0
Training with all the variates.
当前GPU已分配内存：0.021001815795898438 GB
GPU已分配内存的峰值：0.31577444076538086 GB
Epoch: 40 cost time: 2.2621493339538574
Epoch: 40, Steps: 64 | Train Loss: 0.3465158 Vali Loss: 0.6970105 Test Loss: 0.3511428
EarlyStopping counter: 11 out of 100
Updating learning rate to 2.0275559590445276e-06
0
Training with all the variates.
当前GPU已分配内存：0.021001815795898438 GB
GPU已分配内存的峰值：0.31577444076538086 GB
Epoch: 41 cost time: 2.2519760131835938
Epoch: 41, Steps: 64 | Train Loss: 0.3464886 Vali Loss: 0.6936305 Test Loss: 0.3512731
EarlyStopping counter: 12 out of 100
Updating learning rate to 1.8248003631400751e-06
0
Training with all the variates.
当前GPU已分配内存：0.021001815795898438 GB
GPU已分配内存的峰值：0.31577444076538086 GB
Epoch: 42 cost time: 2.2633843421936035
Epoch: 42, Steps: 64 | Train Loss: 0.3465229 Vali Loss: 0.6945823 Test Loss: 0.3512031
EarlyStopping counter: 13 out of 100
Updating learning rate to 1.6423203268260676e-06
0
Training with all the variates.
当前GPU已分配内存：0.021001815795898438 GB
GPU已分配内存的峰值：0.31577444076538086 GB
Epoch: 43 cost time: 2.2636725902557373
Epoch: 43, Steps: 64 | Train Loss: 0.3464914 Vali Loss: 0.6914029 Test Loss: 0.3511275
EarlyStopping counter: 14 out of 100
Updating learning rate to 1.4780882941434609e-06
0
Training with all the variates.
当前GPU已分配内存：0.021001815795898438 GB
GPU已分配内存的峰值：0.31577444076538086 GB
Epoch: 44 cost time: 2.2577402591705322
Epoch: 44, Steps: 64 | Train Loss: 0.3461033 Vali Loss: 0.6934558 Test Loss: 0.3511547
EarlyStopping counter: 15 out of 100
Updating learning rate to 1.3302794647291146e-06
0
Training with all the variates.
当前GPU已分配内存：0.021001815795898438 GB
GPU已分配内存的峰值：0.31577444076538086 GB
Epoch: 45 cost time: 2.2591750621795654
Epoch: 45, Steps: 64 | Train Loss: 0.3464805 Vali Loss: 0.6969350 Test Loss: 0.3512973
EarlyStopping counter: 16 out of 100
Updating learning rate to 1.1972515182562034e-06
0
Training with all the variates.
当前GPU已分配内存：0.021001815795898438 GB
GPU已分配内存的峰值：0.31577444076538086 GB
Epoch: 46 cost time: 2.2638497352600098
Epoch: 46, Steps: 64 | Train Loss: 0.3466000 Vali Loss: 0.6949685 Test Loss: 0.3509588
EarlyStopping counter: 17 out of 100
Updating learning rate to 1.077526366430583e-06
0
Training with all the variates.
当前GPU已分配内存：0.021001815795898438 GB
GPU已分配内存的峰值：0.31577444076538086 GB
Epoch: 47 cost time: 2.262014865875244
Epoch: 47, Steps: 64 | Train Loss: 0.3463017 Vali Loss: 0.6963269 Test Loss: 0.3512727
EarlyStopping counter: 18 out of 100
Updating learning rate to 9.697737297875248e-07
0
Training with all the variates.
当前GPU已分配内存：0.021001815795898438 GB
GPU已分配内存的峰值：0.31577444076538086 GB
Epoch: 48 cost time: 2.256453514099121
Epoch: 48, Steps: 64 | Train Loss: 0.3458681 Vali Loss: 0.6965453 Test Loss: 0.3509577
EarlyStopping counter: 19 out of 100
Updating learning rate to 8.727963568087723e-07
0
Training with all the variates.
当前GPU已分配内存：0.021001815795898438 GB
GPU已分配内存的峰值：0.31577444076538086 GB
Epoch: 49 cost time: 2.2664966583251953
Epoch: 49, Steps: 64 | Train Loss: 0.3459972 Vali Loss: 0.6985285 Test Loss: 0.3512141
EarlyStopping counter: 20 out of 100
Updating learning rate to 7.855167211278951e-07
0
Training with all the variates.
当前GPU已分配内存：0.021001815795898438 GB
GPU已分配内存的峰值：0.31577444076538086 GB
Epoch: 50 cost time: 2.254291296005249
Epoch: 50, Steps: 64 | Train Loss: 0.3463500 Vali Loss: 0.6939723 Test Loss: 0.3510105
EarlyStopping counter: 21 out of 100
Updating learning rate to 7.069650490151056e-07
0
Training with all the variates.
当前GPU已分配内存：0.021001815795898438 GB
GPU已分配内存的峰值：0.31577444076538086 GB
Epoch: 51 cost time: 2.2607221603393555
Epoch: 51, Steps: 64 | Train Loss: 0.3463297 Vali Loss: 0.6952359 Test Loss: 0.3510343
EarlyStopping counter: 22 out of 100
Updating learning rate to 6.36268544113595e-07
0
Training with all the variates.
当前GPU已分配内存：0.021001815795898438 GB
GPU已分配内存的峰值：0.31577444076538086 GB
Epoch: 52 cost time: 2.2672688961029053
Epoch: 52, Steps: 64 | Train Loss: 0.3460280 Vali Loss: 0.6935300 Test Loss: 0.3511004
EarlyStopping counter: 23 out of 100
Updating learning rate to 5.726416897022355e-07
0
Training with all the variates.
当前GPU已分配内存：0.021001815795898438 GB
GPU已分配内存的峰值：0.31577444076538086 GB
Epoch: 53 cost time: 2.262773036956787
Epoch: 53, Steps: 64 | Train Loss: 0.3459410 Vali Loss: 0.6928105 Test Loss: 0.3510226
EarlyStopping counter: 24 out of 100
Updating learning rate to 5.15377520732012e-07
0
Training with all the variates.
当前GPU已分配内存：0.021001815795898438 GB
GPU已分配内存的峰值：0.31577444076538086 GB
Epoch: 54 cost time: 2.26570987701416
Epoch: 54, Steps: 64 | Train Loss: 0.3462078 Vali Loss: 0.6964561 Test Loss: 0.3510764
EarlyStopping counter: 25 out of 100
Updating learning rate to 4.6383976865881085e-07
0
Training with all the variates.
当前GPU已分配内存：0.021001815795898438 GB
GPU已分配内存的峰值：0.31577444076538086 GB
Epoch: 55 cost time: 2.265367031097412
Epoch: 55, Steps: 64 | Train Loss: 0.3460714 Vali Loss: 0.6975511 Test Loss: 0.3509685
EarlyStopping counter: 26 out of 100
Updating learning rate to 4.174557917929298e-07
0
Training with all the variates.
当前GPU已分配内存：0.021001815795898438 GB
GPU已分配内存的峰值：0.31577444076538086 GB
Epoch: 56 cost time: 2.2897226810455322
Epoch: 56, Steps: 64 | Train Loss: 0.3461949 Vali Loss: 0.6980471 Test Loss: 0.3511890
EarlyStopping counter: 27 out of 100
Updating learning rate to 3.7571021261363677e-07
0
Training with all the variates.
当前GPU已分配内存：0.021001815795898438 GB
GPU已分配内存的峰值：0.31577444076538086 GB
Epoch: 57 cost time: 2.263725757598877
Epoch: 57, Steps: 64 | Train Loss: 0.3460701 Vali Loss: 0.6959505 Test Loss: 0.3510205
EarlyStopping counter: 28 out of 100
Updating learning rate to 3.381391913522731e-07
0
Training with all the variates.
当前GPU已分配内存：0.021001815795898438 GB
GPU已分配内存的峰值：0.31577444076538086 GB
Epoch: 58 cost time: 2.257335901260376
Epoch: 58, Steps: 64 | Train Loss: 0.3461565 Vali Loss: 0.6970899 Test Loss: 0.3514137
EarlyStopping counter: 29 out of 100
Updating learning rate to 3.043252722170458e-07
0
Training with all the variates.
当前GPU已分配内存：0.021001815795898438 GB
GPU已分配内存的峰值：0.31577444076538086 GB
Epoch: 59 cost time: 2.27523136138916
Epoch: 59, Steps: 64 | Train Loss: 0.3461010 Vali Loss: 0.6963313 Test Loss: 0.3510600
EarlyStopping counter: 30 out of 100
Updating learning rate to 2.7389274499534124e-07
0
Training with all the variates.
当前GPU已分配内存：0.021001815795898438 GB
GPU已分配内存的峰值：0.31577444076538086 GB
Epoch: 60 cost time: 2.2624568939208984
Epoch: 60, Steps: 64 | Train Loss: 0.3462183 Vali Loss: 0.6960840 Test Loss: 0.3510841
EarlyStopping counter: 31 out of 100
Updating learning rate to 2.465034704958071e-07
>>>>>>>testing : ETTh1_336_96_PerioDformer_ETTh1_ftM_sl336_ll48_pl96_dm32_nh4_el3_dl1_df128_fc1_ebtimeF_dtTrue_Exp_2_24_2_32_128__exp1_dim16_0_0<<<<<<<<<<<<<<<<<<<<<<<<<<<<<<<<<
test 2785
test-mse:0.35142239928245544, mae:0.38436365127563477, rse:0.5621214509010315
