Args in experiment:
Namespace(random_seed=2024, is_training=1, model_id='ETTh2_336_192', model='PerioDformer', data='ETTh2', root_path='./dataset/10%/', data_path='ETTh2.csv', features='M', target='OT', freq='h', checkpoints='./checkpoints/', seq_len=336, label_len=48, pred_len=192, w=3, C=24, mlp_num=1, d_model2=32, d_ff2=32, experiment=2, dimension=24, percent=0, fc_dropout=0.3, head_dropout=0.0, patch_len=16, stride=8, padding_patch='end', revin=1, affine=0, subtract_last=0, decomposition=0, kernel_size=25, individual=0, embed_type=0, enc_in=7, dec_in=7, c_out=7, d_model=16, n_heads=4, e_layers=1, d_layers=1, d_ff=16, moving_avg=25, factor=1, distil=True, dropout=0.3, embed='timeF', activation='gelu', output_attention=False, do_predict=False, num_workers=0, itr=1, train_epochs=60, batch_size=128, patience=100, learning_rate=0.0001, des='Exp', loss='mse', lradj='type3', pct_start=0.3, use_amp=False, use_gpu=True, gpu=0, use_multi_gpu=False, devices='0,1,2,3', test_flop=False)
Use GPU: cuda:0
线性头的参数量为： 2824
>>>>>>>start training : ETTh2_336_192_PerioDformer_ETTh2_ftM_sl336_ll48_pl192_dm16_nh4_el1_dl1_df16_fc1_ebtimeF_dtTrue_Exp_3_24_1_32_32__exp2_dim24_0_0>>>>>>>>>>>>>>>>>>>>>>>>>>
train 8113
val 2689
test 2689
0
Training with all the variates.
当前GPU已分配内存：0.021474838256835938 GB
GPU已分配内存的峰值：0.18292665481567383 GB
Epoch: 1 cost time: 2.7555947303771973
Epoch: 1, Steps: 63 | Train Loss: 0.6760136 Vali Loss: 0.4044501 Test Loss: 0.4110594
Validation loss decreased (inf --> 0.404450).  Saving model ...
Updating learning rate to 0.0001
0
Training with all the variates.
当前GPU已分配内存：0.021474838256835938 GB
GPU已分配内存的峰值：0.18312883377075195 GB
Epoch: 2 cost time: 1.2112700939178467
Epoch: 2, Steps: 63 | Train Loss: 0.6410441 Vali Loss: 0.3488750 Test Loss: 0.3898030
Validation loss decreased (0.404450 --> 0.348875).  Saving model ...
Updating learning rate to 0.0001
0
Training with all the variates.
当前GPU已分配内存：0.021474838256835938 GB
GPU已分配内存的峰值：0.18312883377075195 GB
Epoch: 3 cost time: 1.4380006790161133
Epoch: 3, Steps: 63 | Train Loss: 0.5973799 Vali Loss: 0.3234548 Test Loss: 0.3768615
Validation loss decreased (0.348875 --> 0.323455).  Saving model ...
Updating learning rate to 0.0001
0
Training with all the variates.
当前GPU已分配内存：0.021474838256835938 GB
GPU已分配内存的峰值：0.18312883377075195 GB
Epoch: 4 cost time: 1.7068140506744385
Epoch: 4, Steps: 63 | Train Loss: 0.5733171 Vali Loss: 0.3099273 Test Loss: 0.3655665
Validation loss decreased (0.323455 --> 0.309927).  Saving model ...
Updating learning rate to 9e-05
0
Training with all the variates.
当前GPU已分配内存：0.021474838256835938 GB
GPU已分配内存的峰值：0.18312883377075195 GB
Epoch: 5 cost time: 1.786086082458496
Epoch: 5, Steps: 63 | Train Loss: 0.5578126 Vali Loss: 0.3008015 Test Loss: 0.3583027
Validation loss decreased (0.309927 --> 0.300801).  Saving model ...
Updating learning rate to 8.1e-05
0
Training with all the variates.
当前GPU已分配内存：0.021474838256835938 GB
GPU已分配内存的峰值：0.18312883377075195 GB
Epoch: 6 cost time: 1.7804217338562012
Epoch: 6, Steps: 63 | Train Loss: 0.5478017 Vali Loss: 0.2948320 Test Loss: 0.3530011
Validation loss decreased (0.300801 --> 0.294832).  Saving model ...
Updating learning rate to 7.290000000000001e-05
0
Training with all the variates.
当前GPU已分配内存：0.021474838256835938 GB
GPU已分配内存的峰值：0.18312883377075195 GB
Epoch: 7 cost time: 1.703099250793457
Epoch: 7, Steps: 63 | Train Loss: 0.5407214 Vali Loss: 0.2904226 Test Loss: 0.3491706
Validation loss decreased (0.294832 --> 0.290423).  Saving model ...
Updating learning rate to 6.561e-05
0
Training with all the variates.
当前GPU已分配内存：0.021474838256835938 GB
GPU已分配内存的峰值：0.18312883377075195 GB
Epoch: 8 cost time: 1.7651569843292236
Epoch: 8, Steps: 63 | Train Loss: 0.5349360 Vali Loss: 0.2877299 Test Loss: 0.3452471
Validation loss decreased (0.290423 --> 0.287730).  Saving model ...
Updating learning rate to 5.904900000000001e-05
0
Training with all the variates.
当前GPU已分配内存：0.021474838256835938 GB
GPU已分配内存的峰值：0.18312883377075195 GB
Epoch: 9 cost time: 1.7734508514404297
Epoch: 9, Steps: 63 | Train Loss: 0.5309447 Vali Loss: 0.2852735 Test Loss: 0.3435269
Validation loss decreased (0.287730 --> 0.285274).  Saving model ...
Updating learning rate to 5.3144100000000005e-05
0
Training with all the variates.
当前GPU已分配内存：0.021474838256835938 GB
GPU已分配内存的峰值：0.18312883377075195 GB
Epoch: 10 cost time: 1.7334232330322266
Epoch: 10, Steps: 63 | Train Loss: 0.5280350 Vali Loss: 0.2836608 Test Loss: 0.3413202
Validation loss decreased (0.285274 --> 0.283661).  Saving model ...
Updating learning rate to 4.782969000000001e-05
0
Training with all the variates.
当前GPU已分配内存：0.021474838256835938 GB
GPU已分配内存的峰值：0.18312883377075195 GB
Epoch: 11 cost time: 1.755981206893921
Epoch: 11, Steps: 63 | Train Loss: 0.5235018 Vali Loss: 0.2819545 Test Loss: 0.3406357
Validation loss decreased (0.283661 --> 0.281955).  Saving model ...
Updating learning rate to 4.304672100000001e-05
0
Training with all the variates.
当前GPU已分配内存：0.021474838256835938 GB
GPU已分配内存的峰值：0.18312883377075195 GB
Epoch: 12 cost time: 1.8412747383117676
Epoch: 12, Steps: 63 | Train Loss: 0.5226799 Vali Loss: 0.2809786 Test Loss: 0.3396067
Validation loss decreased (0.281955 --> 0.280979).  Saving model ...
Updating learning rate to 3.874204890000001e-05
0
Training with all the variates.
当前GPU已分配内存：0.021474838256835938 GB
GPU已分配内存的峰值：0.18312883377075195 GB
Epoch: 13 cost time: 1.6827125549316406
Epoch: 13, Steps: 63 | Train Loss: 0.5209153 Vali Loss: 0.2803876 Test Loss: 0.3387545
Validation loss decreased (0.280979 --> 0.280388).  Saving model ...
Updating learning rate to 3.486784401000001e-05
0
Training with all the variates.
当前GPU已分配内存：0.021474838256835938 GB
GPU已分配内存的峰值：0.18312883377075195 GB
Epoch: 14 cost time: 1.7430016994476318
Epoch: 14, Steps: 63 | Train Loss: 0.5225241 Vali Loss: 0.2802874 Test Loss: 0.3379315
Validation loss decreased (0.280388 --> 0.280287).  Saving model ...
Updating learning rate to 3.138105960900001e-05
0
Training with all the variates.
当前GPU已分配内存：0.021474838256835938 GB
GPU已分配内存的峰值：0.18312883377075195 GB
Epoch: 15 cost time: 1.7823069095611572
Epoch: 15, Steps: 63 | Train Loss: 0.5198795 Vali Loss: 0.2789277 Test Loss: 0.3379759
Validation loss decreased (0.280287 --> 0.278928).  Saving model ...
Updating learning rate to 2.824295364810001e-05
0
Training with all the variates.
当前GPU已分配内存：0.021474838256835938 GB
GPU已分配内存的峰值：0.18312883377075195 GB
Epoch: 16 cost time: 1.712740182876587
Epoch: 16, Steps: 63 | Train Loss: 0.5184044 Vali Loss: 0.2787354 Test Loss: 0.3374451
Validation loss decreased (0.278928 --> 0.278735).  Saving model ...
Updating learning rate to 2.541865828329001e-05
0
Training with all the variates.
当前GPU已分配内存：0.021474838256835938 GB
GPU已分配内存的峰值：0.18312883377075195 GB
Epoch: 17 cost time: 1.6911933422088623
Epoch: 17, Steps: 63 | Train Loss: 0.5190343 Vali Loss: 0.2781667 Test Loss: 0.3373494
Validation loss decreased (0.278735 --> 0.278167).  Saving model ...
Updating learning rate to 2.287679245496101e-05
0
Training with all the variates.
当前GPU已分配内存：0.021474838256835938 GB
GPU已分配内存的峰值：0.18312883377075195 GB
Epoch: 18 cost time: 1.6916394233703613
Epoch: 18, Steps: 63 | Train Loss: 0.5180174 Vali Loss: 0.2783048 Test Loss: 0.3369908
EarlyStopping counter: 1 out of 100
Updating learning rate to 2.0589113209464907e-05
0
Training with all the variates.
当前GPU已分配内存：0.021474838256835938 GB
GPU已分配内存的峰值：0.18312883377075195 GB
Epoch: 19 cost time: 1.8222630023956299
Epoch: 19, Steps: 63 | Train Loss: 0.5187418 Vali Loss: 0.2780821 Test Loss: 0.3367493
Validation loss decreased (0.278167 --> 0.278082).  Saving model ...
Updating learning rate to 1.8530201888518416e-05
0
Training with all the variates.
当前GPU已分配内存：0.021474838256835938 GB
GPU已分配内存的峰值：0.18312883377075195 GB
Epoch: 20 cost time: 1.7567553520202637
Epoch: 20, Steps: 63 | Train Loss: 0.5160538 Vali Loss: 0.2776486 Test Loss: 0.3364724
Validation loss decreased (0.278082 --> 0.277649).  Saving model ...
Updating learning rate to 1.6677181699666577e-05
0
Training with all the variates.
当前GPU已分配内存：0.021474838256835938 GB
GPU已分配内存的峰值：0.18312883377075195 GB
Epoch: 21 cost time: 1.704503059387207
Epoch: 21, Steps: 63 | Train Loss: 0.5142765 Vali Loss: 0.2772671 Test Loss: 0.3369009
Validation loss decreased (0.277649 --> 0.277267).  Saving model ...
Updating learning rate to 1.5009463529699919e-05
0
Training with all the variates.
当前GPU已分配内存：0.021474838256835938 GB
GPU已分配内存的峰值：0.18312883377075195 GB
Epoch: 22 cost time: 1.788759708404541
Epoch: 22, Steps: 63 | Train Loss: 0.5163338 Vali Loss: 0.2774812 Test Loss: 0.3365319
EarlyStopping counter: 1 out of 100
Updating learning rate to 1.3508517176729929e-05
0
Training with all the variates.
当前GPU已分配内存：0.021474838256835938 GB
GPU已分配内存的峰值：0.18312883377075195 GB
Epoch: 23 cost time: 1.7844231128692627
Epoch: 23, Steps: 63 | Train Loss: 0.5171374 Vali Loss: 0.2771482 Test Loss: 0.3364009
Validation loss decreased (0.277267 --> 0.277148).  Saving model ...
Updating learning rate to 1.2157665459056936e-05
0
Training with all the variates.
当前GPU已分配内存：0.021474838256835938 GB
GPU已分配内存的峰值：0.18312883377075195 GB
Epoch: 24 cost time: 1.6812286376953125
Epoch: 24, Steps: 63 | Train Loss: 0.5166053 Vali Loss: 0.2776046 Test Loss: 0.3360213
EarlyStopping counter: 1 out of 100
Updating learning rate to 1.0941898913151242e-05
0
Training with all the variates.
当前GPU已分配内存：0.021474838256835938 GB
GPU已分配内存的峰值：0.18312883377075195 GB
Epoch: 25 cost time: 1.7426044940948486
Epoch: 25, Steps: 63 | Train Loss: 0.5159317 Vali Loss: 0.2773329 Test Loss: 0.3361516
EarlyStopping counter: 2 out of 100
Updating learning rate to 9.847709021836118e-06
0
Training with all the variates.
当前GPU已分配内存：0.021474838256835938 GB
GPU已分配内存的峰值：0.18312883377075195 GB
Epoch: 26 cost time: 1.7806437015533447
Epoch: 26, Steps: 63 | Train Loss: 0.5140746 Vali Loss: 0.2769166 Test Loss: 0.3361974
Validation loss decreased (0.277148 --> 0.276917).  Saving model ...
Updating learning rate to 8.862938119652508e-06
0
Training with all the variates.
当前GPU已分配内存：0.021474838256835938 GB
GPU已分配内存的峰值：0.18312883377075195 GB
Epoch: 27 cost time: 1.687469244003296
Epoch: 27, Steps: 63 | Train Loss: 0.5152894 Vali Loss: 0.2770593 Test Loss: 0.3361329
EarlyStopping counter: 1 out of 100
Updating learning rate to 7.976644307687255e-06
0
Training with all the variates.
当前GPU已分配内存：0.021474838256835938 GB
GPU已分配内存的峰值：0.18312883377075195 GB
Epoch: 28 cost time: 1.7258055210113525
Epoch: 28, Steps: 63 | Train Loss: 0.5155611 Vali Loss: 0.2769268 Test Loss: 0.3361200
EarlyStopping counter: 2 out of 100
Updating learning rate to 7.178979876918531e-06
0
Training with all the variates.
当前GPU已分配内存：0.021474838256835938 GB
GPU已分配内存的峰值：0.18312883377075195 GB
Epoch: 29 cost time: 1.8073029518127441
Epoch: 29, Steps: 63 | Train Loss: 0.5160747 Vali Loss: 0.2768176 Test Loss: 0.3361031
Validation loss decreased (0.276917 --> 0.276818).  Saving model ...
Updating learning rate to 6.4610818892266776e-06
0
Training with all the variates.
当前GPU已分配内存：0.021474838256835938 GB
GPU已分配内存的峰值：0.18312883377075195 GB
Epoch: 30 cost time: 1.7491443157196045
Epoch: 30, Steps: 63 | Train Loss: 0.5142586 Vali Loss: 0.2768114 Test Loss: 0.3359784
Validation loss decreased (0.276818 --> 0.276811).  Saving model ...
Updating learning rate to 5.8149737003040096e-06
0
Training with all the variates.
当前GPU已分配内存：0.021474838256835938 GB
GPU已分配内存的峰值：0.18312883377075195 GB
Epoch: 31 cost time: 1.7185728549957275
Epoch: 31, Steps: 63 | Train Loss: 0.5137975 Vali Loss: 0.2767668 Test Loss: 0.3360473
Validation loss decreased (0.276811 --> 0.276767).  Saving model ...
Updating learning rate to 5.23347633027361e-06
0
Training with all the variates.
当前GPU已分配内存：0.021474838256835938 GB
GPU已分配内存的峰值：0.18312883377075195 GB
Epoch: 32 cost time: 1.7950022220611572
Epoch: 32, Steps: 63 | Train Loss: 0.5147764 Vali Loss: 0.2767716 Test Loss: 0.3359032
EarlyStopping counter: 1 out of 100
Updating learning rate to 4.710128697246249e-06
0
Training with all the variates.
当前GPU已分配内存：0.021474838256835938 GB
GPU已分配内存的峰值：0.18312883377075195 GB
Epoch: 33 cost time: 1.6924571990966797
Epoch: 33, Steps: 63 | Train Loss: 0.5134701 Vali Loss: 0.2767485 Test Loss: 0.3358796
Validation loss decreased (0.276767 --> 0.276749).  Saving model ...
Updating learning rate to 4.239115827521624e-06
0
Training with all the variates.
当前GPU已分配内存：0.021474838256835938 GB
GPU已分配内存的峰值：0.18312883377075195 GB
Epoch: 34 cost time: 1.6787688732147217
Epoch: 34, Steps: 63 | Train Loss: 0.5134045 Vali Loss: 0.2767161 Test Loss: 0.3358364
Validation loss decreased (0.276749 --> 0.276716).  Saving model ...
Updating learning rate to 3.815204244769462e-06
0
Training with all the variates.
当前GPU已分配内存：0.021474838256835938 GB
GPU已分配内存的峰值：0.18312883377075195 GB
Epoch: 35 cost time: 1.8034014701843262
Epoch: 35, Steps: 63 | Train Loss: 0.5145269 Vali Loss: 0.2766842 Test Loss: 0.3358105
Validation loss decreased (0.276716 --> 0.276684).  Saving model ...
Updating learning rate to 3.4336838202925152e-06
0
Training with all the variates.
当前GPU已分配内存：0.021474838256835938 GB
GPU已分配内存的峰值：0.18312883377075195 GB
Epoch: 36 cost time: 1.7178361415863037
Epoch: 36, Steps: 63 | Train Loss: 0.5136620 Vali Loss: 0.2766892 Test Loss: 0.3358603
EarlyStopping counter: 1 out of 100
Updating learning rate to 3.090315438263264e-06
0
Training with all the variates.
当前GPU已分配内存：0.021474838256835938 GB
GPU已分配内存的峰值：0.18312883377075195 GB
Epoch: 37 cost time: 1.6886539459228516
Epoch: 37, Steps: 63 | Train Loss: 0.5143776 Vali Loss: 0.2763969 Test Loss: 0.3359002
Validation loss decreased (0.276684 --> 0.276397).  Saving model ...
Updating learning rate to 2.7812838944369375e-06
0
Training with all the variates.
当前GPU已分配内存：0.021474838256835938 GB
GPU已分配内存的峰值：0.18312883377075195 GB
Epoch: 38 cost time: 1.8099799156188965
Epoch: 38, Steps: 63 | Train Loss: 0.5133260 Vali Loss: 0.2766766 Test Loss: 0.3358901
EarlyStopping counter: 1 out of 100
Updating learning rate to 2.503155504993244e-06
0
Training with all the variates.
当前GPU已分配内存：0.021474838256835938 GB
GPU已分配内存的峰值：0.18312883377075195 GB
Epoch: 39 cost time: 1.7678804397583008
Epoch: 39, Steps: 63 | Train Loss: 0.5144174 Vali Loss: 0.2765033 Test Loss: 0.3358721
EarlyStopping counter: 2 out of 100
Updating learning rate to 2.2528399544939195e-06
0
Training with all the variates.
当前GPU已分配内存：0.021474838256835938 GB
GPU已分配内存的峰值：0.18312883377075195 GB
Epoch: 40 cost time: 1.6763441562652588
Epoch: 40, Steps: 63 | Train Loss: 0.5137188 Vali Loss: 0.2765387 Test Loss: 0.3358813
EarlyStopping counter: 3 out of 100
Updating learning rate to 2.0275559590445276e-06
0
Training with all the variates.
当前GPU已分配内存：0.021474838256835938 GB
GPU已分配内存的峰值：0.18312883377075195 GB
Epoch: 41 cost time: 1.8369114398956299
Epoch: 41, Steps: 63 | Train Loss: 0.5129186 Vali Loss: 0.2767188 Test Loss: 0.3357415
EarlyStopping counter: 4 out of 100
Updating learning rate to 1.8248003631400751e-06
0
Training with all the variates.
当前GPU已分配内存：0.021474838256835938 GB
GPU已分配内存的峰值：0.18312883377075195 GB
Epoch: 42 cost time: 1.710221767425537
Epoch: 42, Steps: 63 | Train Loss: 0.5138344 Vali Loss: 0.2764467 Test Loss: 0.3358279
EarlyStopping counter: 5 out of 100
Updating learning rate to 1.6423203268260676e-06
0
Training with all the variates.
当前GPU已分配内存：0.021474838256835938 GB
GPU已分配内存的峰值：0.18312883377075195 GB
Epoch: 43 cost time: 1.6802160739898682
Epoch: 43, Steps: 63 | Train Loss: 0.5127686 Vali Loss: 0.2766567 Test Loss: 0.3357877
EarlyStopping counter: 6 out of 100
Updating learning rate to 1.4780882941434609e-06
0
Training with all the variates.
当前GPU已分配内存：0.021474838256835938 GB
GPU已分配内存的峰值：0.18312883377075195 GB
Epoch: 44 cost time: 1.8672709465026855
Epoch: 44, Steps: 63 | Train Loss: 0.5128542 Vali Loss: 0.2765016 Test Loss: 0.3357762
EarlyStopping counter: 7 out of 100
Updating learning rate to 1.3302794647291146e-06
0
Training with all the variates.
当前GPU已分配内存：0.021474838256835938 GB
GPU已分配内存的峰值：0.18312883377075195 GB
Epoch: 45 cost time: 1.7933893203735352
Epoch: 45, Steps: 63 | Train Loss: 0.5122115 Vali Loss: 0.2761528 Test Loss: 0.3358119
Validation loss decreased (0.276397 --> 0.276153).  Saving model ...
Updating learning rate to 1.1972515182562034e-06
0
Training with all the variates.
当前GPU已分配内存：0.021474838256835938 GB
GPU已分配内存的峰值：0.18312883377075195 GB
Epoch: 46 cost time: 1.7077209949493408
Epoch: 46, Steps: 63 | Train Loss: 0.5128724 Vali Loss: 0.2764997 Test Loss: 0.3357771
EarlyStopping counter: 1 out of 100
Updating learning rate to 1.077526366430583e-06
0
Training with all the variates.
当前GPU已分配内存：0.021474838256835938 GB
GPU已分配内存的峰值：0.18312883377075195 GB
Epoch: 47 cost time: 1.7914552688598633
Epoch: 47, Steps: 63 | Train Loss: 0.5149638 Vali Loss: 0.2765562 Test Loss: 0.3357633
EarlyStopping counter: 2 out of 100
Updating learning rate to 9.697737297875248e-07
0
Training with all the variates.
当前GPU已分配内存：0.021474838256835938 GB
GPU已分配内存的峰值：0.18312883377075195 GB
Epoch: 48 cost time: 1.795565128326416
Epoch: 48, Steps: 63 | Train Loss: 0.5140928 Vali Loss: 0.2766186 Test Loss: 0.3357994
EarlyStopping counter: 3 out of 100
Updating learning rate to 8.727963568087723e-07
0
Training with all the variates.
当前GPU已分配内存：0.021474838256835938 GB
GPU已分配内存的峰值：0.18312883377075195 GB
Epoch: 49 cost time: 1.70145845413208
Epoch: 49, Steps: 63 | Train Loss: 0.5116956 Vali Loss: 0.2765107 Test Loss: 0.3357996
EarlyStopping counter: 4 out of 100
Updating learning rate to 7.855167211278951e-07
0
Training with all the variates.
当前GPU已分配内存：0.021474838256835938 GB
GPU已分配内存的峰值：0.18312883377075195 GB
Epoch: 50 cost time: 1.793675184249878
Epoch: 50, Steps: 63 | Train Loss: 0.5134945 Vali Loss: 0.2765042 Test Loss: 0.3357732
EarlyStopping counter: 5 out of 100
Updating learning rate to 7.069650490151056e-07
0
Training with all the variates.
当前GPU已分配内存：0.021474838256835938 GB
GPU已分配内存的峰值：0.18312883377075195 GB
Epoch: 51 cost time: 1.7806367874145508
Epoch: 51, Steps: 63 | Train Loss: 0.5148453 Vali Loss: 0.2765521 Test Loss: 0.3357527
EarlyStopping counter: 6 out of 100
Updating learning rate to 6.36268544113595e-07
0
Training with all the variates.
当前GPU已分配内存：0.021474838256835938 GB
GPU已分配内存的峰值：0.18312883377075195 GB
Epoch: 52 cost time: 1.6818690299987793
Epoch: 52, Steps: 63 | Train Loss: 0.5148310 Vali Loss: 0.2764794 Test Loss: 0.3357459
EarlyStopping counter: 7 out of 100
Updating learning rate to 5.726416897022355e-07
0
Training with all the variates.
当前GPU已分配内存：0.021474838256835938 GB
GPU已分配内存的峰值：0.18312883377075195 GB
Epoch: 53 cost time: 1.7646665573120117
Epoch: 53, Steps: 63 | Train Loss: 0.5131422 Vali Loss: 0.2764677 Test Loss: 0.3358061
EarlyStopping counter: 8 out of 100
Updating learning rate to 5.15377520732012e-07
0
Training with all the variates.
当前GPU已分配内存：0.021474838256835938 GB
GPU已分配内存的峰值：0.18312883377075195 GB
Epoch: 54 cost time: 1.8543391227722168
Epoch: 54, Steps: 63 | Train Loss: 0.5131371 Vali Loss: 0.2764612 Test Loss: 0.3358117
EarlyStopping counter: 9 out of 100
Updating learning rate to 4.6383976865881085e-07
0
Training with all the variates.
当前GPU已分配内存：0.021474838256835938 GB
GPU已分配内存的峰值：0.18312883377075195 GB
Epoch: 55 cost time: 1.6828062534332275
Epoch: 55, Steps: 63 | Train Loss: 0.5124904 Vali Loss: 0.2764502 Test Loss: 0.3357835
EarlyStopping counter: 10 out of 100
Updating learning rate to 4.174557917929298e-07
0
Training with all the variates.
当前GPU已分配内存：0.021474838256835938 GB
GPU已分配内存的峰值：0.18312883377075195 GB
Epoch: 56 cost time: 1.7217328548431396
Epoch: 56, Steps: 63 | Train Loss: 0.5134799 Vali Loss: 0.2765266 Test Loss: 0.3357480
EarlyStopping counter: 11 out of 100
Updating learning rate to 3.7571021261363677e-07
0
Training with all the variates.
当前GPU已分配内存：0.021474838256835938 GB
GPU已分配内存的峰值：0.18312883377075195 GB
Epoch: 57 cost time: 1.7958621978759766
Epoch: 57, Steps: 63 | Train Loss: 0.5133049 Vali Loss: 0.2765347 Test Loss: 0.3358163
EarlyStopping counter: 12 out of 100
Updating learning rate to 3.381391913522731e-07
0
Training with all the variates.
当前GPU已分配内存：0.021474838256835938 GB
GPU已分配内存的峰值：0.18312883377075195 GB
Epoch: 58 cost time: 1.7593493461608887
Epoch: 58, Steps: 63 | Train Loss: 0.5127960 Vali Loss: 0.2763780 Test Loss: 0.3358130
EarlyStopping counter: 13 out of 100
Updating learning rate to 3.043252722170458e-07
0
Training with all the variates.
当前GPU已分配内存：0.021474838256835938 GB
GPU已分配内存的峰值：0.18312883377075195 GB
Epoch: 59 cost time: 1.754793643951416
Epoch: 59, Steps: 63 | Train Loss: 0.5156654 Vali Loss: 0.2764651 Test Loss: 0.3357310
EarlyStopping counter: 14 out of 100
Updating learning rate to 2.7389274499534124e-07
0
Training with all the variates.
当前GPU已分配内存：0.021474838256835938 GB
GPU已分配内存的峰值：0.18312883377075195 GB
Epoch: 60 cost time: 1.8615038394927979
Epoch: 60, Steps: 63 | Train Loss: 0.5140484 Vali Loss: 0.2765506 Test Loss: 0.3358160
EarlyStopping counter: 15 out of 100
Updating learning rate to 2.465034704958071e-07
>>>>>>>testing : ETTh2_336_192_PerioDformer_ETTh2_ftM_sl336_ll48_pl192_dm16_nh4_el1_dl1_df16_fc1_ebtimeF_dtTrue_Exp_3_24_1_32_32__exp2_dim24_0_0<<<<<<<<<<<<<<<<<<<<<<<<<<<<<<<<<
test 2689
test-mse:0.3358117341995239, mae:0.37959614396095276, rse:0.4675539433956146
