Args in experiment:
Namespace(random_seed=2024, is_training=1, model_id='ETTh2_336_336', model='PerioDformer', data='ETTh2', root_path='./dataset/10%/', data_path='ETTh2.csv', features='M', target='OT', freq='h', checkpoints='./checkpoints/', seq_len=336, label_len=48, pred_len=336, w=5, C=24, mlp_num=1, d_model2=32, d_ff2=32, experiment=2, dimension=24, percent=0, fc_dropout=0.3, head_dropout=0.0, patch_len=16, stride=8, padding_patch='end', revin=1, affine=0, subtract_last=0, decomposition=0, kernel_size=25, individual=0, embed_type=0, enc_in=7, dec_in=7, c_out=7, d_model=16, n_heads=4, e_layers=2, d_layers=1, d_ff=16, moving_avg=25, factor=1, distil=True, dropout=0.3, embed='timeF', activation='gelu', output_attention=False, do_predict=False, num_workers=0, itr=1, train_epochs=60, batch_size=128, patience=100, learning_rate=0.0001, des='Exp', loss='mse', lradj='type3', pct_start=0.3, use_amp=False, use_gpu=True, gpu=0, use_multi_gpu=False, devices='0,1,2,3', test_flop=False)
Use GPU: cuda:0
线性头的参数量为： 4942
>>>>>>>start training : ETTh2_336_336_PerioDformer_ETTh2_ftM_sl336_ll48_pl336_dm16_nh4_el2_dl1_df16_fc1_ebtimeF_dtTrue_Exp_5_24_1_32_32__exp2_dim24_0_0>>>>>>>>>>>>>>>>>>>>>>>>>>
train 7969
val 2545
test 2545
0
Training with all the variates.
当前GPU已分配内存：0.02366161346435547 GB
GPU已分配内存的峰值：0.22996234893798828 GB
Epoch: 1 cost time: 3.5804443359375
Epoch: 1, Steps: 62 | Train Loss: 0.7545660 Vali Loss: 0.4879807 Test Loss: 0.3719393
Validation loss decreased (inf --> 0.487981).  Saving model ...
Updating learning rate to 0.0001
0
Training with all the variates.
当前GPU已分配内存：0.02425670623779297 GB
GPU已分配内存的峰值：0.23449325561523438 GB
Epoch: 2 cost time: 2.091586112976074
Epoch: 2, Steps: 62 | Train Loss: 0.7189229 Vali Loss: 0.4313385 Test Loss: 0.3589558
Validation loss decreased (0.487981 --> 0.431339).  Saving model ...
Updating learning rate to 0.0001
0
Training with all the variates.
当前GPU已分配内存：0.02499675750732422 GB
GPU已分配内存的峰值：0.23449325561523438 GB
Epoch: 3 cost time: 2.51300311088562
Epoch: 3, Steps: 62 | Train Loss: 0.6808448 Vali Loss: 0.4077915 Test Loss: 0.3510496
Validation loss decreased (0.431339 --> 0.407792).  Saving model ...
Updating learning rate to 0.0001
0
Training with all the variates.
当前GPU已分配内存：0.02403545379638672 GB
GPU已分配内存的峰值：0.23449325561523438 GB
Epoch: 4 cost time: 2.599224805831909
Epoch: 4, Steps: 62 | Train Loss: 0.6590128 Vali Loss: 0.3913318 Test Loss: 0.3431889
Validation loss decreased (0.407792 --> 0.391332).  Saving model ...
Updating learning rate to 9e-05
0
Training with all the variates.
当前GPU已分配内存：0.02403545379638672 GB
GPU已分配内存的峰值：0.23449325561523438 GB
Epoch: 5 cost time: 2.436882257461548
Epoch: 5, Steps: 62 | Train Loss: 0.6451396 Vali Loss: 0.3798755 Test Loss: 0.3366868
Validation loss decreased (0.391332 --> 0.379876).  Saving model ...
Updating learning rate to 8.1e-05
0
Training with all the variates.
当前GPU已分配内存：0.02535533905029297 GB
GPU已分配内存的峰值：0.23449325561523438 GB
Epoch: 6 cost time: 2.4704034328460693
Epoch: 6, Steps: 62 | Train Loss: 0.6355858 Vali Loss: 0.3756737 Test Loss: 0.3332021
Validation loss decreased (0.379876 --> 0.375674).  Saving model ...
Updating learning rate to 7.290000000000001e-05
0
Training with all the variates.
当前GPU已分配内存：0.02403545379638672 GB
GPU已分配内存的峰值：0.23449325561523438 GB
Epoch: 7 cost time: 2.446700096130371
Epoch: 7, Steps: 62 | Train Loss: 0.6281661 Vali Loss: 0.3746655 Test Loss: 0.3298092
Validation loss decreased (0.375674 --> 0.374665).  Saving model ...
Updating learning rate to 6.561e-05
0
Training with all the variates.
当前GPU已分配内存：0.02403545379638672 GB
GPU已分配内存的峰值：0.23449325561523438 GB
Epoch: 8 cost time: 2.5296428203582764
Epoch: 8, Steps: 62 | Train Loss: 0.6235663 Vali Loss: 0.3719328 Test Loss: 0.3289437
Validation loss decreased (0.374665 --> 0.371933).  Saving model ...
Updating learning rate to 5.904900000000001e-05
0
Training with all the variates.
当前GPU已分配内存：0.02412700653076172 GB
GPU已分配内存的峰值：0.23449325561523438 GB
Epoch: 9 cost time: 2.4307031631469727
Epoch: 9, Steps: 62 | Train Loss: 0.6189357 Vali Loss: 0.3687655 Test Loss: 0.3276367
Validation loss decreased (0.371933 --> 0.368765).  Saving model ...
Updating learning rate to 5.3144100000000005e-05
0
Training with all the variates.
当前GPU已分配内存：0.02418041229248047 GB
GPU已分配内存的峰值：0.23449325561523438 GB
Epoch: 10 cost time: 2.6413156986236572
Epoch: 10, Steps: 62 | Train Loss: 0.6139456 Vali Loss: 0.3661147 Test Loss: 0.3248586
Validation loss decreased (0.368765 --> 0.366115).  Saving model ...
Updating learning rate to 4.782969000000001e-05
0
Training with all the variates.
当前GPU已分配内存：0.02403545379638672 GB
GPU已分配内存的峰值：0.23449325561523438 GB
Epoch: 11 cost time: 2.487626552581787
Epoch: 11, Steps: 62 | Train Loss: 0.6093718 Vali Loss: 0.3643279 Test Loss: 0.3246345
Validation loss decreased (0.366115 --> 0.364328).  Saving model ...
Updating learning rate to 4.304672100000001e-05
0
Training with all the variates.
当前GPU已分配内存：0.02403545379638672 GB
GPU已分配内存的峰值：0.23449325561523438 GB
Epoch: 12 cost time: 2.6424224376678467
Epoch: 12, Steps: 62 | Train Loss: 0.6058753 Vali Loss: 0.3656993 Test Loss: 0.3232027
EarlyStopping counter: 1 out of 100
Updating learning rate to 3.874204890000001e-05
0
Training with all the variates.
当前GPU已分配内存：0.02471446990966797 GB
GPU已分配内存的峰值：0.23449325561523438 GB
Epoch: 13 cost time: 2.4096806049346924
Epoch: 13, Steps: 62 | Train Loss: 0.6048402 Vali Loss: 0.3632260 Test Loss: 0.3234692
Validation loss decreased (0.364328 --> 0.363226).  Saving model ...
Updating learning rate to 3.486784401000001e-05
0
Training with all the variates.
当前GPU已分配内存：0.02403545379638672 GB
GPU已分配内存的峰值：0.23449325561523438 GB
Epoch: 14 cost time: 2.529017210006714
Epoch: 14, Steps: 62 | Train Loss: 0.5995254 Vali Loss: 0.3627163 Test Loss: 0.3226379
Validation loss decreased (0.363226 --> 0.362716).  Saving model ...
Updating learning rate to 3.138105960900001e-05
0
Training with all the variates.
当前GPU已分配内存：0.02403545379638672 GB
GPU已分配内存的峰值：0.23449325561523438 GB
Epoch: 15 cost time: 2.4959921836853027
Epoch: 15, Steps: 62 | Train Loss: 0.5996003 Vali Loss: 0.3617136 Test Loss: 0.3227914
Validation loss decreased (0.362716 --> 0.361714).  Saving model ...
Updating learning rate to 2.824295364810001e-05
0
Training with all the variates.
当前GPU已分配内存：0.02434062957763672 GB
GPU已分配内存的峰值：0.23449325561523438 GB
Epoch: 16 cost time: 2.4683749675750732
Epoch: 16, Steps: 62 | Train Loss: 0.6001182 Vali Loss: 0.3629441 Test Loss: 0.3225707
EarlyStopping counter: 1 out of 100
Updating learning rate to 2.541865828329001e-05
0
Training with all the variates.
当前GPU已分配内存：0.02424907684326172 GB
GPU已分配内存的峰值：0.23449325561523438 GB
Epoch: 17 cost time: 2.5783700942993164
Epoch: 17, Steps: 62 | Train Loss: 0.5998218 Vali Loss: 0.3655973 Test Loss: 0.3223999
EarlyStopping counter: 2 out of 100
Updating learning rate to 2.287679245496101e-05
0
Training with all the variates.
当前GPU已分配内存：0.02403545379638672 GB
GPU已分配内存的峰值：0.23449325561523438 GB
Epoch: 18 cost time: 2.4180405139923096
Epoch: 18, Steps: 62 | Train Loss: 0.5986893 Vali Loss: 0.3626116 Test Loss: 0.3221826
EarlyStopping counter: 3 out of 100
Updating learning rate to 2.0589113209464907e-05
0
Training with all the variates.
当前GPU已分配内存：0.02425670623779297 GB
GPU已分配内存的峰值：0.23449325561523438 GB
Epoch: 19 cost time: 2.558461904525757
Epoch: 19, Steps: 62 | Train Loss: 0.5990307 Vali Loss: 0.3637291 Test Loss: 0.3222096
EarlyStopping counter: 4 out of 100
Updating learning rate to 1.8530201888518416e-05
0
Training with all the variates.
当前GPU已分配内存：0.02499675750732422 GB
GPU已分配内存的峰值：0.23449325561523438 GB
Epoch: 20 cost time: 2.4206366539001465
Epoch: 20, Steps: 62 | Train Loss: 0.5982543 Vali Loss: 0.3617655 Test Loss: 0.3224028
EarlyStopping counter: 5 out of 100
Updating learning rate to 1.6677181699666577e-05
0
Training with all the variates.
当前GPU已分配内存：0.02403545379638672 GB
GPU已分配内存的峰值：0.23449325561523438 GB
Epoch: 21 cost time: 2.592670202255249
Epoch: 21, Steps: 62 | Train Loss: 0.5964552 Vali Loss: 0.3620497 Test Loss: 0.3218315
EarlyStopping counter: 6 out of 100
Updating learning rate to 1.5009463529699919e-05
0
Training with all the variates.
当前GPU已分配内存：0.02403545379638672 GB
GPU已分配内存的峰值：0.23449325561523438 GB
Epoch: 22 cost time: 2.4264988899230957
Epoch: 22, Steps: 62 | Train Loss: 0.5964349 Vali Loss: 0.3647788 Test Loss: 0.3220668
EarlyStopping counter: 7 out of 100
Updating learning rate to 1.3508517176729929e-05
0
Training with all the variates.
当前GPU已分配内存：0.02535533905029297 GB
GPU已分配内存的峰值：0.23449325561523438 GB
Epoch: 23 cost time: 2.5178215503692627
Epoch: 23, Steps: 62 | Train Loss: 0.5966466 Vali Loss: 0.3631943 Test Loss: 0.3221294
EarlyStopping counter: 8 out of 100
Updating learning rate to 1.2157665459056936e-05
0
Training with all the variates.
当前GPU已分配内存：0.02403545379638672 GB
GPU已分配内存的峰值：0.23449325561523438 GB
Epoch: 24 cost time: 2.5302841663360596
Epoch: 24, Steps: 62 | Train Loss: 0.5958939 Vali Loss: 0.3620291 Test Loss: 0.3219571
EarlyStopping counter: 9 out of 100
Updating learning rate to 1.0941898913151242e-05
0
Training with all the variates.
当前GPU已分配内存：0.02403545379638672 GB
GPU已分配内存的峰值：0.23449325561523438 GB
Epoch: 25 cost time: 2.5035927295684814
Epoch: 25, Steps: 62 | Train Loss: 0.5978876 Vali Loss: 0.3629751 Test Loss: 0.3221163
EarlyStopping counter: 10 out of 100
Updating learning rate to 9.847709021836118e-06
0
Training with all the variates.
当前GPU已分配内存：0.02412700653076172 GB
GPU已分配内存的峰值：0.23449325561523438 GB
Epoch: 26 cost time: 2.5211918354034424
Epoch: 26, Steps: 62 | Train Loss: 0.5963549 Vali Loss: 0.3624749 Test Loss: 0.3220429
EarlyStopping counter: 11 out of 100
Updating learning rate to 8.862938119652508e-06
0
Training with all the variates.
当前GPU已分配内存：0.02418041229248047 GB
GPU已分配内存的峰值：0.23449325561523438 GB
Epoch: 27 cost time: 2.429217576980591
Epoch: 27, Steps: 62 | Train Loss: 0.5942831 Vali Loss: 0.3598643 Test Loss: 0.3219439
Validation loss decreased (0.361714 --> 0.359864).  Saving model ...
Updating learning rate to 7.976644307687255e-06
0
Training with all the variates.
当前GPU已分配内存：0.02403545379638672 GB
GPU已分配内存的峰值：0.23449325561523438 GB
Epoch: 28 cost time: 2.5706005096435547
Epoch: 28, Steps: 62 | Train Loss: 0.5968299 Vali Loss: 0.3627856 Test Loss: 0.3219666
EarlyStopping counter: 1 out of 100
Updating learning rate to 7.178979876918531e-06
0
Training with all the variates.
当前GPU已分配内存：0.02403545379638672 GB
GPU已分配内存的峰值：0.23449325561523438 GB
Epoch: 29 cost time: 2.451977252960205
Epoch: 29, Steps: 62 | Train Loss: 0.5938692 Vali Loss: 0.3638168 Test Loss: 0.3221753
EarlyStopping counter: 2 out of 100
Updating learning rate to 6.4610818892266776e-06
0
Training with all the variates.
当前GPU已分配内存：0.02471446990966797 GB
GPU已分配内存的峰值：0.23449325561523438 GB
Epoch: 30 cost time: 2.543853998184204
Epoch: 30, Steps: 62 | Train Loss: 0.5953720 Vali Loss: 0.3638383 Test Loss: 0.3221366
EarlyStopping counter: 3 out of 100
Updating learning rate to 5.8149737003040096e-06
0
Training with all the variates.
当前GPU已分配内存：0.02403545379638672 GB
GPU已分配内存的峰值：0.23449325561523438 GB
Epoch: 31 cost time: 2.487334966659546
Epoch: 31, Steps: 62 | Train Loss: 0.5956721 Vali Loss: 0.3634450 Test Loss: 0.3222587
EarlyStopping counter: 4 out of 100
Updating learning rate to 5.23347633027361e-06
0
Training with all the variates.
当前GPU已分配内存：0.02403545379638672 GB
GPU已分配内存的峰值：0.23449325561523438 GB
Epoch: 32 cost time: 2.636998414993286
Epoch: 32, Steps: 62 | Train Loss: 0.5951176 Vali Loss: 0.3617983 Test Loss: 0.3220859
EarlyStopping counter: 5 out of 100
Updating learning rate to 4.710128697246249e-06
0
Training with all the variates.
当前GPU已分配内存：0.02434062957763672 GB
GPU已分配内存的峰值：0.23449325561523438 GB
Epoch: 33 cost time: 2.4128787517547607
Epoch: 33, Steps: 62 | Train Loss: 0.5945687 Vali Loss: 0.3620329 Test Loss: 0.3221451
EarlyStopping counter: 6 out of 100
Updating learning rate to 4.239115827521624e-06
0
Training with all the variates.
当前GPU已分配内存：0.02424907684326172 GB
GPU已分配内存的峰值：0.23449325561523438 GB
Epoch: 34 cost time: 2.5265004634857178
Epoch: 34, Steps: 62 | Train Loss: 0.5951872 Vali Loss: 0.3645729 Test Loss: 0.3221072
EarlyStopping counter: 7 out of 100
Updating learning rate to 3.815204244769462e-06
0
Training with all the variates.
当前GPU已分配内存：0.02403545379638672 GB
GPU已分配内存的峰值：0.23449325561523438 GB
Epoch: 35 cost time: 2.4731557369232178
Epoch: 35, Steps: 62 | Train Loss: 0.5938496 Vali Loss: 0.3628428 Test Loss: 0.3221212
EarlyStopping counter: 8 out of 100
Updating learning rate to 3.4336838202925152e-06
0
Training with all the variates.
当前GPU已分配内存：0.02425670623779297 GB
GPU已分配内存的峰值：0.23449325561523438 GB
Epoch: 36 cost time: 2.482614517211914
Epoch: 36, Steps: 62 | Train Loss: 0.5953796 Vali Loss: 0.3633121 Test Loss: 0.3221400
EarlyStopping counter: 9 out of 100
Updating learning rate to 3.090315438263264e-06
0
Training with all the variates.
当前GPU已分配内存：0.02499675750732422 GB
GPU已分配内存的峰值：0.23449325561523438 GB
Epoch: 37 cost time: 2.536609649658203
Epoch: 37, Steps: 62 | Train Loss: 0.5961419 Vali Loss: 0.3647045 Test Loss: 0.3220354
EarlyStopping counter: 10 out of 100
Updating learning rate to 2.7812838944369375e-06
0
Training with all the variates.
当前GPU已分配内存：0.02403545379638672 GB
GPU已分配内存的峰值：0.23449325561523438 GB
Epoch: 38 cost time: 2.4179270267486572
Epoch: 38, Steps: 62 | Train Loss: 0.5955117 Vali Loss: 0.3641579 Test Loss: 0.3220313
EarlyStopping counter: 11 out of 100
Updating learning rate to 2.503155504993244e-06
0
Training with all the variates.
当前GPU已分配内存：0.02403545379638672 GB
GPU已分配内存的峰值：0.23449325561523438 GB
Epoch: 39 cost time: 2.6641845703125
Epoch: 39, Steps: 62 | Train Loss: 0.5939087 Vali Loss: 0.3616084 Test Loss: 0.3220901
EarlyStopping counter: 12 out of 100
Updating learning rate to 2.2528399544939195e-06
0
Training with all the variates.
当前GPU已分配内存：0.02535533905029297 GB
GPU已分配内存的峰值：0.23449325561523438 GB
Epoch: 40 cost time: 2.3950183391571045
Epoch: 40, Steps: 62 | Train Loss: 0.5952599 Vali Loss: 0.3631052 Test Loss: 0.3220718
EarlyStopping counter: 13 out of 100
Updating learning rate to 2.0275559590445276e-06
0
Training with all the variates.
当前GPU已分配内存：0.02403545379638672 GB
GPU已分配内存的峰值：0.23449325561523438 GB
Epoch: 41 cost time: 2.6336419582366943
Epoch: 41, Steps: 62 | Train Loss: 0.5948959 Vali Loss: 0.3606527 Test Loss: 0.3222190
EarlyStopping counter: 14 out of 100
Updating learning rate to 1.8248003631400751e-06
0
Training with all the variates.
当前GPU已分配内存：0.02403545379638672 GB
GPU已分配内存的峰值：0.23449325561523438 GB
Epoch: 42 cost time: 2.432145118713379
Epoch: 42, Steps: 62 | Train Loss: 0.5947103 Vali Loss: 0.3640493 Test Loss: 0.3220208
EarlyStopping counter: 15 out of 100
Updating learning rate to 1.6423203268260676e-06
0
Training with all the variates.
当前GPU已分配内存：0.02412700653076172 GB
GPU已分配内存的峰值：0.23449325561523438 GB
Epoch: 43 cost time: 2.5358710289001465
Epoch: 43, Steps: 62 | Train Loss: 0.5951988 Vali Loss: 0.3636176 Test Loss: 0.3220876
EarlyStopping counter: 16 out of 100
Updating learning rate to 1.4780882941434609e-06
0
Training with all the variates.
当前GPU已分配内存：0.02418041229248047 GB
GPU已分配内存的峰值：0.23449325561523438 GB
Epoch: 44 cost time: 2.554922103881836
Epoch: 44, Steps: 62 | Train Loss: 0.5955941 Vali Loss: 0.3627527 Test Loss: 0.3221649
EarlyStopping counter: 17 out of 100
Updating learning rate to 1.3302794647291146e-06
0
Training with all the variates.
当前GPU已分配内存：0.02403545379638672 GB
GPU已分配内存的峰值：0.23449325561523438 GB
Epoch: 45 cost time: 2.5004425048828125
Epoch: 45, Steps: 62 | Train Loss: 0.5936541 Vali Loss: 0.3635120 Test Loss: 0.3221448
EarlyStopping counter: 18 out of 100
Updating learning rate to 1.1972515182562034e-06
0
Training with all the variates.
当前GPU已分配内存：0.02403545379638672 GB
GPU已分配内存的峰值：0.23449325561523438 GB
Epoch: 46 cost time: 2.5346593856811523
Epoch: 46, Steps: 62 | Train Loss: 0.5961610 Vali Loss: 0.3638833 Test Loss: 0.3221446
EarlyStopping counter: 19 out of 100
Updating learning rate to 1.077526366430583e-06
0
Training with all the variates.
当前GPU已分配内存：0.02471446990966797 GB
GPU已分配内存的峰值：0.23449325561523438 GB
Epoch: 47 cost time: 2.4212892055511475
Epoch: 47, Steps: 62 | Train Loss: 0.5955946 Vali Loss: 0.3646854 Test Loss: 0.3220728
EarlyStopping counter: 20 out of 100
Updating learning rate to 9.697737297875248e-07
0
Training with all the variates.
当前GPU已分配内存：0.02403545379638672 GB
GPU已分配内存的峰值：0.23449325561523438 GB
Epoch: 48 cost time: 2.628415584564209
Epoch: 48, Steps: 62 | Train Loss: 0.5947896 Vali Loss: 0.3630361 Test Loss: 0.3220402
EarlyStopping counter: 21 out of 100
Updating learning rate to 8.727963568087723e-07
0
Training with all the variates.
当前GPU已分配内存：0.02403545379638672 GB
GPU已分配内存的峰值：0.23449325561523438 GB
Epoch: 49 cost time: 2.4287800788879395
Epoch: 49, Steps: 62 | Train Loss: 0.5952348 Vali Loss: 0.3608459 Test Loss: 0.3220183
EarlyStopping counter: 22 out of 100
Updating learning rate to 7.855167211278951e-07
0
Training with all the variates.
当前GPU已分配内存：0.02434062957763672 GB
GPU已分配内存的峰值：0.23449325561523438 GB
Epoch: 50 cost time: 2.58719801902771
Epoch: 50, Steps: 62 | Train Loss: 0.5936186 Vali Loss: 0.3633256 Test Loss: 0.3219817
EarlyStopping counter: 23 out of 100
Updating learning rate to 7.069650490151056e-07
0
Training with all the variates.
当前GPU已分配内存：0.02424907684326172 GB
GPU已分配内存的峰值：0.23449325561523438 GB
Epoch: 51 cost time: 2.4639475345611572
Epoch: 51, Steps: 62 | Train Loss: 0.5949842 Vali Loss: 0.3616281 Test Loss: 0.3220352
EarlyStopping counter: 24 out of 100
Updating learning rate to 6.36268544113595e-07
0
Training with all the variates.
当前GPU已分配内存：0.02403545379638672 GB
GPU已分配内存的峰值：0.23449325561523438 GB
Epoch: 52 cost time: 2.415942668914795
Epoch: 52, Steps: 62 | Train Loss: 0.5947820 Vali Loss: 0.3621196 Test Loss: 0.3219885
EarlyStopping counter: 25 out of 100
Updating learning rate to 5.726416897022355e-07
0
Training with all the variates.
当前GPU已分配内存：0.02425670623779297 GB
GPU已分配内存的峰值：0.23449325561523438 GB
Epoch: 53 cost time: 2.519073486328125
Epoch: 53, Steps: 62 | Train Loss: 0.5950486 Vali Loss: 0.3639737 Test Loss: 0.3221070
EarlyStopping counter: 26 out of 100
Updating learning rate to 5.15377520732012e-07
0
Training with all the variates.
当前GPU已分配内存：0.02499675750732422 GB
GPU已分配内存的峰值：0.23449325561523438 GB
Epoch: 54 cost time: 2.5454628467559814
Epoch: 54, Steps: 62 | Train Loss: 0.5954346 Vali Loss: 0.3632133 Test Loss: 0.3221923
EarlyStopping counter: 27 out of 100
Updating learning rate to 4.6383976865881085e-07
0
Training with all the variates.
当前GPU已分配内存：0.02403545379638672 GB
GPU已分配内存的峰值：0.23449325561523438 GB
Epoch: 55 cost time: 2.490577220916748
Epoch: 55, Steps: 62 | Train Loss: 0.5947238 Vali Loss: 0.3633969 Test Loss: 0.3220079
EarlyStopping counter: 28 out of 100
Updating learning rate to 4.174557917929298e-07
0
Training with all the variates.
当前GPU已分配内存：0.02403545379638672 GB
GPU已分配内存的峰值：0.23449325561523438 GB
Epoch: 56 cost time: 2.541635274887085
Epoch: 56, Steps: 62 | Train Loss: 0.5948021 Vali Loss: 0.3624282 Test Loss: 0.3220898
EarlyStopping counter: 29 out of 100
Updating learning rate to 3.7571021261363677e-07
0
Training with all the variates.
当前GPU已分配内存：0.02535533905029297 GB
GPU已分配内存的峰值：0.23449325561523438 GB
Epoch: 57 cost time: 2.4120914936065674
Epoch: 57, Steps: 62 | Train Loss: 0.5956410 Vali Loss: 0.3620240 Test Loss: 0.3220221
EarlyStopping counter: 30 out of 100
Updating learning rate to 3.381391913522731e-07
0
Training with all the variates.
当前GPU已分配内存：0.02403545379638672 GB
GPU已分配内存的峰值：0.23449325561523438 GB
Epoch: 58 cost time: 2.5558440685272217
Epoch: 58, Steps: 62 | Train Loss: 0.5936625 Vali Loss: 0.3647029 Test Loss: 0.3220493
EarlyStopping counter: 31 out of 100
Updating learning rate to 3.043252722170458e-07
0
Training with all the variates.
当前GPU已分配内存：0.02403545379638672 GB
GPU已分配内存的峰值：0.23449325561523438 GB
Epoch: 59 cost time: 2.4152493476867676
Epoch: 59, Steps: 62 | Train Loss: 0.5941199 Vali Loss: 0.3621632 Test Loss: 0.3220842
EarlyStopping counter: 32 out of 100
Updating learning rate to 2.7389274499534124e-07
0
Training with all the variates.
当前GPU已分配内存：0.02412700653076172 GB
GPU已分配内存的峰值：0.23449325561523438 GB
Epoch: 60 cost time: 2.5922653675079346
Epoch: 60, Steps: 62 | Train Loss: 0.5953353 Vali Loss: 0.3620233 Test Loss: 0.3220486
EarlyStopping counter: 33 out of 100
Updating learning rate to 2.465034704958071e-07
>>>>>>>testing : ETTh2_336_336_PerioDformer_ETTh2_ftM_sl336_ll48_pl336_dm16_nh4_el2_dl1_df16_fc1_ebtimeF_dtTrue_Exp_5_24_1_32_32__exp2_dim24_0_0<<<<<<<<<<<<<<<<<<<<<<<<<<<<<<<<<
test 2545
test-mse:0.32194387912750244, mae:0.37745827436447144, rse:0.456086665391922
