Args in experiment:
Namespace(random_seed=2024, is_training=1, model_id='ETTh2_336_96', model='PerioDformer', data='ETTh2', root_path='./dataset/10%/', data_path='ETTh2.csv', features='M', target='OT', freq='h', checkpoints='./checkpoints/', seq_len=336, label_len=48, pred_len=96, w=3, C=24, mlp_num=2, d_model2=32, d_ff2=32, experiment=2, dimension=24, percent=0, fc_dropout=0.3, head_dropout=0.0, patch_len=16, stride=8, padding_patch='end', revin=1, affine=0, subtract_last=0, decomposition=0, kernel_size=25, individual=0, embed_type=0, enc_in=7, dec_in=7, c_out=7, d_model=16, n_heads=4, e_layers=1, d_layers=1, d_ff=16, moving_avg=25, factor=1, distil=True, dropout=0.3, embed='timeF', activation='gelu', output_attention=False, do_predict=False, num_workers=0, itr=1, train_epochs=60, batch_size=128, patience=100, learning_rate=0.0001, des='Exp', loss='mse', lradj='type3', pct_start=0.3, use_amp=False, use_gpu=True, gpu=0, use_multi_gpu=False, devices='0,1,2,3', test_flop=False)
Use GPU: cuda:0
线性头的参数量为： 249220
>>>>>>>start training : ETTh2_336_96_PerioDformer_ETTh2_ftM_sl336_ll48_pl96_dm16_nh4_el1_dl1_df16_fc1_ebtimeF_dtTrue_Exp_3_24_2_32_32__exp2_dim24_0_0>>>>>>>>>>>>>>>>>>>>>>>>>>
train 8209
val 2785
test 2785
0
Training with all the variates.
当前GPU已分配内存：0.023679733276367188 GB
GPU已分配内存的峰值：0.21071958541870117 GB
Epoch: 1 cost time: 3.3367202281951904
Epoch: 1, Steps: 64 | Train Loss: 0.5855659 Vali Loss: 0.3307178 Test Loss: 0.3698243
Validation loss decreased (inf --> 0.330718).  Saving model ...
Updating learning rate to 0.0001
0
Training with all the variates.
当前GPU已分配内存：0.023679733276367188 GB
GPU已分配内存的峰值：0.21358823776245117 GB
Epoch: 2 cost time: 1.7414617538452148
Epoch: 2, Steps: 64 | Train Loss: 0.5023032 Vali Loss: 0.2476651 Test Loss: 0.3041377
Validation loss decreased (0.330718 --> 0.247665).  Saving model ...
Updating learning rate to 0.0001
0
Training with all the variates.
当前GPU已分配内存：0.023679733276367188 GB
GPU已分配内存的峰值：0.21358823776245117 GB
Epoch: 3 cost time: 2.0539848804473877
Epoch: 3, Steps: 64 | Train Loss: 0.4502421 Vali Loss: 0.2231893 Test Loss: 0.2854935
Validation loss decreased (0.247665 --> 0.223189).  Saving model ...
Updating learning rate to 0.0001
0
Training with all the variates.
当前GPU已分配内存：0.023679733276367188 GB
GPU已分配内存的峰值：0.21358823776245117 GB
Epoch: 4 cost time: 1.960160493850708
Epoch: 4, Steps: 64 | Train Loss: 0.4289366 Vali Loss: 0.2170848 Test Loss: 0.2795609
Validation loss decreased (0.223189 --> 0.217085).  Saving model ...
Updating learning rate to 9e-05
0
Training with all the variates.
当前GPU已分配内存：0.023679733276367188 GB
GPU已分配内存的峰值：0.21358823776245117 GB
Epoch: 5 cost time: 1.9299569129943848
Epoch: 5, Steps: 64 | Train Loss: 0.4205951 Vali Loss: 0.2142324 Test Loss: 0.2752193
Validation loss decreased (0.217085 --> 0.214232).  Saving model ...
Updating learning rate to 8.1e-05
0
Training with all the variates.
当前GPU已分配内存：0.023679733276367188 GB
GPU已分配内存的峰值：0.21358823776245117 GB
Epoch: 6 cost time: 2.0275521278381348
Epoch: 6, Steps: 64 | Train Loss: 0.4173053 Vali Loss: 0.2129298 Test Loss: 0.2739425
Validation loss decreased (0.214232 --> 0.212930).  Saving model ...
Updating learning rate to 7.290000000000001e-05
0
Training with all the variates.
当前GPU已分配内存：0.023679733276367188 GB
GPU已分配内存的峰值：0.21358823776245117 GB
Epoch: 7 cost time: 1.9364328384399414
Epoch: 7, Steps: 64 | Train Loss: 0.4159443 Vali Loss: 0.2112867 Test Loss: 0.2736574
Validation loss decreased (0.212930 --> 0.211287).  Saving model ...
Updating learning rate to 6.561e-05
0
Training with all the variates.
当前GPU已分配内存：0.023679733276367188 GB
GPU已分配内存的峰值：0.21358823776245117 GB
Epoch: 8 cost time: 1.9521801471710205
Epoch: 8, Steps: 64 | Train Loss: 0.4134478 Vali Loss: 0.2123985 Test Loss: 0.2734444
EarlyStopping counter: 1 out of 100
Updating learning rate to 5.904900000000001e-05
0
Training with all the variates.
当前GPU已分配内存：0.023679733276367188 GB
GPU已分配内存的峰值：0.21358823776245117 GB
Epoch: 9 cost time: 2.010234832763672
Epoch: 9, Steps: 64 | Train Loss: 0.4128366 Vali Loss: 0.2103970 Test Loss: 0.2748279
Validation loss decreased (0.211287 --> 0.210397).  Saving model ...
Updating learning rate to 5.3144100000000005e-05
0
Training with all the variates.
当前GPU已分配内存：0.023679733276367188 GB
GPU已分配内存的峰值：0.21358823776245117 GB
Epoch: 10 cost time: 1.9561376571655273
Epoch: 10, Steps: 64 | Train Loss: 0.4121179 Vali Loss: 0.2105634 Test Loss: 0.2738690
EarlyStopping counter: 1 out of 100
Updating learning rate to 4.782969000000001e-05
0
Training with all the variates.
当前GPU已分配内存：0.023679733276367188 GB
GPU已分配内存的峰值：0.21358823776245117 GB
Epoch: 11 cost time: 2.0028581619262695
Epoch: 11, Steps: 64 | Train Loss: 0.4117406 Vali Loss: 0.2110449 Test Loss: 0.2732128
EarlyStopping counter: 2 out of 100
Updating learning rate to 4.304672100000001e-05
0
Training with all the variates.
当前GPU已分配内存：0.023679733276367188 GB
GPU已分配内存的峰值：0.21358823776245117 GB
Epoch: 12 cost time: 2.0073044300079346
Epoch: 12, Steps: 64 | Train Loss: 0.4116128 Vali Loss: 0.2120821 Test Loss: 0.2720359
EarlyStopping counter: 3 out of 100
Updating learning rate to 3.874204890000001e-05
0
Training with all the variates.
当前GPU已分配内存：0.023679733276367188 GB
GPU已分配内存的峰值：0.21358823776245117 GB
Epoch: 13 cost time: 1.9289758205413818
Epoch: 13, Steps: 64 | Train Loss: 0.4089657 Vali Loss: 0.2124018 Test Loss: 0.2721276
EarlyStopping counter: 4 out of 100
Updating learning rate to 3.486784401000001e-05
0
Training with all the variates.
当前GPU已分配内存：0.023679733276367188 GB
GPU已分配内存的峰值：0.21358823776245117 GB
Epoch: 14 cost time: 2.0279886722564697
Epoch: 14, Steps: 64 | Train Loss: 0.4094456 Vali Loss: 0.2113992 Test Loss: 0.2719889
EarlyStopping counter: 5 out of 100
Updating learning rate to 3.138105960900001e-05
0
Training with all the variates.
当前GPU已分配内存：0.023679733276367188 GB
GPU已分配内存的峰值：0.21358823776245117 GB
Epoch: 15 cost time: 1.9819276332855225
Epoch: 15, Steps: 64 | Train Loss: 0.4093787 Vali Loss: 0.2111660 Test Loss: 0.2714394
EarlyStopping counter: 6 out of 100
Updating learning rate to 2.824295364810001e-05
0
Training with all the variates.
当前GPU已分配内存：0.023679733276367188 GB
GPU已分配内存的峰值：0.21358823776245117 GB
Epoch: 16 cost time: 1.930544376373291
Epoch: 16, Steps: 64 | Train Loss: 0.4094870 Vali Loss: 0.2118369 Test Loss: 0.2725659
EarlyStopping counter: 7 out of 100
Updating learning rate to 2.541865828329001e-05
0
Training with all the variates.
当前GPU已分配内存：0.023679733276367188 GB
GPU已分配内存的峰值：0.21358823776245117 GB
Epoch: 17 cost time: 2.0132644176483154
Epoch: 17, Steps: 64 | Train Loss: 0.4084778 Vali Loss: 0.2109156 Test Loss: 0.2716984
EarlyStopping counter: 8 out of 100
Updating learning rate to 2.287679245496101e-05
0
Training with all the variates.
当前GPU已分配内存：0.023679733276367188 GB
GPU已分配内存的峰值：0.21358823776245117 GB
Epoch: 18 cost time: 2.0157148838043213
Epoch: 18, Steps: 64 | Train Loss: 0.4084396 Vali Loss: 0.2104116 Test Loss: 0.2724872
EarlyStopping counter: 9 out of 100
Updating learning rate to 2.0589113209464907e-05
0
Training with all the variates.
当前GPU已分配内存：0.023679733276367188 GB
GPU已分配内存的峰值：0.21358823776245117 GB
Epoch: 19 cost time: 1.959357738494873
Epoch: 19, Steps: 64 | Train Loss: 0.4083188 Vali Loss: 0.2106276 Test Loss: 0.2717027
EarlyStopping counter: 10 out of 100
Updating learning rate to 1.8530201888518416e-05
0
Training with all the variates.
当前GPU已分配内存：0.023679733276367188 GB
GPU已分配内存的峰值：0.21358823776245117 GB
Epoch: 20 cost time: 1.9594991207122803
Epoch: 20, Steps: 64 | Train Loss: 0.4080398 Vali Loss: 0.2112194 Test Loss: 0.2719041
EarlyStopping counter: 11 out of 100
Updating learning rate to 1.6677181699666577e-05
0
Training with all the variates.
当前GPU已分配内存：0.023679733276367188 GB
GPU已分配内存的峰值：0.21358823776245117 GB
Epoch: 21 cost time: 1.9268028736114502
Epoch: 21, Steps: 64 | Train Loss: 0.4075478 Vali Loss: 0.2121709 Test Loss: 0.2717079
EarlyStopping counter: 12 out of 100
Updating learning rate to 1.5009463529699919e-05
0
Training with all the variates.
当前GPU已分配内存：0.023679733276367188 GB
GPU已分配内存的峰值：0.21358823776245117 GB
Epoch: 22 cost time: 1.9863176345825195
Epoch: 22, Steps: 64 | Train Loss: 0.4076304 Vali Loss: 0.2118108 Test Loss: 0.2722078
EarlyStopping counter: 13 out of 100
Updating learning rate to 1.3508517176729929e-05
0
Training with all the variates.
当前GPU已分配内存：0.023679733276367188 GB
GPU已分配内存的峰值：0.21358823776245117 GB
Epoch: 23 cost time: 2.04864764213562
Epoch: 23, Steps: 64 | Train Loss: 0.4051047 Vali Loss: 0.2112765 Test Loss: 0.2715425
EarlyStopping counter: 14 out of 100
Updating learning rate to 1.2157665459056936e-05
0
Training with all the variates.
当前GPU已分配内存：0.023679733276367188 GB
GPU已分配内存的峰值：0.21358823776245117 GB
Epoch: 24 cost time: 1.9325807094573975
Epoch: 24, Steps: 64 | Train Loss: 0.4074584 Vali Loss: 0.2108460 Test Loss: 0.2719622
EarlyStopping counter: 15 out of 100
Updating learning rate to 1.0941898913151242e-05
0
Training with all the variates.
当前GPU已分配内存：0.023679733276367188 GB
GPU已分配内存的峰值：0.21358823776245117 GB
Epoch: 25 cost time: 2.0583548545837402
Epoch: 25, Steps: 64 | Train Loss: 0.4072132 Vali Loss: 0.2108761 Test Loss: 0.2721397
EarlyStopping counter: 16 out of 100
Updating learning rate to 9.847709021836118e-06
0
Training with all the variates.
当前GPU已分配内存：0.023679733276367188 GB
GPU已分配内存的峰值：0.21358823776245117 GB
Epoch: 26 cost time: 2.01617431640625
Epoch: 26, Steps: 64 | Train Loss: 0.4074309 Vali Loss: 0.2111336 Test Loss: 0.2717028
EarlyStopping counter: 17 out of 100
Updating learning rate to 8.862938119652508e-06
0
Training with all the variates.
当前GPU已分配内存：0.023679733276367188 GB
GPU已分配内存的峰值：0.21358823776245117 GB
Epoch: 27 cost time: 1.9240713119506836
Epoch: 27, Steps: 64 | Train Loss: 0.4057742 Vali Loss: 0.2104908 Test Loss: 0.2718105
EarlyStopping counter: 18 out of 100
Updating learning rate to 7.976644307687255e-06
0
Training with all the variates.
当前GPU已分配内存：0.023679733276367188 GB
GPU已分配内存的峰值：0.21358823776245117 GB
Epoch: 28 cost time: 2.0286030769348145
Epoch: 28, Steps: 64 | Train Loss: 0.4075727 Vali Loss: 0.2103644 Test Loss: 0.2717177
Validation loss decreased (0.210397 --> 0.210364).  Saving model ...
Updating learning rate to 7.178979876918531e-06
0
Training with all the variates.
当前GPU已分配内存：0.023679733276367188 GB
GPU已分配内存的峰值：0.21358823776245117 GB
Epoch: 29 cost time: 1.9348342418670654
Epoch: 29, Steps: 64 | Train Loss: 0.4074688 Vali Loss: 0.2115062 Test Loss: 0.2718586
EarlyStopping counter: 1 out of 100
Updating learning rate to 6.4610818892266776e-06
0
Training with all the variates.
当前GPU已分配内存：0.023679733276367188 GB
GPU已分配内存的峰值：0.21358823776245117 GB
Epoch: 30 cost time: 1.952387809753418
Epoch: 30, Steps: 64 | Train Loss: 0.4048309 Vali Loss: 0.2101371 Test Loss: 0.2719677
Validation loss decreased (0.210364 --> 0.210137).  Saving model ...
Updating learning rate to 5.8149737003040096e-06
0
Training with all the variates.
当前GPU已分配内存：0.023679733276367188 GB
GPU已分配内存的峰值：0.21358823776245117 GB
Epoch: 31 cost time: 2.0399272441864014
Epoch: 31, Steps: 64 | Train Loss: 0.4064385 Vali Loss: 0.2104445 Test Loss: 0.2721005
EarlyStopping counter: 1 out of 100
Updating learning rate to 5.23347633027361e-06
0
Training with all the variates.
当前GPU已分配内存：0.023679733276367188 GB
GPU已分配内存的峰值：0.21358823776245117 GB
Epoch: 32 cost time: 1.919645071029663
Epoch: 32, Steps: 64 | Train Loss: 0.4065819 Vali Loss: 0.2109293 Test Loss: 0.2718070
EarlyStopping counter: 2 out of 100
Updating learning rate to 4.710128697246249e-06
0
Training with all the variates.
当前GPU已分配内存：0.023679733276367188 GB
GPU已分配内存的峰值：0.21358823776245117 GB
Epoch: 33 cost time: 2.0013680458068848
Epoch: 33, Steps: 64 | Train Loss: 0.4060696 Vali Loss: 0.2103589 Test Loss: 0.2718786
EarlyStopping counter: 3 out of 100
Updating learning rate to 4.239115827521624e-06
0
Training with all the variates.
当前GPU已分配内存：0.023679733276367188 GB
GPU已分配内存的峰值：0.21358823776245117 GB
Epoch: 34 cost time: 2.0274600982666016
Epoch: 34, Steps: 64 | Train Loss: 0.4051048 Vali Loss: 0.2107304 Test Loss: 0.2720275
EarlyStopping counter: 4 out of 100
Updating learning rate to 3.815204244769462e-06
0
Training with all the variates.
当前GPU已分配内存：0.023679733276367188 GB
GPU已分配内存的峰值：0.21358823776245117 GB
Epoch: 35 cost time: 1.9316728115081787
Epoch: 35, Steps: 64 | Train Loss: 0.4059234 Vali Loss: 0.2098166 Test Loss: 0.2719221
Validation loss decreased (0.210137 --> 0.209817).  Saving model ...
Updating learning rate to 3.4336838202925152e-06
0
Training with all the variates.
当前GPU已分配内存：0.023679733276367188 GB
GPU已分配内存的峰值：0.21358823776245117 GB
Epoch: 36 cost time: 2.0756537914276123
Epoch: 36, Steps: 64 | Train Loss: 0.4051901 Vali Loss: 0.2108661 Test Loss: 0.2718404
EarlyStopping counter: 1 out of 100
Updating learning rate to 3.090315438263264e-06
0
Training with all the variates.
当前GPU已分配内存：0.023679733276367188 GB
GPU已分配内存的峰值：0.21358823776245117 GB
Epoch: 37 cost time: 1.9390642642974854
Epoch: 37, Steps: 64 | Train Loss: 0.4056091 Vali Loss: 0.2108526 Test Loss: 0.2718522
EarlyStopping counter: 2 out of 100
Updating learning rate to 2.7812838944369375e-06
0
Training with all the variates.
当前GPU已分配内存：0.023679733276367188 GB
GPU已分配内存的峰值：0.21358823776245117 GB
Epoch: 38 cost time: 1.9319934844970703
Epoch: 38, Steps: 64 | Train Loss: 0.4075090 Vali Loss: 0.2109883 Test Loss: 0.2716392
EarlyStopping counter: 3 out of 100
Updating learning rate to 2.503155504993244e-06
0
Training with all the variates.
当前GPU已分配内存：0.023679733276367188 GB
GPU已分配内存的峰值：0.21358823776245117 GB
Epoch: 39 cost time: 2.013028383255005
Epoch: 39, Steps: 64 | Train Loss: 0.4068703 Vali Loss: 0.2107377 Test Loss: 0.2717295
EarlyStopping counter: 4 out of 100
Updating learning rate to 2.2528399544939195e-06
0
Training with all the variates.
当前GPU已分配内存：0.023679733276367188 GB
GPU已分配内存的峰值：0.21358823776245117 GB
Epoch: 40 cost time: 1.94929838180542
Epoch: 40, Steps: 64 | Train Loss: 0.4055083 Vali Loss: 0.2110800 Test Loss: 0.2717710
EarlyStopping counter: 5 out of 100
Updating learning rate to 2.0275559590445276e-06
0
Training with all the variates.
当前GPU已分配内存：0.023679733276367188 GB
GPU已分配内存的峰值：0.21358823776245117 GB
Epoch: 41 cost time: 1.9473304748535156
Epoch: 41, Steps: 64 | Train Loss: 0.4066722 Vali Loss: 0.2105908 Test Loss: 0.2717906
EarlyStopping counter: 6 out of 100
Updating learning rate to 1.8248003631400751e-06
0
Training with all the variates.
当前GPU已分配内存：0.023679733276367188 GB
GPU已分配内存的峰值：0.21358823776245117 GB
Epoch: 42 cost time: 2.0087594985961914
Epoch: 42, Steps: 64 | Train Loss: 0.4055356 Vali Loss: 0.2096965 Test Loss: 0.2718277
Validation loss decreased (0.209817 --> 0.209697).  Saving model ...
Updating learning rate to 1.6423203268260676e-06
0
Training with all the variates.
当前GPU已分配内存：0.023679733276367188 GB
GPU已分配内存的峰值：0.21358823776245117 GB
Epoch: 43 cost time: 1.944356918334961
Epoch: 43, Steps: 64 | Train Loss: 0.4059010 Vali Loss: 0.2101630 Test Loss: 0.2717568
EarlyStopping counter: 1 out of 100
Updating learning rate to 1.4780882941434609e-06
0
Training with all the variates.
当前GPU已分配内存：0.023679733276367188 GB
GPU已分配内存的峰值：0.21358823776245117 GB
Epoch: 44 cost time: 2.0906152725219727
Epoch: 44, Steps: 64 | Train Loss: 0.4049956 Vali Loss: 0.2121331 Test Loss: 0.2717733
EarlyStopping counter: 2 out of 100
Updating learning rate to 1.3302794647291146e-06
0
Training with all the variates.
当前GPU已分配内存：0.023679733276367188 GB
GPU已分配内存的峰值：0.21358823776245117 GB
Epoch: 45 cost time: 1.9811534881591797
Epoch: 45, Steps: 64 | Train Loss: 0.4068719 Vali Loss: 0.2113366 Test Loss: 0.2718042
EarlyStopping counter: 3 out of 100
Updating learning rate to 1.1972515182562034e-06
0
Training with all the variates.
当前GPU已分配内存：0.023679733276367188 GB
GPU已分配内存的峰值：0.21358823776245117 GB
Epoch: 46 cost time: 1.9328532218933105
Epoch: 46, Steps: 64 | Train Loss: 0.4058382 Vali Loss: 0.2105295 Test Loss: 0.2717609
EarlyStopping counter: 4 out of 100
Updating learning rate to 1.077526366430583e-06
0
Training with all the variates.
当前GPU已分配内存：0.023679733276367188 GB
GPU已分配内存的峰值：0.21358823776245117 GB
Epoch: 47 cost time: 2.050328016281128
Epoch: 47, Steps: 64 | Train Loss: 0.4063877 Vali Loss: 0.2114533 Test Loss: 0.2717757
EarlyStopping counter: 5 out of 100
Updating learning rate to 9.697737297875248e-07
0
Training with all the variates.
当前GPU已分配内存：0.023679733276367188 GB
GPU已分配内存的峰值：0.21358823776245117 GB
Epoch: 48 cost time: 1.9964396953582764
Epoch: 48, Steps: 64 | Train Loss: 0.4062834 Vali Loss: 0.2104841 Test Loss: 0.2718229
EarlyStopping counter: 6 out of 100
Updating learning rate to 8.727963568087723e-07
0
Training with all the variates.
当前GPU已分配内存：0.023679733276367188 GB
GPU已分配内存的峰值：0.21358823776245117 GB
Epoch: 49 cost time: 1.9384346008300781
Epoch: 49, Steps: 64 | Train Loss: 0.4072456 Vali Loss: 0.2109673 Test Loss: 0.2717815
EarlyStopping counter: 7 out of 100
Updating learning rate to 7.855167211278951e-07
0
Training with all the variates.
当前GPU已分配内存：0.023679733276367188 GB
GPU已分配内存的峰值：0.21358823776245117 GB
Epoch: 50 cost time: 2.0390210151672363
Epoch: 50, Steps: 64 | Train Loss: 0.4077282 Vali Loss: 0.2110748 Test Loss: 0.2717820
EarlyStopping counter: 8 out of 100
Updating learning rate to 7.069650490151056e-07
0
Training with all the variates.
当前GPU已分配内存：0.023679733276367188 GB
GPU已分配内存的峰值：0.21358823776245117 GB
Epoch: 51 cost time: 1.9992876052856445
Epoch: 51, Steps: 64 | Train Loss: 0.4064419 Vali Loss: 0.2115285 Test Loss: 0.2718119
EarlyStopping counter: 9 out of 100
Updating learning rate to 6.36268544113595e-07
0
Training with all the variates.
当前GPU已分配内存：0.023679733276367188 GB
GPU已分配内存的峰值：0.21358823776245117 GB
Epoch: 52 cost time: 2.04416561126709
Epoch: 52, Steps: 64 | Train Loss: 0.4062813 Vali Loss: 0.2109479 Test Loss: 0.2717831
EarlyStopping counter: 10 out of 100
Updating learning rate to 5.726416897022355e-07
0
Training with all the variates.
当前GPU已分配内存：0.023679733276367188 GB
GPU已分配内存的峰值：0.21358823776245117 GB
Epoch: 53 cost time: 2.057365894317627
Epoch: 53, Steps: 64 | Train Loss: 0.4060772 Vali Loss: 0.2107974 Test Loss: 0.2718254
EarlyStopping counter: 11 out of 100
Updating learning rate to 5.15377520732012e-07
0
Training with all the variates.
当前GPU已分配内存：0.023679733276367188 GB
GPU已分配内存的峰值：0.21358823776245117 GB
Epoch: 54 cost time: 1.9428651332855225
Epoch: 54, Steps: 64 | Train Loss: 0.4040230 Vali Loss: 0.2109297 Test Loss: 0.2718090
EarlyStopping counter: 12 out of 100
Updating learning rate to 4.6383976865881085e-07
0
Training with all the variates.
当前GPU已分配内存：0.023679733276367188 GB
GPU已分配内存的峰值：0.21358823776245117 GB
Epoch: 55 cost time: 2.056330442428589
Epoch: 55, Steps: 64 | Train Loss: 0.4063266 Vali Loss: 0.2108877 Test Loss: 0.2718193
EarlyStopping counter: 13 out of 100
Updating learning rate to 4.174557917929298e-07
0
Training with all the variates.
当前GPU已分配内存：0.023679733276367188 GB
GPU已分配内存的峰值：0.21358823776245117 GB
Epoch: 56 cost time: 1.9750456809997559
Epoch: 56, Steps: 64 | Train Loss: 0.4065223 Vali Loss: 0.2114067 Test Loss: 0.2718134
EarlyStopping counter: 14 out of 100
Updating learning rate to 3.7571021261363677e-07
0
Training with all the variates.
当前GPU已分配内存：0.023679733276367188 GB
GPU已分配内存的峰值：0.21358823776245117 GB
Epoch: 57 cost time: 1.9310286045074463
Epoch: 57, Steps: 64 | Train Loss: 0.4061305 Vali Loss: 0.2109256 Test Loss: 0.2718261
EarlyStopping counter: 15 out of 100
Updating learning rate to 3.381391913522731e-07
0
Training with all the variates.
当前GPU已分配内存：0.023679733276367188 GB
GPU已分配内存的峰值：0.21358823776245117 GB
Epoch: 58 cost time: 2.0321877002716064
Epoch: 58, Steps: 64 | Train Loss: 0.4057891 Vali Loss: 0.2096882 Test Loss: 0.2717787
Validation loss decreased (0.209697 --> 0.209688).  Saving model ...
Updating learning rate to 3.043252722170458e-07
0
Training with all the variates.
当前GPU已分配内存：0.023679733276367188 GB
GPU已分配内存的峰值：0.21358823776245117 GB
Epoch: 59 cost time: 2.012394666671753
Epoch: 59, Steps: 64 | Train Loss: 0.4050719 Vali Loss: 0.2102375 Test Loss: 0.2717799
EarlyStopping counter: 1 out of 100
Updating learning rate to 2.7389274499534124e-07
0
Training with all the variates.
当前GPU已分配内存：0.023679733276367188 GB
GPU已分配内存的峰值：0.21358823776245117 GB
Epoch: 60 cost time: 1.9731669425964355
Epoch: 60, Steps: 64 | Train Loss: 0.4060966 Vali Loss: 0.2104194 Test Loss: 0.2717761
EarlyStopping counter: 2 out of 100
Updating learning rate to 2.465034704958071e-07
>>>>>>>testing : ETTh2_336_96_PerioDformer_ETTh2_ftM_sl336_ll48_pl96_dm16_nh4_el1_dl1_df16_fc1_ebtimeF_dtTrue_Exp_3_24_2_32_32__exp2_dim24_0_0<<<<<<<<<<<<<<<<<<<<<<<<<<<<<<<<<
test 2785
test-mse:0.2717787027359009, mae:0.335964560508728, rse:0.4190557301044464
