Args in experiment:
Namespace(random_seed=2021, is_training=1, model_id='336_96', model='PatchTST', data='ETTh1', root_path='./dataset/', data_path='ETTh1.csv', features='M', target='OT', freq='h', checkpoints='./checkpoints/', seq_len=336, label_len=48, pred_len=96, fc_dropout=0.3, head_dropout=0.0, patch_len=16, stride=8, padding_patch='end', revin=1, affine=0, subtract_last=0, decomposition=0, kernel_size=25, individual=0, w=1, C=24, mlp_num=1, d_model2=16, d_ff2=128, experiment=2, dimension=16, percent=0, embed_type=0, enc_in=7, dec_in=7, c_out=7, d_model=16, n_heads=4, e_layers=3, d_layers=1, d_ff=128, moving_avg=25, factor=1, distil=True, dropout=0.3, embed='timeF', activation='gelu', output_attention=False, do_predict=False, num_workers=0, itr=1, train_epochs=60, batch_size=128, patience=100, learning_rate=0.0001, des='Exp', loss='mse', lradj='type3', pct_start=0.3, use_amp=False, use_gpu=True, gpu=0, use_multi_gpu=False, devices='0,1,2,3', test_flop=False)
Use GPU: cuda:0
>>>>>>>start training : 336_96_PatchTST_ETTh1_ftM_sl336_ll48_pl96_dm16_nh4_el3_dl1_df128_fc1_ebtimeF_dtTrue_Exp_1_24_1_16_128__exp2_dim16_0_0>>>>>>>>>>>>>>>>>>>>>>>>>>
train 8209
val 2785
test 2785
0
Training with all the variates.
当前GPU已分配内存：0.02079153060913086 GB
GPU已分配内存的峰值：0.33296823501586914 GB
Epoch: 1 cost time: 2.8672871589660645
Epoch: 1, Steps: 64 | Train Loss: 0.7411553 Vali Loss: 1.4724039 Test Loss: 0.8135909
Validation loss decreased (inf --> 1.472404).  Saving model ...
Updating learning rate to 0.0001
0
Training with all the variates.
当前GPU已分配内存：0.02079153060913086 GB
GPU已分配内存的峰值：0.3425583839416504 GB
Epoch: 2 cost time: 1.5351226329803467
Epoch: 2, Steps: 64 | Train Loss: 0.5742588 Vali Loss: 0.8928653 Test Loss: 0.4752078
Validation loss decreased (1.472404 --> 0.892865).  Saving model ...
Updating learning rate to 0.0001
0
Training with all the variates.
当前GPU已分配内存：0.02079153060913086 GB
GPU已分配内存的峰值：0.3425583839416504 GB
Epoch: 3 cost time: 1.5400331020355225
Epoch: 3, Steps: 64 | Train Loss: 0.4583285 Vali Loss: 0.7673662 Test Loss: 0.4291684
Validation loss decreased (0.892865 --> 0.767366).  Saving model ...
Updating learning rate to 0.0001
0
Training with all the variates.
当前GPU已分配内存：0.02079153060913086 GB
GPU已分配内存的峰值：0.3425583839416504 GB
Epoch: 4 cost time: 1.5341691970825195
Epoch: 4, Steps: 64 | Train Loss: 0.4204277 Vali Loss: 0.7254059 Test Loss: 0.4124958
Validation loss decreased (0.767366 --> 0.725406).  Saving model ...
Updating learning rate to 9e-05
0
Training with all the variates.
当前GPU已分配内存：0.02079153060913086 GB
GPU已分配内存的峰值：0.3425583839416504 GB
