Args in experiment:
Namespace(random_seed=2024, is_training=1, model_id='ETTh2_336_192', model='PerioDformer', data='ETTh2', root_path='./dataset/', data_path='ETTh2.csv', features='M', target='OT', freq='h', checkpoints='./checkpoints/', seq_len=336, label_len=48, pred_len=192, fc_dropout=0.3, head_dropout=0.0, patch_len=16, stride=8, padding_patch='end', revin=1, affine=0, subtract_last=0, decomposition=0, kernel_size=25, individual=0, w=3, C=24, mlp_num=1, d_model2=32, d_ff2=32, experiment=2, dimension=24, percent=0, embed_type=0, enc_in=7, dec_in=7, c_out=7, d_model=16, n_heads=4, e_layers=1, d_layers=1, d_ff=16, moving_avg=25, factor=1, distil=True, dropout=0.3, embed='timeF', activation='gelu', output_attention=False, do_predict=False, num_workers=0, itr=1, train_epochs=60, batch_size=128, patience=100, learning_rate=0.0001, des='Exp', loss='mse', lradj='type3', pct_start=0.3, use_amp=False, use_gpu=True, gpu=0, use_multi_gpu=False, devices='0,1,2,3', test_flop=False)
Use GPU: cuda:0
>>>>>>>start training : ETTh2_336_192_PerioDformer_ETTh2_ftM_sl336_ll48_pl192_dm16_nh4_el1_dl1_df16_fc1_ebtimeF_dtTrue_Exp_3_24_1_32_32__exp2_dim24_0_0>>>>>>>>>>>>>>>>>>>>>>>>>>
train 8113
val 2689
test 2689
0
Training with all the variates.
当前GPU已分配内存：0.021474838256835938 GB
GPU已分配内存的峰值：0.18292665481567383 GB
Epoch: 1 cost time: 2.5083389282226562
Epoch: 1, Steps: 63 | Train Loss: 0.6728475 Vali Loss: 0.3998654 Test Loss: 0.4127687
Validation loss decreased (inf --> 0.399865).  Saving model ...
Updating learning rate to 0.0001
0
Training with all the variates.
当前GPU已分配内存：0.021474838256835938 GB
GPU已分配内存的峰值：0.18312883377075195 GB
Epoch: 2 cost time: 1.173259973526001
Epoch: 2, Steps: 63 | Train Loss: 0.6373621 Vali Loss: 0.3436376 Test Loss: 0.3911629
Validation loss decreased (0.399865 --> 0.343638).  Saving model ...
Updating learning rate to 0.0001
0
Training with all the variates.
当前GPU已分配内存：0.021474838256835938 GB
GPU已分配内存的峰值：0.18312883377075195 GB
Epoch: 3 cost time: 1.194702386856079
Epoch: 3, Steps: 63 | Train Loss: 0.5929954 Vali Loss: 0.3180717 Test Loss: 0.3780411
Validation loss decreased (0.343638 --> 0.318072).  Saving model ...
Updating learning rate to 0.0001
0
Training with all the variates.
当前GPU已分配内存：0.021474838256835938 GB
GPU已分配内存的峰值：0.18312883377075195 GB
Epoch: 4 cost time: 1.5893051624298096
Epoch: 4, Steps: 63 | Train Loss: 0.5688143 Vali Loss: 0.3045372 Test Loss: 0.3666603
Validation loss decreased (0.318072 --> 0.304537).  Saving model ...
Updating learning rate to 9e-05
0
Training with all the variates.
当前GPU已分配内存：0.021474838256835938 GB
GPU已分配内存的峰值：0.18312883377075195 GB
Epoch: 5 cost time: 1.622159719467163
Epoch: 5, Steps: 63 | Train Loss: 0.5532545 Vali Loss: 0.2954178 Test Loss: 0.3593517
Validation loss decreased (0.304537 --> 0.295418).  Saving model ...
Updating learning rate to 8.1e-05
0
Training with all the variates.
当前GPU已分配内存：0.021474838256835938 GB
GPU已分配内存的峰值：0.18312883377075195 GB
Epoch: 6 cost time: 1.5986058712005615
Epoch: 6, Steps: 63 | Train Loss: 0.5432227 Vali Loss: 0.2895223 Test Loss: 0.3539593
Validation loss decreased (0.295418 --> 0.289522).  Saving model ...
Updating learning rate to 7.290000000000001e-05
0
Training with all the variates.
当前GPU已分配内存：0.021474838256835938 GB
GPU已分配内存的峰值：0.18312883377075195 GB
Epoch: 7 cost time: 1.705589771270752
Epoch: 7, Steps: 63 | Train Loss: 0.5361538 Vali Loss: 0.2851330 Test Loss: 0.3500622
Validation loss decreased (0.289522 --> 0.285133).  Saving model ...
Updating learning rate to 6.561e-05
0
Training with all the variates.
当前GPU已分配内存：0.021474838256835938 GB
GPU已分配内存的峰值：0.18312883377075195 GB
